ERROR - 2022-12-01 00:33:05 --> mysqli_sql_exception: Column 'usuario' cannot be null in C:\xampp\htdocs\TramucaCode\system\Database\MySQLi\Connection.php:292
Stack trace:
#0 C:\xampp\htdocs\TramucaCode\system\Database\MySQLi\Connection.php(292): mysqli->query('INSERT INTO `us...', 0)
#1 C:\xampp\htdocs\TramucaCode\system\Database\BaseConnection.php(666): CodeIgniter\Database\MySQLi\Connection->execute('INSERT INTO `us...')
#2 C:\xampp\htdocs\TramucaCode\system\Database\BaseConnection.php(593): CodeIgniter\Database\BaseConnection->simpleQuery('INSERT INTO `us...')
#3 C:\xampp\htdocs\TramucaCode\system\Database\BaseBuilder.php(1916): CodeIgniter\Database\BaseConnection->query('INSERT INTO `us...', Array, false)
#4 C:\xampp\htdocs\TramucaCode\system\Model.php(279): CodeIgniter\Database\BaseBuilder->insert()
#5 C:\xampp\htdocs\TramucaCode\system\BaseModel.php(749): CodeIgniter\Model->doInsert(Array)
#6 C:\xampp\htdocs\TramucaCode\system\Model.php(667): CodeIgniter\BaseModel->insert(Array, true)
#7 C:\xampp\htdocs\TramucaCode\app\Controllers\AdminUsuController.php(29): CodeIgniter\Model->insert(Array)
#8 C:\xampp\htdocs\TramucaCode\system\CodeIgniter.php(928): App\Controllers\AdminUsuController->guardar()
#9 C:\xampp\htdocs\TramucaCode\system\CodeIgniter.php(482): CodeIgniter\CodeIgniter->runController(Object(App\Controllers\AdminUsuController))
#10 C:\xampp\htdocs\TramucaCode\system\CodeIgniter.php(351): CodeIgniter\CodeIgniter->handleRequest(NULL, Object(Config\Cache), false)
#11 C:\xampp\htdocs\TramucaCode\public\index.php(67): CodeIgniter\CodeIgniter->run()
#12 C:\xampp\htdocs\TramucaCode\system\Commands\Server\rewrite.php(46): require_once('C:\\xampp\\htdocs...')
#13 {main}
CRITICAL - 2022-12-01 00:33:05 --> Column 'usuario' cannot be null
in SYSTEMPATH\Database\MySQLi\Connection.php on line 292.
 1 SYSTEMPATH\Database\MySQLi\Connection.php(292): mysqli->query('INSERT INTO `usuario` (`nombre`, `apellidos`, `usuario`, `contra`, `area`, `estado`, `idcargo`) VALUES (\'Julio\', \'Arias\', NULL, \'jjjhj\', \'Sistemas\', \'Activo\', \'2\')', 0)
 2 SYSTEMPATH\Database\BaseConnection.php(666): CodeIgniter\Database\MySQLi\Connection->execute('INSERT INTO `usuario` (`nombre`, `apellidos`, `usuario`, `contra`, `area`, `estado`, `idcargo`) VALUES (\'Julio\', \'Arias\', NULL, \'jjjhj\', \'Sistemas\', \'Activo\', \'2\')')
 3 SYSTEMPATH\Database\BaseConnection.php(593): CodeIgniter\Database\BaseConnection->simpleQuery('INSERT INTO `usuario` (`nombre`, `apellidos`, `usuario`, `contra`, `area`, `estado`, `idcargo`) VALUES (\'Julio\', \'Arias\', NULL, \'jjjhj\', \'Sistemas\', \'Activo\', \'2\')')
 4 SYSTEMPATH\Database\BaseBuilder.php(1916): CodeIgniter\Database\BaseConnection->query('INSERT INTO `usuario` (`nombre`, `apellidos`, `usuario`, `contra`, `area`, `estado`, `idcargo`) VALUES (:nombre:, :apellidos:, :usuario:, :contra:, :area:, :estado:, :idcargo:)', [...], false)
 5 SYSTEMPATH\Model.php(279): CodeIgniter\Database\BaseBuilder->insert()
 6 SYSTEMPATH\BaseModel.php(749): CodeIgniter\Model->doInsert([...])
 7 SYSTEMPATH\Model.php(667): CodeIgniter\BaseModel->insert([...], true)
 8 APPPATH\Controllers\AdminUsuController.php(29): CodeIgniter\Model->insert([...])
 9 SYSTEMPATH\CodeIgniter.php(928): App\Controllers\AdminUsuController->guardar()
10 SYSTEMPATH\CodeIgniter.php(482): CodeIgniter\CodeIgniter->runController(Object(App\Controllers\AdminUsuController))
11 SYSTEMPATH\CodeIgniter.php(351): CodeIgniter\CodeIgniter->handleRequest(null, Object(Config\Cache), false)
12 FCPATH\index.php(67): CodeIgniter\CodeIgniter->run()
13 SYSTEMPATH\Commands\Server\rewrite.php(46): require_once('FCPATH\\index.php')
CRITICAL - 2022-12-01 00:34:47 --> Undefined array key "con"
in APPPATH\Controllers\AdminUsuController.php on line 17.
 1 APPPATH\Controllers\AdminUsuController.php(17): CodeIgniter\Debug\Exceptions->errorHandler(2, 'Undefined array key "con"', 'APPPATH\\Controllers\\AdminUsuController.php', 17)
 2 SYSTEMPATH\CodeIgniter.php(928): App\Controllers\AdminUsuController->guardar()
 3 SYSTEMPATH\CodeIgniter.php(482): CodeIgniter\CodeIgniter->runController(Object(App\Controllers\AdminUsuController))
 4 SYSTEMPATH\CodeIgniter.php(351): CodeIgniter\CodeIgniter->handleRequest(null, Object(Config\Cache), false)
 5 FCPATH\index.php(67): CodeIgniter\CodeIgniter->run()
 6 SYSTEMPATH\Commands\Server\rewrite.php(46): require_once('FCPATH\\index.php')
CRITICAL - 2022-12-01 00:35:23 --> Undefined array key "con"
in APPPATH\Controllers\AdminUsuController.php on line 16.
 1 APPPATH\Controllers\AdminUsuController.php(16): CodeIgniter\Debug\Exceptions->errorHandler(2, 'Undefined array key "con"', 'APPPATH\\Controllers\\AdminUsuController.php', 16)
 2 SYSTEMPATH\CodeIgniter.php(928): App\Controllers\AdminUsuController->guardar()
 3 SYSTEMPATH\CodeIgniter.php(482): CodeIgniter\CodeIgniter->runController(Object(App\Controllers\AdminUsuController))
 4 SYSTEMPATH\CodeIgniter.php(351): CodeIgniter\CodeIgniter->handleRequest(null, Object(Config\Cache), false)
 5 FCPATH\index.php(67): CodeIgniter\CodeIgniter->run()
 6 SYSTEMPATH\Commands\Server\rewrite.php(46): require_once('FCPATH\\index.php')
ERROR - 2022-12-01 00:36:46 --> mysqli_sql_exception: Column 'nombre' cannot be null in C:\xampp\htdocs\TramucaCode\system\Database\MySQLi\Connection.php:292
Stack trace:
#0 C:\xampp\htdocs\TramucaCode\system\Database\MySQLi\Connection.php(292): mysqli->query('INSERT INTO `us...', 0)
#1 C:\xampp\htdocs\TramucaCode\system\Database\BaseConnection.php(666): CodeIgniter\Database\MySQLi\Connection->execute('INSERT INTO `us...')
#2 C:\xampp\htdocs\TramucaCode\system\Database\BaseConnection.php(593): CodeIgniter\Database\BaseConnection->simpleQuery('INSERT INTO `us...')
#3 C:\xampp\htdocs\TramucaCode\system\Database\BaseBuilder.php(1916): CodeIgniter\Database\BaseConnection->query('INSERT INTO `us...', Array, false)
#4 C:\xampp\htdocs\TramucaCode\system\Model.php(279): CodeIgniter\Database\BaseBuilder->insert()
#5 C:\xampp\htdocs\TramucaCode\system\BaseModel.php(749): CodeIgniter\Model->doInsert(Array)
#6 C:\xampp\htdocs\TramucaCode\system\Model.php(667): CodeIgniter\BaseModel->insert(Array, true)
#7 C:\xampp\htdocs\TramucaCode\app\Controllers\AdminUsuController.php(30): CodeIgniter\Model->insert(Array)
#8 C:\xampp\htdocs\TramucaCode\system\CodeIgniter.php(928): App\Controllers\AdminUsuController->guardar()
#9 C:\xampp\htdocs\TramucaCode\system\CodeIgniter.php(482): CodeIgniter\CodeIgniter->runController(Object(App\Controllers\AdminUsuController))
#10 C:\xampp\htdocs\TramucaCode\system\CodeIgniter.php(351): CodeIgniter\CodeIgniter->handleRequest(NULL, Object(Config\Cache), false)
#11 C:\xampp\htdocs\TramucaCode\public\index.php(67): CodeIgniter\CodeIgniter->run()
#12 C:\xampp\htdocs\TramucaCode\system\Commands\Server\rewrite.php(46): require_once('C:\\xampp\\htdocs...')
#13 {main}
CRITICAL - 2022-12-01 00:36:46 --> Column 'nombre' cannot be null
in SYSTEMPATH\Database\MySQLi\Connection.php on line 292.
 1 SYSTEMPATH\Database\MySQLi\Connection.php(292): mysqli->query('INSERT INTO `usuario` (`nombre`, `apellidos`, `usuario`, `contra`, `area`, `estado`, `idcargo`) VALUES (NULL, NULL, NULL, NULL, NULL, NULL, NULL)', 0)
 2 SYSTEMPATH\Database\BaseConnection.php(666): CodeIgniter\Database\MySQLi\Connection->execute('INSERT INTO `usuario` (`nombre`, `apellidos`, `usuario`, `contra`, `area`, `estado`, `idcargo`) VALUES (NULL, NULL, NULL, NULL, NULL, NULL, NULL)')
 3 SYSTEMPATH\Database\BaseConnection.php(593): CodeIgniter\Database\BaseConnection->simpleQuery('INSERT INTO `usuario` (`nombre`, `apellidos`, `usuario`, `contra`, `area`, `estado`, `idcargo`) VALUES (NULL, NULL, NULL, NULL, NULL, NULL, NULL)')
 4 SYSTEMPATH\Database\BaseBuilder.php(1916): CodeIgniter\Database\BaseConnection->query('INSERT INTO `usuario` (`nombre`, `apellidos`, `usuario`, `contra`, `area`, `estado`, `idcargo`) VALUES (:nombre:, :apellidos:, :usuario:, :contra:, :area:, :estado:, :idcargo:)', [...], false)
 5 SYSTEMPATH\Model.php(279): CodeIgniter\Database\BaseBuilder->insert()
 6 SYSTEMPATH\BaseModel.php(749): CodeIgniter\Model->doInsert([...])
 7 SYSTEMPATH\Model.php(667): CodeIgniter\BaseModel->insert([...], true)
 8 APPPATH\Controllers\AdminUsuController.php(30): CodeIgniter\Model->insert([...])
 9 SYSTEMPATH\CodeIgniter.php(928): App\Controllers\AdminUsuController->guardar()
10 SYSTEMPATH\CodeIgniter.php(482): CodeIgniter\CodeIgniter->runController(Object(App\Controllers\AdminUsuController))
11 SYSTEMPATH\CodeIgniter.php(351): CodeIgniter\CodeIgniter->handleRequest(null, Object(Config\Cache), false)
12 FCPATH\index.php(67): CodeIgniter\CodeIgniter->run()
13 SYSTEMPATH\Commands\Server\rewrite.php(46): require_once('FCPATH\\index.php')
ERROR - 2022-12-01 00:36:48 --> mysqli_sql_exception: Column 'nombre' cannot be null in C:\xampp\htdocs\TramucaCode\system\Database\MySQLi\Connection.php:292
Stack trace:
#0 C:\xampp\htdocs\TramucaCode\system\Database\MySQLi\Connection.php(292): mysqli->query('INSERT INTO `us...', 0)
#1 C:\xampp\htdocs\TramucaCode\system\Database\BaseConnection.php(666): CodeIgniter\Database\MySQLi\Connection->execute('INSERT INTO `us...')
#2 C:\xampp\htdocs\TramucaCode\system\Database\BaseConnection.php(593): CodeIgniter\Database\BaseConnection->simpleQuery('INSERT INTO `us...')
#3 C:\xampp\htdocs\TramucaCode\system\Database\BaseBuilder.php(1916): CodeIgniter\Database\BaseConnection->query('INSERT INTO `us...', Array, false)
#4 C:\xampp\htdocs\TramucaCode\system\Model.php(279): CodeIgniter\Database\BaseBuilder->insert()
#5 C:\xampp\htdocs\TramucaCode\system\BaseModel.php(749): CodeIgniter\Model->doInsert(Array)
#6 C:\xampp\htdocs\TramucaCode\system\Model.php(667): CodeIgniter\BaseModel->insert(Array, true)
#7 C:\xampp\htdocs\TramucaCode\app\Controllers\AdminUsuController.php(30): CodeIgniter\Model->insert(Array)
#8 C:\xampp\htdocs\TramucaCode\system\CodeIgniter.php(928): App\Controllers\AdminUsuController->guardar()
#9 C:\xampp\htdocs\TramucaCode\system\CodeIgniter.php(482): CodeIgniter\CodeIgniter->runController(Object(App\Controllers\AdminUsuController))
#10 C:\xampp\htdocs\TramucaCode\system\CodeIgniter.php(351): CodeIgniter\CodeIgniter->handleRequest(NULL, Object(Config\Cache), false)
#11 C:\xampp\htdocs\TramucaCode\public\index.php(67): CodeIgniter\CodeIgniter->run()
#12 C:\xampp\htdocs\TramucaCode\system\Commands\Server\rewrite.php(46): require_once('C:\\xampp\\htdocs...')
#13 {main}
CRITICAL - 2022-12-01 00:36:48 --> Column 'nombre' cannot be null
in SYSTEMPATH\Database\MySQLi\Connection.php on line 292.
 1 SYSTEMPATH\Database\MySQLi\Connection.php(292): mysqli->query('INSERT INTO `usuario` (`nombre`, `apellidos`, `usuario`, `contra`, `area`, `estado`, `idcargo`) VALUES (NULL, NULL, NULL, NULL, NULL, NULL, NULL)', 0)
 2 SYSTEMPATH\Database\BaseConnection.php(666): CodeIgniter\Database\MySQLi\Connection->execute('INSERT INTO `usuario` (`nombre`, `apellidos`, `usuario`, `contra`, `area`, `estado`, `idcargo`) VALUES (NULL, NULL, NULL, NULL, NULL, NULL, NULL)')
 3 SYSTEMPATH\Database\BaseConnection.php(593): CodeIgniter\Database\BaseConnection->simpleQuery('INSERT INTO `usuario` (`nombre`, `apellidos`, `usuario`, `contra`, `area`, `estado`, `idcargo`) VALUES (NULL, NULL, NULL, NULL, NULL, NULL, NULL)')
 4 SYSTEMPATH\Database\BaseBuilder.php(1916): CodeIgniter\Database\BaseConnection->query('INSERT INTO `usuario` (`nombre`, `apellidos`, `usuario`, `contra`, `area`, `estado`, `idcargo`) VALUES (:nombre:, :apellidos:, :usuario:, :contra:, :area:, :estado:, :idcargo:)', [...], false)
 5 SYSTEMPATH\Model.php(279): CodeIgniter\Database\BaseBuilder->insert()
 6 SYSTEMPATH\BaseModel.php(749): CodeIgniter\Model->doInsert([...])
 7 SYSTEMPATH\Model.php(667): CodeIgniter\BaseModel->insert([...], true)
 8 APPPATH\Controllers\AdminUsuController.php(30): CodeIgniter\Model->insert([...])
 9 SYSTEMPATH\CodeIgniter.php(928): App\Controllers\AdminUsuController->guardar()
10 SYSTEMPATH\CodeIgniter.php(482): CodeIgniter\CodeIgniter->runController(Object(App\Controllers\AdminUsuController))
11 SYSTEMPATH\CodeIgniter.php(351): CodeIgniter\CodeIgniter->handleRequest(null, Object(Config\Cache), false)
12 FCPATH\index.php(67): CodeIgniter\CodeIgniter->run()
13 SYSTEMPATH\Commands\Server\rewrite.php(46): require_once('FCPATH\\index.php')
ERROR - 2022-12-01 00:38:18 --> mysqli_sql_exception: Column 'nombre' cannot be null in C:\xampp\htdocs\TramucaCode\system\Database\MySQLi\Connection.php:292
Stack trace:
#0 C:\xampp\htdocs\TramucaCode\system\Database\MySQLi\Connection.php(292): mysqli->query('INSERT INTO `us...', 0)
#1 C:\xampp\htdocs\TramucaCode\system\Database\BaseConnection.php(666): CodeIgniter\Database\MySQLi\Connection->execute('INSERT INTO `us...')
#2 C:\xampp\htdocs\TramucaCode\system\Database\BaseConnection.php(593): CodeIgniter\Database\BaseConnection->simpleQuery('INSERT INTO `us...')
#3 C:\xampp\htdocs\TramucaCode\system\Database\BaseBuilder.php(1916): CodeIgniter\Database\BaseConnection->query('INSERT INTO `us...', Array, false)
#4 C:\xampp\htdocs\TramucaCode\system\Model.php(279): CodeIgniter\Database\BaseBuilder->insert()
#5 C:\xampp\htdocs\TramucaCode\system\BaseModel.php(749): CodeIgniter\Model->doInsert(Array)
#6 C:\xampp\htdocs\TramucaCode\system\Model.php(667): CodeIgniter\BaseModel->insert(Array, true)
#7 C:\xampp\htdocs\TramucaCode\app\Controllers\AdminUsuController.php(30): CodeIgniter\Model->insert(Array)
#8 C:\xampp\htdocs\TramucaCode\system\CodeIgniter.php(928): App\Controllers\AdminUsuController->guardar()
#9 C:\xampp\htdocs\TramucaCode\system\CodeIgniter.php(482): CodeIgniter\CodeIgniter->runController(Object(App\Controllers\AdminUsuController))
#10 C:\xampp\htdocs\TramucaCode\system\CodeIgniter.php(351): CodeIgniter\CodeIgniter->handleRequest(NULL, Object(Config\Cache), false)
#11 C:\xampp\htdocs\TramucaCode\public\index.php(67): CodeIgniter\CodeIgniter->run()
#12 C:\xampp\htdocs\TramucaCode\system\Commands\Server\rewrite.php(46): require_once('C:\\xampp\\htdocs...')
#13 {main}
CRITICAL - 2022-12-01 00:38:18 --> Column 'nombre' cannot be null
in SYSTEMPATH\Database\MySQLi\Connection.php on line 292.
 1 SYSTEMPATH\Database\MySQLi\Connection.php(292): mysqli->query('INSERT INTO `usuario` (`nombre`, `apellidos`, `usuario`, `contra`, `area`, `estado`, `idcargo`) VALUES (NULL, NULL, NULL, NULL, NULL, NULL, NULL)', 0)
 2 SYSTEMPATH\Database\BaseConnection.php(666): CodeIgniter\Database\MySQLi\Connection->execute('INSERT INTO `usuario` (`nombre`, `apellidos`, `usuario`, `contra`, `area`, `estado`, `idcargo`) VALUES (NULL, NULL, NULL, NULL, NULL, NULL, NULL)')
 3 SYSTEMPATH\Database\BaseConnection.php(593): CodeIgniter\Database\BaseConnection->simpleQuery('INSERT INTO `usuario` (`nombre`, `apellidos`, `usuario`, `contra`, `area`, `estado`, `idcargo`) VALUES (NULL, NULL, NULL, NULL, NULL, NULL, NULL)')
 4 SYSTEMPATH\Database\BaseBuilder.php(1916): CodeIgniter\Database\BaseConnection->query('INSERT INTO `usuario` (`nombre`, `apellidos`, `usuario`, `contra`, `area`, `estado`, `idcargo`) VALUES (:nombre:, :apellidos:, :usuario:, :contra:, :area:, :estado:, :idcargo:)', [...], false)
 5 SYSTEMPATH\Model.php(279): CodeIgniter\Database\BaseBuilder->insert()
 6 SYSTEMPATH\BaseModel.php(749): CodeIgniter\Model->doInsert([...])
 7 SYSTEMPATH\Model.php(667): CodeIgniter\BaseModel->insert([...], true)
 8 APPPATH\Controllers\AdminUsuController.php(30): CodeIgniter\Model->insert([...])
 9 SYSTEMPATH\CodeIgniter.php(928): App\Controllers\AdminUsuController->guardar()
10 SYSTEMPATH\CodeIgniter.php(482): CodeIgniter\CodeIgniter->runController(Object(App\Controllers\AdminUsuController))
11 SYSTEMPATH\CodeIgniter.php(351): CodeIgniter\CodeIgniter->handleRequest(null, Object(Config\Cache), false)
12 FCPATH\index.php(67): CodeIgniter\CodeIgniter->run()
13 SYSTEMPATH\Commands\Server\rewrite.php(46): require_once('FCPATH\\index.php')
ERROR - 2022-12-01 00:38:34 --> mysqli_sql_exception: Column 'contra' cannot be null in C:\xampp\htdocs\TramucaCode\system\Database\MySQLi\Connection.php:292
Stack trace:
#0 C:\xampp\htdocs\TramucaCode\system\Database\MySQLi\Connection.php(292): mysqli->query('INSERT INTO `us...', 0)
#1 C:\xampp\htdocs\TramucaCode\system\Database\BaseConnection.php(666): CodeIgniter\Database\MySQLi\Connection->execute('INSERT INTO `us...')
#2 C:\xampp\htdocs\TramucaCode\system\Database\BaseConnection.php(593): CodeIgniter\Database\BaseConnection->simpleQuery('INSERT INTO `us...')
#3 C:\xampp\htdocs\TramucaCode\system\Database\BaseBuilder.php(1916): CodeIgniter\Database\BaseConnection->query('INSERT INTO `us...', Array, false)
#4 C:\xampp\htdocs\TramucaCode\system\Model.php(279): CodeIgniter\Database\BaseBuilder->insert()
#5 C:\xampp\htdocs\TramucaCode\system\BaseModel.php(749): CodeIgniter\Model->doInsert(Array)
#6 C:\xampp\htdocs\TramucaCode\system\Model.php(667): CodeIgniter\BaseModel->insert(Array, true)
#7 C:\xampp\htdocs\TramucaCode\app\Controllers\AdminUsuController.php(30): CodeIgniter\Model->insert(Array)
#8 C:\xampp\htdocs\TramucaCode\system\CodeIgniter.php(928): App\Controllers\AdminUsuController->guardar()
#9 C:\xampp\htdocs\TramucaCode\system\CodeIgniter.php(482): CodeIgniter\CodeIgniter->runController(Object(App\Controllers\AdminUsuController))
#10 C:\xampp\htdocs\TramucaCode\system\CodeIgniter.php(351): CodeIgniter\CodeIgniter->handleRequest(NULL, Object(Config\Cache), false)
#11 C:\xampp\htdocs\TramucaCode\public\index.php(67): CodeIgniter\CodeIgniter->run()
#12 C:\xampp\htdocs\TramucaCode\system\Commands\Server\rewrite.php(46): require_once('C:\\xampp\\htdocs...')
#13 {main}
CRITICAL - 2022-12-01 00:38:34 --> Column 'contra' cannot be null
in SYSTEMPATH\Database\MySQLi\Connection.php on line 292.
 1 SYSTEMPATH\Database\MySQLi\Connection.php(292): mysqli->query('INSERT INTO `usuario` (`nombre`, `apellidos`, `usuario`, `contra`, `area`, `estado`, `idcargo`) VALUES (\'Julio\', \'Arias\', \'Jarias\', NULL, \'Sistemas\', \'Activo\', \'2\')', 0)
 2 SYSTEMPATH\Database\BaseConnection.php(666): CodeIgniter\Database\MySQLi\Connection->execute('INSERT INTO `usuario` (`nombre`, `apellidos`, `usuario`, `contra`, `area`, `estado`, `idcargo`) VALUES (\'Julio\', \'Arias\', \'Jarias\', NULL, \'Sistemas\', \'Activo\', \'2\')')
 3 SYSTEMPATH\Database\BaseConnection.php(593): CodeIgniter\Database\BaseConnection->simpleQuery('INSERT INTO `usuario` (`nombre`, `apellidos`, `usuario`, `contra`, `area`, `estado`, `idcargo`) VALUES (\'Julio\', \'Arias\', \'Jarias\', NULL, \'Sistemas\', \'Activo\', \'2\')')
 4 SYSTEMPATH\Database\BaseBuilder.php(1916): CodeIgniter\Database\BaseConnection->query('INSERT INTO `usuario` (`nombre`, `apellidos`, `usuario`, `contra`, `area`, `estado`, `idcargo`) VALUES (:nombre:, :apellidos:, :usuario:, :contra:, :area:, :estado:, :idcargo:)', [...], false)
 5 SYSTEMPATH\Model.php(279): CodeIgniter\Database\BaseBuilder->insert()
 6 SYSTEMPATH\BaseModel.php(749): CodeIgniter\Model->doInsert([...])
 7 SYSTEMPATH\Model.php(667): CodeIgniter\BaseModel->insert([...], true)
 8 APPPATH\Controllers\AdminUsuController.php(30): CodeIgniter\Model->insert([...])
 9 SYSTEMPATH\CodeIgniter.php(928): App\Controllers\AdminUsuController->guardar()
10 SYSTEMPATH\CodeIgniter.php(482): CodeIgniter\CodeIgniter->runController(Object(App\Controllers\AdminUsuController))
11 SYSTEMPATH\CodeIgniter.php(351): CodeIgniter\CodeIgniter->handleRequest(null, Object(Config\Cache), false)
12 FCPATH\index.php(67): CodeIgniter\CodeIgniter->run()
13 SYSTEMPATH\Commands\Server\rewrite.php(46): require_once('FCPATH\\index.php')
ERROR - 2022-12-01 00:39:46 --> mysqli_sql_exception: Column 'nombre' cannot be null in C:\xampp\htdocs\TramucaCode\system\Database\MySQLi\Connection.php:292
Stack trace:
#0 C:\xampp\htdocs\TramucaCode\system\Database\MySQLi\Connection.php(292): mysqli->query('INSERT INTO `us...', 0)
#1 C:\xampp\htdocs\TramucaCode\system\Database\BaseConnection.php(666): CodeIgniter\Database\MySQLi\Connection->execute('INSERT INTO `us...')
#2 C:\xampp\htdocs\TramucaCode\system\Database\BaseConnection.php(593): CodeIgniter\Database\BaseConnection->simpleQuery('INSERT INTO `us...')
#3 C:\xampp\htdocs\TramucaCode\system\Database\BaseBuilder.php(1916): CodeIgniter\Database\BaseConnection->query('INSERT INTO `us...', Array, false)
#4 C:\xampp\htdocs\TramucaCode\system\Model.php(279): CodeIgniter\Database\BaseBuilder->insert()
#5 C:\xampp\htdocs\TramucaCode\system\BaseModel.php(749): CodeIgniter\Model->doInsert(Array)
#6 C:\xampp\htdocs\TramucaCode\system\Model.php(667): CodeIgniter\BaseModel->insert(Array, true)
#7 C:\xampp\htdocs\TramucaCode\app\Controllers\AdminUsuController.php(30): CodeIgniter\Model->insert(Array)
#8 C:\xampp\htdocs\TramucaCode\system\CodeIgniter.php(928): App\Controllers\AdminUsuController->guardar()
#9 C:\xampp\htdocs\TramucaCode\system\CodeIgniter.php(482): CodeIgniter\CodeIgniter->runController(Object(App\Controllers\AdminUsuController))
#10 C:\xampp\htdocs\TramucaCode\system\CodeIgniter.php(351): CodeIgniter\CodeIgniter->handleRequest(NULL, Object(Config\Cache), false)
#11 C:\xampp\htdocs\TramucaCode\public\index.php(67): CodeIgniter\CodeIgniter->run()
#12 C:\xampp\htdocs\TramucaCode\system\Commands\Server\rewrite.php(46): require_once('C:\\xampp\\htdocs...')
#13 {main}
CRITICAL - 2022-12-01 00:39:46 --> Column 'nombre' cannot be null
in SYSTEMPATH\Database\MySQLi\Connection.php on line 292.
 1 SYSTEMPATH\Database\MySQLi\Connection.php(292): mysqli->query('INSERT INTO `usuario` (`nombre`, `apellidos`, `usuario`, `area`, `estado`, `idcargo`) VALUES (NULL, NULL, NULL, NULL, NULL, NULL)', 0)
 2 SYSTEMPATH\Database\BaseConnection.php(666): CodeIgniter\Database\MySQLi\Connection->execute('INSERT INTO `usuario` (`nombre`, `apellidos`, `usuario`, `area`, `estado`, `idcargo`) VALUES (NULL, NULL, NULL, NULL, NULL, NULL)')
 3 SYSTEMPATH\Database\BaseConnection.php(593): CodeIgniter\Database\BaseConnection->simpleQuery('INSERT INTO `usuario` (`nombre`, `apellidos`, `usuario`, `area`, `estado`, `idcargo`) VALUES (NULL, NULL, NULL, NULL, NULL, NULL)')
 4 SYSTEMPATH\Database\BaseBuilder.php(1916): CodeIgniter\Database\BaseConnection->query('INSERT INTO `usuario` (`nombre`, `apellidos`, `usuario`, `area`, `estado`, `idcargo`) VALUES (:nombre:, :apellidos:, :usuario:, :area:, :estado:, :idcargo:)', [...], false)
 5 SYSTEMPATH\Model.php(279): CodeIgniter\Database\BaseBuilder->insert()
 6 SYSTEMPATH\BaseModel.php(749): CodeIgniter\Model->doInsert([...])
 7 SYSTEMPATH\Model.php(667): CodeIgniter\BaseModel->insert([...], true)
 8 APPPATH\Controllers\AdminUsuController.php(30): CodeIgniter\Model->insert([...])
 9 SYSTEMPATH\CodeIgniter.php(928): App\Controllers\AdminUsuController->guardar()
10 SYSTEMPATH\CodeIgniter.php(482): CodeIgniter\CodeIgniter->runController(Object(App\Controllers\AdminUsuController))
11 SYSTEMPATH\CodeIgniter.php(351): CodeIgniter\CodeIgniter->handleRequest(null, Object(Config\Cache), false)
12 FCPATH\index.php(67): CodeIgniter\CodeIgniter->run()
13 SYSTEMPATH\Commands\Server\rewrite.php(46): require_once('FCPATH\\index.php')
ERROR - 2022-12-01 00:39:49 --> mysqli_sql_exception: Column 'nombre' cannot be null in C:\xampp\htdocs\TramucaCode\system\Database\MySQLi\Connection.php:292
Stack trace:
#0 C:\xampp\htdocs\TramucaCode\system\Database\MySQLi\Connection.php(292): mysqli->query('INSERT INTO `us...', 0)
#1 C:\xampp\htdocs\TramucaCode\system\Database\BaseConnection.php(666): CodeIgniter\Database\MySQLi\Connection->execute('INSERT INTO `us...')
#2 C:\xampp\htdocs\TramucaCode\system\Database\BaseConnection.php(593): CodeIgniter\Database\BaseConnection->simpleQuery('INSERT INTO `us...')
#3 C:\xampp\htdocs\TramucaCode\system\Database\BaseBuilder.php(1916): CodeIgniter\Database\BaseConnection->query('INSERT INTO `us...', Array, false)
#4 C:\xampp\htdocs\TramucaCode\system\Model.php(279): CodeIgniter\Database\BaseBuilder->insert()
#5 C:\xampp\htdocs\TramucaCode\system\BaseModel.php(749): CodeIgniter\Model->doInsert(Array)
#6 C:\xampp\htdocs\TramucaCode\system\Model.php(667): CodeIgniter\BaseModel->insert(Array, true)
#7 C:\xampp\htdocs\TramucaCode\app\Controllers\AdminUsuController.php(30): CodeIgniter\Model->insert(Array)
#8 C:\xampp\htdocs\TramucaCode\system\CodeIgniter.php(928): App\Controllers\AdminUsuController->guardar()
#9 C:\xampp\htdocs\TramucaCode\system\CodeIgniter.php(482): CodeIgniter\CodeIgniter->runController(Object(App\Controllers\AdminUsuController))
#10 C:\xampp\htdocs\TramucaCode\system\CodeIgniter.php(351): CodeIgniter\CodeIgniter->handleRequest(NULL, Object(Config\Cache), false)
#11 C:\xampp\htdocs\TramucaCode\public\index.php(67): CodeIgniter\CodeIgniter->run()
#12 C:\xampp\htdocs\TramucaCode\system\Commands\Server\rewrite.php(46): require_once('C:\\xampp\\htdocs...')
#13 {main}
CRITICAL - 2022-12-01 00:39:49 --> Column 'nombre' cannot be null
in SYSTEMPATH\Database\MySQLi\Connection.php on line 292.
 1 SYSTEMPATH\Database\MySQLi\Connection.php(292): mysqli->query('INSERT INTO `usuario` (`nombre`, `apellidos`, `usuario`, `area`, `estado`, `idcargo`) VALUES (NULL, NULL, NULL, NULL, NULL, NULL)', 0)
 2 SYSTEMPATH\Database\BaseConnection.php(666): CodeIgniter\Database\MySQLi\Connection->execute('INSERT INTO `usuario` (`nombre`, `apellidos`, `usuario`, `area`, `estado`, `idcargo`) VALUES (NULL, NULL, NULL, NULL, NULL, NULL)')
 3 SYSTEMPATH\Database\BaseConnection.php(593): CodeIgniter\Database\BaseConnection->simpleQuery('INSERT INTO `usuario` (`nombre`, `apellidos`, `usuario`, `area`, `estado`, `idcargo`) VALUES (NULL, NULL, NULL, NULL, NULL, NULL)')
 4 SYSTEMPATH\Database\BaseBuilder.php(1916): CodeIgniter\Database\BaseConnection->query('INSERT INTO `usuario` (`nombre`, `apellidos`, `usuario`, `area`, `estado`, `idcargo`) VALUES (:nombre:, :apellidos:, :usuario:, :area:, :estado:, :idcargo:)', [...], false)
 5 SYSTEMPATH\Model.php(279): CodeIgniter\Database\BaseBuilder->insert()
 6 SYSTEMPATH\BaseModel.php(749): CodeIgniter\Model->doInsert([...])
 7 SYSTEMPATH\Model.php(667): CodeIgniter\BaseModel->insert([...], true)
 8 APPPATH\Controllers\AdminUsuController.php(30): CodeIgniter\Model->insert([...])
 9 SYSTEMPATH\CodeIgniter.php(928): App\Controllers\AdminUsuController->guardar()
10 SYSTEMPATH\CodeIgniter.php(482): CodeIgniter\CodeIgniter->runController(Object(App\Controllers\AdminUsuController))
11 SYSTEMPATH\CodeIgniter.php(351): CodeIgniter\CodeIgniter->handleRequest(null, Object(Config\Cache), false)
12 FCPATH\index.php(67): CodeIgniter\CodeIgniter->run()
13 SYSTEMPATH\Commands\Server\rewrite.php(46): require_once('FCPATH\\index.php')
CRITICAL - 2022-12-01 14:34:11 --> App\Models\UsersModel::loginUser(): Argument #1 ($userName) must be of type string, null given, called in C:\xampp\htdocs\TramucaCode\app\Controllers\Home.php on line 29
in APPPATH\Models\UsersModel.php on line 68.
 1 APPPATH\Controllers\Home.php(29): App\Models\UsersModel->loginUser(null, null)
 2 SYSTEMPATH\CodeIgniter.php(928): App\Controllers\Home->LogIn()
 3 SYSTEMPATH\CodeIgniter.php(482): CodeIgniter\CodeIgniter->runController(Object(App\Controllers\Home))
 4 SYSTEMPATH\CodeIgniter.php(351): CodeIgniter\CodeIgniter->handleRequest(null, Object(Config\Cache), false)
 5 FCPATH\index.php(67): CodeIgniter\CodeIgniter->run()
 6 SYSTEMPATH\Commands\Server\rewrite.php(46): require_once('FCPATH\\index.php')
