CRITICAL - 2022-11-28 17:07:02 --> Undefined variable $s
in APPPATH\Views\almacen\almacen.php on line 224.
 1 APPPATH\Views\almacen\almacen.php(224): CodeIgniter\Debug\Exceptions->errorHandler(2, 'Undefined variable $s', 'APPPATH\\Views\\almacen\\almacen.php', 224)
 2 SYSTEMPATH\View\View.php(213): include('APPPATH\\Views\\almacen\\almacen.php')
 3 SYSTEMPATH\View\View.php(216): CodeIgniter\View\View->CodeIgniter\View\{closure}()
 4 SYSTEMPATH\Common.php(1134): CodeIgniter\View\View->render('almacen/almacen', [...], true)
 5 APPPATH\Controllers\AlmacenController.php(24): view('almacen/almacen', [...], [...])
 6 SYSTEMPATH\CodeIgniter.php(928): App\Controllers\AlmacenController->index()
 7 SYSTEMPATH\CodeIgniter.php(482): CodeIgniter\CodeIgniter->runController(Object(App\Controllers\AlmacenController))
 8 SYSTEMPATH\CodeIgniter.php(351): CodeIgniter\CodeIgniter->handleRequest(null, Object(Config\Cache), false)
 9 FCPATH\index.php(67): CodeIgniter\CodeIgniter->run()
10 SYSTEMPATH\Commands\Server\rewrite.php(46): require_once('FCPATH\\index.php')
ERROR - 2022-11-28 17:07:30 --> mysqli_sql_exception: Unknown column 'tb_compra.id_producto' in 'field list' in C:\xampp\htdocs\MvcTramuca\system\Database\MySQLi\Connection.php:292
Stack trace:
#0 C:\xampp\htdocs\MvcTramuca\system\Database\MySQLi\Connection.php(292): mysqli->query('SELECT `tb_comp...', 0)
#1 C:\xampp\htdocs\MvcTramuca\system\Database\BaseConnection.php(666): CodeIgniter\Database\MySQLi\Connection->execute('SELECT `tb_comp...')
#2 C:\xampp\htdocs\MvcTramuca\system\Database\BaseConnection.php(593): CodeIgniter\Database\BaseConnection->simpleQuery('SELECT `tb_comp...')
#3 C:\xampp\htdocs\MvcTramuca\system\Database\BaseBuilder.php(1585): CodeIgniter\Database\BaseConnection->query('SELECT `tb_comp...', Array, false)
#4 C:\xampp\htdocs\MvcTramuca\system\Model.php(223): CodeIgniter\Database\BaseBuilder->get()
#5 C:\xampp\htdocs\MvcTramuca\system\BaseModel.php(585): CodeIgniter\Model->doFindAll(0, 0)
#6 C:\xampp\htdocs\MvcTramuca\app\Controllers\AlmacenController.php(22): CodeIgniter\BaseModel->findAll()
#7 C:\xampp\htdocs\MvcTramuca\system\CodeIgniter.php(928): App\Controllers\AlmacenController->index()
#8 C:\xampp\htdocs\MvcTramuca\system\CodeIgniter.php(482): CodeIgniter\CodeIgniter->runController(Object(App\Controllers\AlmacenController))
#9 C:\xampp\htdocs\MvcTramuca\system\CodeIgniter.php(351): CodeIgniter\CodeIgniter->handleRequest(NULL, Object(Config\Cache), false)
#10 C:\xampp\htdocs\MvcTramuca\public\index.php(67): CodeIgniter\CodeIgniter->run()
#11 C:\xampp\htdocs\MvcTramuca\system\Commands\Server\rewrite.php(46): require_once('C:\\xampp\\htdocs...')
#12 {main}
CRITICAL - 2022-11-28 17:07:30 --> Unknown column 'tb_compra.id_producto' in 'field list'
in SYSTEMPATH\Database\MySQLi\Connection.php on line 292.
 1 SYSTEMPATH\Database\MySQLi\Connection.php(292): mysqli->query('SELECT `tb_compra`.`id_producto`, `tb_producto`.`producto`
FROM `tb_almacen`
JOIN `tb_producto` ON `tb_compra`.`id_producto`=`tb_producto`.`id_producto`
GROUP BY `tb_producto`.`producto`', 0)
 2 SYSTEMPATH\Database\BaseConnection.php(666): CodeIgniter\Database\MySQLi\Connection->execute('SELECT `tb_compra`.`id_producto`, `tb_producto`.`producto`
FROM `tb_almacen`
JOIN `tb_producto` ON `tb_compra`.`id_producto`=`tb_producto`.`id_producto`
GROUP BY `tb_producto`.`producto`')
 3 SYSTEMPATH\Database\BaseConnection.php(593): CodeIgniter\Database\BaseConnection->simpleQuery('SELECT `tb_compra`.`id_producto`, `tb_producto`.`producto`
FROM `tb_almacen`
JOIN `tb_producto` ON `tb_compra`.`id_producto`=`tb_producto`.`id_producto`
GROUP BY `tb_producto`.`producto`')
 4 SYSTEMPATH\Database\BaseBuilder.php(1585): CodeIgniter\Database\BaseConnection->query('SELECT `tb_compra`.`id_producto`, `tb_producto`.`producto`
FROM `tb_almacen`
JOIN `tb_producto` ON `tb_compra`.`id_producto`=`tb_producto`.`id_producto`
GROUP BY `tb_producto`.`producto`', [], false)
 5 SYSTEMPATH\Model.php(223): CodeIgniter\Database\BaseBuilder->get()
 6 SYSTEMPATH\BaseModel.php(585): CodeIgniter\Model->doFindAll(0, 0)
 7 APPPATH\Controllers\AlmacenController.php(22): CodeIgniter\BaseModel->findAll()
 8 SYSTEMPATH\CodeIgniter.php(928): App\Controllers\AlmacenController->index()
 9 SYSTEMPATH\CodeIgniter.php(482): CodeIgniter\CodeIgniter->runController(Object(App\Controllers\AlmacenController))
10 SYSTEMPATH\CodeIgniter.php(351): CodeIgniter\CodeIgniter->handleRequest(null, Object(Config\Cache), false)
11 FCPATH\index.php(67): CodeIgniter\CodeIgniter->run()
12 SYSTEMPATH\Commands\Server\rewrite.php(46): require_once('FCPATH\\index.php')
ERROR - 2022-11-28 17:10:11 --> mysqli_sql_exception: Unknown column 'tb_compra.id_producto' in 'field list' in C:\xampp\htdocs\MvcTramuca\system\Database\MySQLi\Connection.php:292
Stack trace:
#0 C:\xampp\htdocs\MvcTramuca\system\Database\MySQLi\Connection.php(292): mysqli->query('SELECT `tb_comp...', 0)
#1 C:\xampp\htdocs\MvcTramuca\system\Database\BaseConnection.php(666): CodeIgniter\Database\MySQLi\Connection->execute('SELECT `tb_comp...')
#2 C:\xampp\htdocs\MvcTramuca\system\Database\BaseConnection.php(593): CodeIgniter\Database\BaseConnection->simpleQuery('SELECT `tb_comp...')
#3 C:\xampp\htdocs\MvcTramuca\system\Database\BaseBuilder.php(1585): CodeIgniter\Database\BaseConnection->query('SELECT `tb_comp...', Array, false)
#4 C:\xampp\htdocs\MvcTramuca\system\Model.php(223): CodeIgniter\Database\BaseBuilder->get()
#5 C:\xampp\htdocs\MvcTramuca\system\BaseModel.php(585): CodeIgniter\Model->doFindAll(0, 0)
#6 C:\xampp\htdocs\MvcTramuca\app\Controllers\AlmacenController.php(22): CodeIgniter\BaseModel->findAll()
#7 C:\xampp\htdocs\MvcTramuca\system\CodeIgniter.php(928): App\Controllers\AlmacenController->index()
#8 C:\xampp\htdocs\MvcTramuca\system\CodeIgniter.php(482): CodeIgniter\CodeIgniter->runController(Object(App\Controllers\AlmacenController))
#9 C:\xampp\htdocs\MvcTramuca\system\CodeIgniter.php(351): CodeIgniter\CodeIgniter->handleRequest(NULL, Object(Config\Cache), false)
#10 C:\xampp\htdocs\MvcTramuca\public\index.php(67): CodeIgniter\CodeIgniter->run()
#11 C:\xampp\htdocs\MvcTramuca\system\Commands\Server\rewrite.php(46): require_once('C:\\xampp\\htdocs...')
#12 {main}
CRITICAL - 2022-11-28 17:10:11 --> Unknown column 'tb_compra.id_producto' in 'field list'
in SYSTEMPATH\Database\MySQLi\Connection.php on line 292.
 1 SYSTEMPATH\Database\MySQLi\Connection.php(292): mysqli->query('SELECT `tb_compra`.`id_producto`, `tb_producto`.`producto`
FROM `tb_almacen`
JOIN `tb_producto` ON `tb_compra`.`id_producto`=`tb_producto`.`id_producto`
GROUP BY `tb_producto`.`producto`', 0)
 2 SYSTEMPATH\Database\BaseConnection.php(666): CodeIgniter\Database\MySQLi\Connection->execute('SELECT `tb_compra`.`id_producto`, `tb_producto`.`producto`
FROM `tb_almacen`
JOIN `tb_producto` ON `tb_compra`.`id_producto`=`tb_producto`.`id_producto`
GROUP BY `tb_producto`.`producto`')
 3 SYSTEMPATH\Database\BaseConnection.php(593): CodeIgniter\Database\BaseConnection->simpleQuery('SELECT `tb_compra`.`id_producto`, `tb_producto`.`producto`
FROM `tb_almacen`
JOIN `tb_producto` ON `tb_compra`.`id_producto`=`tb_producto`.`id_producto`
GROUP BY `tb_producto`.`producto`')
 4 SYSTEMPATH\Database\BaseBuilder.php(1585): CodeIgniter\Database\BaseConnection->query('SELECT `tb_compra`.`id_producto`, `tb_producto`.`producto`
FROM `tb_almacen`
JOIN `tb_producto` ON `tb_compra`.`id_producto`=`tb_producto`.`id_producto`
GROUP BY `tb_producto`.`producto`', [], false)
 5 SYSTEMPATH\Model.php(223): CodeIgniter\Database\BaseBuilder->get()
 6 SYSTEMPATH\BaseModel.php(585): CodeIgniter\Model->doFindAll(0, 0)
 7 APPPATH\Controllers\AlmacenController.php(22): CodeIgniter\BaseModel->findAll()
 8 SYSTEMPATH\CodeIgniter.php(928): App\Controllers\AlmacenController->index()
 9 SYSTEMPATH\CodeIgniter.php(482): CodeIgniter\CodeIgniter->runController(Object(App\Controllers\AlmacenController))
10 SYSTEMPATH\CodeIgniter.php(351): CodeIgniter\CodeIgniter->handleRequest(null, Object(Config\Cache), false)
11 FCPATH\index.php(67): CodeIgniter\CodeIgniter->run()
12 SYSTEMPATH\Commands\Server\rewrite.php(46): require_once('FCPATH\\index.php')
ERROR - 2022-11-28 17:10:13 --> mysqli_sql_exception: Unknown column 'tb_compra.id_producto' in 'field list' in C:\xampp\htdocs\MvcTramuca\system\Database\MySQLi\Connection.php:292
Stack trace:
#0 C:\xampp\htdocs\MvcTramuca\system\Database\MySQLi\Connection.php(292): mysqli->query('SELECT `tb_comp...', 0)
#1 C:\xampp\htdocs\MvcTramuca\system\Database\BaseConnection.php(666): CodeIgniter\Database\MySQLi\Connection->execute('SELECT `tb_comp...')
#2 C:\xampp\htdocs\MvcTramuca\system\Database\BaseConnection.php(593): CodeIgniter\Database\BaseConnection->simpleQuery('SELECT `tb_comp...')
#3 C:\xampp\htdocs\MvcTramuca\system\Database\BaseBuilder.php(1585): CodeIgniter\Database\BaseConnection->query('SELECT `tb_comp...', Array, false)
#4 C:\xampp\htdocs\MvcTramuca\system\Model.php(223): CodeIgniter\Database\BaseBuilder->get()
#5 C:\xampp\htdocs\MvcTramuca\system\BaseModel.php(585): CodeIgniter\Model->doFindAll(0, 0)
#6 C:\xampp\htdocs\MvcTramuca\app\Controllers\AlmacenController.php(22): CodeIgniter\BaseModel->findAll()
#7 C:\xampp\htdocs\MvcTramuca\system\CodeIgniter.php(928): App\Controllers\AlmacenController->index()
#8 C:\xampp\htdocs\MvcTramuca\system\CodeIgniter.php(482): CodeIgniter\CodeIgniter->runController(Object(App\Controllers\AlmacenController))
#9 C:\xampp\htdocs\MvcTramuca\system\CodeIgniter.php(351): CodeIgniter\CodeIgniter->handleRequest(NULL, Object(Config\Cache), false)
#10 C:\xampp\htdocs\MvcTramuca\public\index.php(67): CodeIgniter\CodeIgniter->run()
#11 C:\xampp\htdocs\MvcTramuca\system\Commands\Server\rewrite.php(46): require_once('C:\\xampp\\htdocs...')
#12 {main}
CRITICAL - 2022-11-28 17:10:13 --> Unknown column 'tb_compra.id_producto' in 'field list'
in SYSTEMPATH\Database\MySQLi\Connection.php on line 292.
 1 SYSTEMPATH\Database\MySQLi\Connection.php(292): mysqli->query('SELECT `tb_compra`.`id_producto`, `tb_producto`.`producto`
FROM `tb_almacen`
JOIN `tb_producto` ON `tb_compra`.`id_producto`=`tb_producto`.`id_producto`
GROUP BY `tb_producto`.`producto`', 0)
 2 SYSTEMPATH\Database\BaseConnection.php(666): CodeIgniter\Database\MySQLi\Connection->execute('SELECT `tb_compra`.`id_producto`, `tb_producto`.`producto`
FROM `tb_almacen`
JOIN `tb_producto` ON `tb_compra`.`id_producto`=`tb_producto`.`id_producto`
GROUP BY `tb_producto`.`producto`')
 3 SYSTEMPATH\Database\BaseConnection.php(593): CodeIgniter\Database\BaseConnection->simpleQuery('SELECT `tb_compra`.`id_producto`, `tb_producto`.`producto`
FROM `tb_almacen`
JOIN `tb_producto` ON `tb_compra`.`id_producto`=`tb_producto`.`id_producto`
GROUP BY `tb_producto`.`producto`')
 4 SYSTEMPATH\Database\BaseBuilder.php(1585): CodeIgniter\Database\BaseConnection->query('SELECT `tb_compra`.`id_producto`, `tb_producto`.`producto`
FROM `tb_almacen`
JOIN `tb_producto` ON `tb_compra`.`id_producto`=`tb_producto`.`id_producto`
GROUP BY `tb_producto`.`producto`', [], false)
 5 SYSTEMPATH\Model.php(223): CodeIgniter\Database\BaseBuilder->get()
 6 SYSTEMPATH\BaseModel.php(585): CodeIgniter\Model->doFindAll(0, 0)
 7 APPPATH\Controllers\AlmacenController.php(22): CodeIgniter\BaseModel->findAll()
 8 SYSTEMPATH\CodeIgniter.php(928): App\Controllers\AlmacenController->index()
 9 SYSTEMPATH\CodeIgniter.php(482): CodeIgniter\CodeIgniter->runController(Object(App\Controllers\AlmacenController))
10 SYSTEMPATH\CodeIgniter.php(351): CodeIgniter\CodeIgniter->handleRequest(null, Object(Config\Cache), false)
11 FCPATH\index.php(67): CodeIgniter\CodeIgniter->run()
12 SYSTEMPATH\Commands\Server\rewrite.php(46): require_once('FCPATH\\index.php')
ERROR - 2022-11-28 17:10:24 --> mysqli_sql_exception: Unknown column 'tb_compra.id_producto' in 'field list' in C:\xampp\htdocs\MvcTramuca\system\Database\MySQLi\Connection.php:292
Stack trace:
#0 C:\xampp\htdocs\MvcTramuca\system\Database\MySQLi\Connection.php(292): mysqli->query('SELECT `tb_comp...', 0)
#1 C:\xampp\htdocs\MvcTramuca\system\Database\BaseConnection.php(666): CodeIgniter\Database\MySQLi\Connection->execute('SELECT `tb_comp...')
#2 C:\xampp\htdocs\MvcTramuca\system\Database\BaseConnection.php(593): CodeIgniter\Database\BaseConnection->simpleQuery('SELECT `tb_comp...')
#3 C:\xampp\htdocs\MvcTramuca\system\Database\BaseBuilder.php(1585): CodeIgniter\Database\BaseConnection->query('SELECT `tb_comp...', Array, false)
#4 C:\xampp\htdocs\MvcTramuca\system\Model.php(223): CodeIgniter\Database\BaseBuilder->get()
#5 C:\xampp\htdocs\MvcTramuca\system\BaseModel.php(585): CodeIgniter\Model->doFindAll(0, 0)
#6 C:\xampp\htdocs\MvcTramuca\app\Controllers\AlmacenController.php(22): CodeIgniter\BaseModel->findAll()
#7 C:\xampp\htdocs\MvcTramuca\system\CodeIgniter.php(928): App\Controllers\AlmacenController->index()
#8 C:\xampp\htdocs\MvcTramuca\system\CodeIgniter.php(482): CodeIgniter\CodeIgniter->runController(Object(App\Controllers\AlmacenController))
#9 C:\xampp\htdocs\MvcTramuca\system\CodeIgniter.php(351): CodeIgniter\CodeIgniter->handleRequest(NULL, Object(Config\Cache), false)
#10 C:\xampp\htdocs\MvcTramuca\public\index.php(67): CodeIgniter\CodeIgniter->run()
#11 C:\xampp\htdocs\MvcTramuca\system\Commands\Server\rewrite.php(46): require_once('C:\\xampp\\htdocs...')
#12 {main}
CRITICAL - 2022-11-28 17:10:24 --> Unknown column 'tb_compra.id_producto' in 'field list'
in SYSTEMPATH\Database\MySQLi\Connection.php on line 292.
 1 SYSTEMPATH\Database\MySQLi\Connection.php(292): mysqli->query('SELECT `tb_compra`.`id_producto`, `tb_producto`.`producto`
FROM `tb_almacen`
JOIN `tb_producto` ON `tb_compra`.`id_producto`=`tb_producto`.`id_producto`
GROUP BY `tb_producto`.`producto`', 0)
 2 SYSTEMPATH\Database\BaseConnection.php(666): CodeIgniter\Database\MySQLi\Connection->execute('SELECT `tb_compra`.`id_producto`, `tb_producto`.`producto`
FROM `tb_almacen`
JOIN `tb_producto` ON `tb_compra`.`id_producto`=`tb_producto`.`id_producto`
GROUP BY `tb_producto`.`producto`')
 3 SYSTEMPATH\Database\BaseConnection.php(593): CodeIgniter\Database\BaseConnection->simpleQuery('SELECT `tb_compra`.`id_producto`, `tb_producto`.`producto`
FROM `tb_almacen`
JOIN `tb_producto` ON `tb_compra`.`id_producto`=`tb_producto`.`id_producto`
GROUP BY `tb_producto`.`producto`')
 4 SYSTEMPATH\Database\BaseBuilder.php(1585): CodeIgniter\Database\BaseConnection->query('SELECT `tb_compra`.`id_producto`, `tb_producto`.`producto`
FROM `tb_almacen`
JOIN `tb_producto` ON `tb_compra`.`id_producto`=`tb_producto`.`id_producto`
GROUP BY `tb_producto`.`producto`', [], false)
 5 SYSTEMPATH\Model.php(223): CodeIgniter\Database\BaseBuilder->get()
 6 SYSTEMPATH\BaseModel.php(585): CodeIgniter\Model->doFindAll(0, 0)
 7 APPPATH\Controllers\AlmacenController.php(22): CodeIgniter\BaseModel->findAll()
 8 SYSTEMPATH\CodeIgniter.php(928): App\Controllers\AlmacenController->index()
 9 SYSTEMPATH\CodeIgniter.php(482): CodeIgniter\CodeIgniter->runController(Object(App\Controllers\AlmacenController))
10 SYSTEMPATH\CodeIgniter.php(351): CodeIgniter\CodeIgniter->handleRequest(null, Object(Config\Cache), false)
11 FCPATH\index.php(67): CodeIgniter\CodeIgniter->run()
12 SYSTEMPATH\Commands\Server\rewrite.php(46): require_once('FCPATH\\index.php')
ERROR - 2022-11-28 17:10:43 --> mysqli_sql_exception: Unknown column 'tb_compra.id_producto' in 'field list' in C:\xampp\htdocs\MvcTramuca\system\Database\MySQLi\Connection.php:292
Stack trace:
#0 C:\xampp\htdocs\MvcTramuca\system\Database\MySQLi\Connection.php(292): mysqli->query('SELECT `tb_comp...', 0)
#1 C:\xampp\htdocs\MvcTramuca\system\Database\BaseConnection.php(666): CodeIgniter\Database\MySQLi\Connection->execute('SELECT `tb_comp...')
#2 C:\xampp\htdocs\MvcTramuca\system\Database\BaseConnection.php(593): CodeIgniter\Database\BaseConnection->simpleQuery('SELECT `tb_comp...')
#3 C:\xampp\htdocs\MvcTramuca\system\Database\BaseBuilder.php(1585): CodeIgniter\Database\BaseConnection->query('SELECT `tb_comp...', Array, false)
#4 C:\xampp\htdocs\MvcTramuca\system\Model.php(223): CodeIgniter\Database\BaseBuilder->get()
#5 C:\xampp\htdocs\MvcTramuca\system\BaseModel.php(585): CodeIgniter\Model->doFindAll(0, 0)
#6 C:\xampp\htdocs\MvcTramuca\app\Controllers\AlmacenController.php(22): CodeIgniter\BaseModel->findAll()
#7 C:\xampp\htdocs\MvcTramuca\system\CodeIgniter.php(928): App\Controllers\AlmacenController->index()
#8 C:\xampp\htdocs\MvcTramuca\system\CodeIgniter.php(482): CodeIgniter\CodeIgniter->runController(Object(App\Controllers\AlmacenController))
#9 C:\xampp\htdocs\MvcTramuca\system\CodeIgniter.php(351): CodeIgniter\CodeIgniter->handleRequest(NULL, Object(Config\Cache), false)
#10 C:\xampp\htdocs\MvcTramuca\public\index.php(67): CodeIgniter\CodeIgniter->run()
#11 C:\xampp\htdocs\MvcTramuca\system\Commands\Server\rewrite.php(46): require_once('C:\\xampp\\htdocs...')
#12 {main}
CRITICAL - 2022-11-28 17:10:43 --> Unknown column 'tb_compra.id_producto' in 'field list'
in SYSTEMPATH\Database\MySQLi\Connection.php on line 292.
 1 SYSTEMPATH\Database\MySQLi\Connection.php(292): mysqli->query('SELECT `tb_compra`.`id_producto`, `tb_producto`.`producto`
FROM `tb_almacen`
JOIN `tb_producto` ON `tb_compra`.`id_producto`=`tb_producto`.`id_producto`', 0)
 2 SYSTEMPATH\Database\BaseConnection.php(666): CodeIgniter\Database\MySQLi\Connection->execute('SELECT `tb_compra`.`id_producto`, `tb_producto`.`producto`
FROM `tb_almacen`
JOIN `tb_producto` ON `tb_compra`.`id_producto`=`tb_producto`.`id_producto`')
 3 SYSTEMPATH\Database\BaseConnection.php(593): CodeIgniter\Database\BaseConnection->simpleQuery('SELECT `tb_compra`.`id_producto`, `tb_producto`.`producto`
FROM `tb_almacen`
JOIN `tb_producto` ON `tb_compra`.`id_producto`=`tb_producto`.`id_producto`')
 4 SYSTEMPATH\Database\BaseBuilder.php(1585): CodeIgniter\Database\BaseConnection->query('SELECT `tb_compra`.`id_producto`, `tb_producto`.`producto`
FROM `tb_almacen`
JOIN `tb_producto` ON `tb_compra`.`id_producto`=`tb_producto`.`id_producto`', [], false)
 5 SYSTEMPATH\Model.php(223): CodeIgniter\Database\BaseBuilder->get()
 6 SYSTEMPATH\BaseModel.php(585): CodeIgniter\Model->doFindAll(0, 0)
 7 APPPATH\Controllers\AlmacenController.php(22): CodeIgniter\BaseModel->findAll()
 8 SYSTEMPATH\CodeIgniter.php(928): App\Controllers\AlmacenController->index()
 9 SYSTEMPATH\CodeIgniter.php(482): CodeIgniter\CodeIgniter->runController(Object(App\Controllers\AlmacenController))
10 SYSTEMPATH\CodeIgniter.php(351): CodeIgniter\CodeIgniter->handleRequest(null, Object(Config\Cache), false)
11 FCPATH\index.php(67): CodeIgniter\CodeIgniter->run()
12 SYSTEMPATH\Commands\Server\rewrite.php(46): require_once('FCPATH\\index.php')
ERROR - 2022-11-28 17:10:45 --> mysqli_sql_exception: Unknown column 'tb_compra.id_producto' in 'field list' in C:\xampp\htdocs\MvcTramuca\system\Database\MySQLi\Connection.php:292
Stack trace:
#0 C:\xampp\htdocs\MvcTramuca\system\Database\MySQLi\Connection.php(292): mysqli->query('SELECT `tb_comp...', 0)
#1 C:\xampp\htdocs\MvcTramuca\system\Database\BaseConnection.php(666): CodeIgniter\Database\MySQLi\Connection->execute('SELECT `tb_comp...')
#2 C:\xampp\htdocs\MvcTramuca\system\Database\BaseConnection.php(593): CodeIgniter\Database\BaseConnection->simpleQuery('SELECT `tb_comp...')
#3 C:\xampp\htdocs\MvcTramuca\system\Database\BaseBuilder.php(1585): CodeIgniter\Database\BaseConnection->query('SELECT `tb_comp...', Array, false)
#4 C:\xampp\htdocs\MvcTramuca\system\Model.php(223): CodeIgniter\Database\BaseBuilder->get()
#5 C:\xampp\htdocs\MvcTramuca\system\BaseModel.php(585): CodeIgniter\Model->doFindAll(0, 0)
#6 C:\xampp\htdocs\MvcTramuca\app\Controllers\AlmacenController.php(22): CodeIgniter\BaseModel->findAll()
#7 C:\xampp\htdocs\MvcTramuca\system\CodeIgniter.php(928): App\Controllers\AlmacenController->index()
#8 C:\xampp\htdocs\MvcTramuca\system\CodeIgniter.php(482): CodeIgniter\CodeIgniter->runController(Object(App\Controllers\AlmacenController))
#9 C:\xampp\htdocs\MvcTramuca\system\CodeIgniter.php(351): CodeIgniter\CodeIgniter->handleRequest(NULL, Object(Config\Cache), false)
#10 C:\xampp\htdocs\MvcTramuca\public\index.php(67): CodeIgniter\CodeIgniter->run()
#11 C:\xampp\htdocs\MvcTramuca\system\Commands\Server\rewrite.php(46): require_once('C:\\xampp\\htdocs...')
#12 {main}
CRITICAL - 2022-11-28 17:10:45 --> Unknown column 'tb_compra.id_producto' in 'field list'
in SYSTEMPATH\Database\MySQLi\Connection.php on line 292.
 1 SYSTEMPATH\Database\MySQLi\Connection.php(292): mysqli->query('SELECT `tb_compra`.`id_producto`, `tb_producto`.`producto`
FROM `tb_almacen`
JOIN `tb_producto` ON `tb_compra`.`id_producto`=`tb_producto`.`id_producto`', 0)
 2 SYSTEMPATH\Database\BaseConnection.php(666): CodeIgniter\Database\MySQLi\Connection->execute('SELECT `tb_compra`.`id_producto`, `tb_producto`.`producto`
FROM `tb_almacen`
JOIN `tb_producto` ON `tb_compra`.`id_producto`=`tb_producto`.`id_producto`')
 3 SYSTEMPATH\Database\BaseConnection.php(593): CodeIgniter\Database\BaseConnection->simpleQuery('SELECT `tb_compra`.`id_producto`, `tb_producto`.`producto`
FROM `tb_almacen`
JOIN `tb_producto` ON `tb_compra`.`id_producto`=`tb_producto`.`id_producto`')
 4 SYSTEMPATH\Database\BaseBuilder.php(1585): CodeIgniter\Database\BaseConnection->query('SELECT `tb_compra`.`id_producto`, `tb_producto`.`producto`
FROM `tb_almacen`
JOIN `tb_producto` ON `tb_compra`.`id_producto`=`tb_producto`.`id_producto`', [], false)
 5 SYSTEMPATH\Model.php(223): CodeIgniter\Database\BaseBuilder->get()
 6 SYSTEMPATH\BaseModel.php(585): CodeIgniter\Model->doFindAll(0, 0)
 7 APPPATH\Controllers\AlmacenController.php(22): CodeIgniter\BaseModel->findAll()
 8 SYSTEMPATH\CodeIgniter.php(928): App\Controllers\AlmacenController->index()
 9 SYSTEMPATH\CodeIgniter.php(482): CodeIgniter\CodeIgniter->runController(Object(App\Controllers\AlmacenController))
10 SYSTEMPATH\CodeIgniter.php(351): CodeIgniter\CodeIgniter->handleRequest(null, Object(Config\Cache), false)
11 FCPATH\index.php(67): CodeIgniter\CodeIgniter->run()
12 SYSTEMPATH\Commands\Server\rewrite.php(46): require_once('FCPATH\\index.php')
ERROR - 2022-11-28 17:11:04 --> mysqli_sql_exception: Unknown column 'tb_compra.id_producto' in 'field list' in C:\xampp\htdocs\MvcTramuca\system\Database\MySQLi\Connection.php:292
Stack trace:
#0 C:\xampp\htdocs\MvcTramuca\system\Database\MySQLi\Connection.php(292): mysqli->query('SELECT `tb_comp...', 0)
#1 C:\xampp\htdocs\MvcTramuca\system\Database\BaseConnection.php(666): CodeIgniter\Database\MySQLi\Connection->execute('SELECT `tb_comp...')
#2 C:\xampp\htdocs\MvcTramuca\system\Database\BaseConnection.php(593): CodeIgniter\Database\BaseConnection->simpleQuery('SELECT `tb_comp...')
#3 C:\xampp\htdocs\MvcTramuca\system\Database\BaseBuilder.php(1585): CodeIgniter\Database\BaseConnection->query('SELECT `tb_comp...', Array, false)
#4 C:\xampp\htdocs\MvcTramuca\system\Model.php(223): CodeIgniter\Database\BaseBuilder->get()
#5 C:\xampp\htdocs\MvcTramuca\system\BaseModel.php(585): CodeIgniter\Model->doFindAll(0, 0)
#6 C:\xampp\htdocs\MvcTramuca\app\Controllers\AlmacenController.php(22): CodeIgniter\BaseModel->findAll()
#7 C:\xampp\htdocs\MvcTramuca\system\CodeIgniter.php(928): App\Controllers\AlmacenController->index()
#8 C:\xampp\htdocs\MvcTramuca\system\CodeIgniter.php(482): CodeIgniter\CodeIgniter->runController(Object(App\Controllers\AlmacenController))
#9 C:\xampp\htdocs\MvcTramuca\system\CodeIgniter.php(351): CodeIgniter\CodeIgniter->handleRequest(NULL, Object(Config\Cache), false)
#10 C:\xampp\htdocs\MvcTramuca\public\index.php(67): CodeIgniter\CodeIgniter->run()
#11 C:\xampp\htdocs\MvcTramuca\system\Commands\Server\rewrite.php(46): require_once('C:\\xampp\\htdocs...')
#12 {main}
CRITICAL - 2022-11-28 17:11:04 --> Unknown column 'tb_compra.id_producto' in 'field list'
in SYSTEMPATH\Database\MySQLi\Connection.php on line 292.
 1 SYSTEMPATH\Database\MySQLi\Connection.php(292): mysqli->query('SELECT `tb_compra`.`id_producto`, `tb_producto`.`producto`
FROM `tb_almacen`
JOIN `tb_producto` ON `tb_compra`.`id_producto`=`tb_producto`.`id_producto`', 0)
 2 SYSTEMPATH\Database\BaseConnection.php(666): CodeIgniter\Database\MySQLi\Connection->execute('SELECT `tb_compra`.`id_producto`, `tb_producto`.`producto`
FROM `tb_almacen`
JOIN `tb_producto` ON `tb_compra`.`id_producto`=`tb_producto`.`id_producto`')
 3 SYSTEMPATH\Database\BaseConnection.php(593): CodeIgniter\Database\BaseConnection->simpleQuery('SELECT `tb_compra`.`id_producto`, `tb_producto`.`producto`
FROM `tb_almacen`
JOIN `tb_producto` ON `tb_compra`.`id_producto`=`tb_producto`.`id_producto`')
 4 SYSTEMPATH\Database\BaseBuilder.php(1585): CodeIgniter\Database\BaseConnection->query('SELECT `tb_compra`.`id_producto`, `tb_producto`.`producto`
FROM `tb_almacen`
JOIN `tb_producto` ON `tb_compra`.`id_producto`=`tb_producto`.`id_producto`', [], false)
 5 SYSTEMPATH\Model.php(223): CodeIgniter\Database\BaseBuilder->get()
 6 SYSTEMPATH\BaseModel.php(585): CodeIgniter\Model->doFindAll(0, 0)
 7 APPPATH\Controllers\AlmacenController.php(22): CodeIgniter\BaseModel->findAll()
 8 SYSTEMPATH\CodeIgniter.php(928): App\Controllers\AlmacenController->index()
 9 SYSTEMPATH\CodeIgniter.php(482): CodeIgniter\CodeIgniter->runController(Object(App\Controllers\AlmacenController))
10 SYSTEMPATH\CodeIgniter.php(351): CodeIgniter\CodeIgniter->handleRequest(null, Object(Config\Cache), false)
11 FCPATH\index.php(67): CodeIgniter\CodeIgniter->run()
12 SYSTEMPATH\Commands\Server\rewrite.php(46): require_once('FCPATH\\index.php')
ERROR - 2022-11-28 17:11:06 --> mysqli_sql_exception: Unknown column 'tb_compra.id_producto' in 'field list' in C:\xampp\htdocs\MvcTramuca\system\Database\MySQLi\Connection.php:292
Stack trace:
#0 C:\xampp\htdocs\MvcTramuca\system\Database\MySQLi\Connection.php(292): mysqli->query('SELECT `tb_comp...', 0)
#1 C:\xampp\htdocs\MvcTramuca\system\Database\BaseConnection.php(666): CodeIgniter\Database\MySQLi\Connection->execute('SELECT `tb_comp...')
#2 C:\xampp\htdocs\MvcTramuca\system\Database\BaseConnection.php(593): CodeIgniter\Database\BaseConnection->simpleQuery('SELECT `tb_comp...')
#3 C:\xampp\htdocs\MvcTramuca\system\Database\BaseBuilder.php(1585): CodeIgniter\Database\BaseConnection->query('SELECT `tb_comp...', Array, false)
#4 C:\xampp\htdocs\MvcTramuca\system\Model.php(223): CodeIgniter\Database\BaseBuilder->get()
#5 C:\xampp\htdocs\MvcTramuca\system\BaseModel.php(585): CodeIgniter\Model->doFindAll(0, 0)
#6 C:\xampp\htdocs\MvcTramuca\app\Controllers\AlmacenController.php(22): CodeIgniter\BaseModel->findAll()
#7 C:\xampp\htdocs\MvcTramuca\system\CodeIgniter.php(928): App\Controllers\AlmacenController->index()
#8 C:\xampp\htdocs\MvcTramuca\system\CodeIgniter.php(482): CodeIgniter\CodeIgniter->runController(Object(App\Controllers\AlmacenController))
#9 C:\xampp\htdocs\MvcTramuca\system\CodeIgniter.php(351): CodeIgniter\CodeIgniter->handleRequest(NULL, Object(Config\Cache), false)
#10 C:\xampp\htdocs\MvcTramuca\public\index.php(67): CodeIgniter\CodeIgniter->run()
#11 C:\xampp\htdocs\MvcTramuca\system\Commands\Server\rewrite.php(46): require_once('C:\\xampp\\htdocs...')
#12 {main}
CRITICAL - 2022-11-28 17:11:06 --> Unknown column 'tb_compra.id_producto' in 'field list'
in SYSTEMPATH\Database\MySQLi\Connection.php on line 292.
 1 SYSTEMPATH\Database\MySQLi\Connection.php(292): mysqli->query('SELECT `tb_compra`.`id_producto`, `tb_producto`.`producto`
FROM `tb_almacen`
JOIN `tb_producto` ON `tb_compra`.`id_producto`=`tb_producto`.`id_producto`', 0)
 2 SYSTEMPATH\Database\BaseConnection.php(666): CodeIgniter\Database\MySQLi\Connection->execute('SELECT `tb_compra`.`id_producto`, `tb_producto`.`producto`
FROM `tb_almacen`
JOIN `tb_producto` ON `tb_compra`.`id_producto`=`tb_producto`.`id_producto`')
 3 SYSTEMPATH\Database\BaseConnection.php(593): CodeIgniter\Database\BaseConnection->simpleQuery('SELECT `tb_compra`.`id_producto`, `tb_producto`.`producto`
FROM `tb_almacen`
JOIN `tb_producto` ON `tb_compra`.`id_producto`=`tb_producto`.`id_producto`')
 4 SYSTEMPATH\Database\BaseBuilder.php(1585): CodeIgniter\Database\BaseConnection->query('SELECT `tb_compra`.`id_producto`, `tb_producto`.`producto`
FROM `tb_almacen`
JOIN `tb_producto` ON `tb_compra`.`id_producto`=`tb_producto`.`id_producto`', [], false)
 5 SYSTEMPATH\Model.php(223): CodeIgniter\Database\BaseBuilder->get()
 6 SYSTEMPATH\BaseModel.php(585): CodeIgniter\Model->doFindAll(0, 0)
 7 APPPATH\Controllers\AlmacenController.php(22): CodeIgniter\BaseModel->findAll()
 8 SYSTEMPATH\CodeIgniter.php(928): App\Controllers\AlmacenController->index()
 9 SYSTEMPATH\CodeIgniter.php(482): CodeIgniter\CodeIgniter->runController(Object(App\Controllers\AlmacenController))
10 SYSTEMPATH\CodeIgniter.php(351): CodeIgniter\CodeIgniter->handleRequest(null, Object(Config\Cache), false)
11 FCPATH\index.php(67): CodeIgniter\CodeIgniter->run()
12 SYSTEMPATH\Commands\Server\rewrite.php(46): require_once('FCPATH\\index.php')
ERROR - 2022-11-28 17:11:06 --> mysqli_sql_exception: Unknown column 'tb_compra.id_producto' in 'field list' in C:\xampp\htdocs\MvcTramuca\system\Database\MySQLi\Connection.php:292
Stack trace:
#0 C:\xampp\htdocs\MvcTramuca\system\Database\MySQLi\Connection.php(292): mysqli->query('SELECT `tb_comp...', 0)
#1 C:\xampp\htdocs\MvcTramuca\system\Database\BaseConnection.php(666): CodeIgniter\Database\MySQLi\Connection->execute('SELECT `tb_comp...')
#2 C:\xampp\htdocs\MvcTramuca\system\Database\BaseConnection.php(593): CodeIgniter\Database\BaseConnection->simpleQuery('SELECT `tb_comp...')
#3 C:\xampp\htdocs\MvcTramuca\system\Database\BaseBuilder.php(1585): CodeIgniter\Database\BaseConnection->query('SELECT `tb_comp...', Array, false)
#4 C:\xampp\htdocs\MvcTramuca\system\Model.php(223): CodeIgniter\Database\BaseBuilder->get()
#5 C:\xampp\htdocs\MvcTramuca\system\BaseModel.php(585): CodeIgniter\Model->doFindAll(0, 0)
#6 C:\xampp\htdocs\MvcTramuca\app\Controllers\AlmacenController.php(22): CodeIgniter\BaseModel->findAll()
#7 C:\xampp\htdocs\MvcTramuca\system\CodeIgniter.php(928): App\Controllers\AlmacenController->index()
#8 C:\xampp\htdocs\MvcTramuca\system\CodeIgniter.php(482): CodeIgniter\CodeIgniter->runController(Object(App\Controllers\AlmacenController))
#9 C:\xampp\htdocs\MvcTramuca\system\CodeIgniter.php(351): CodeIgniter\CodeIgniter->handleRequest(NULL, Object(Config\Cache), false)
#10 C:\xampp\htdocs\MvcTramuca\public\index.php(67): CodeIgniter\CodeIgniter->run()
#11 C:\xampp\htdocs\MvcTramuca\system\Commands\Server\rewrite.php(46): require_once('C:\\xampp\\htdocs...')
#12 {main}
CRITICAL - 2022-11-28 17:11:06 --> Unknown column 'tb_compra.id_producto' in 'field list'
in SYSTEMPATH\Database\MySQLi\Connection.php on line 292.
 1 SYSTEMPATH\Database\MySQLi\Connection.php(292): mysqli->query('SELECT `tb_compra`.`id_producto`, `tb_producto`.`producto`
FROM `tb_almacen`
JOIN `tb_producto` ON `tb_compra`.`id_producto`=`tb_producto`.`id_producto`', 0)
 2 SYSTEMPATH\Database\BaseConnection.php(666): CodeIgniter\Database\MySQLi\Connection->execute('SELECT `tb_compra`.`id_producto`, `tb_producto`.`producto`
FROM `tb_almacen`
JOIN `tb_producto` ON `tb_compra`.`id_producto`=`tb_producto`.`id_producto`')
 3 SYSTEMPATH\Database\BaseConnection.php(593): CodeIgniter\Database\BaseConnection->simpleQuery('SELECT `tb_compra`.`id_producto`, `tb_producto`.`producto`
FROM `tb_almacen`
JOIN `tb_producto` ON `tb_compra`.`id_producto`=`tb_producto`.`id_producto`')
 4 SYSTEMPATH\Database\BaseBuilder.php(1585): CodeIgniter\Database\BaseConnection->query('SELECT `tb_compra`.`id_producto`, `tb_producto`.`producto`
FROM `tb_almacen`
JOIN `tb_producto` ON `tb_compra`.`id_producto`=`tb_producto`.`id_producto`', [], false)
 5 SYSTEMPATH\Model.php(223): CodeIgniter\Database\BaseBuilder->get()
 6 SYSTEMPATH\BaseModel.php(585): CodeIgniter\Model->doFindAll(0, 0)
 7 APPPATH\Controllers\AlmacenController.php(22): CodeIgniter\BaseModel->findAll()
 8 SYSTEMPATH\CodeIgniter.php(928): App\Controllers\AlmacenController->index()
 9 SYSTEMPATH\CodeIgniter.php(482): CodeIgniter\CodeIgniter->runController(Object(App\Controllers\AlmacenController))
10 SYSTEMPATH\CodeIgniter.php(351): CodeIgniter\CodeIgniter->handleRequest(null, Object(Config\Cache), false)
11 FCPATH\index.php(67): CodeIgniter\CodeIgniter->run()
12 SYSTEMPATH\Commands\Server\rewrite.php(46): require_once('FCPATH\\index.php')
ERROR - 2022-11-28 17:12:35 --> mysqli_sql_exception: Unknown column 'tb_producto.producto' in 'field list' in C:\xampp\htdocs\MvcTramuca\system\Database\MySQLi\Connection.php:292
Stack trace:
#0 C:\xampp\htdocs\MvcTramuca\system\Database\MySQLi\Connection.php(292): mysqli->query('SELECT `tb_comp...', 0)
#1 C:\xampp\htdocs\MvcTramuca\system\Database\BaseConnection.php(666): CodeIgniter\Database\MySQLi\Connection->execute('SELECT `tb_comp...')
#2 C:\xampp\htdocs\MvcTramuca\system\Database\BaseConnection.php(593): CodeIgniter\Database\BaseConnection->simpleQuery('SELECT `tb_comp...')
#3 C:\xampp\htdocs\MvcTramuca\system\Database\BaseBuilder.php(1585): CodeIgniter\Database\BaseConnection->query('SELECT `tb_comp...', Array, false)
#4 C:\xampp\htdocs\MvcTramuca\system\Model.php(223): CodeIgniter\Database\BaseBuilder->get()
#5 C:\xampp\htdocs\MvcTramuca\system\BaseModel.php(585): CodeIgniter\Model->doFindAll(0, 0)
#6 C:\xampp\htdocs\MvcTramuca\app\Controllers\AlmacenController.php(22): CodeIgniter\BaseModel->findAll()
#7 C:\xampp\htdocs\MvcTramuca\system\CodeIgniter.php(928): App\Controllers\AlmacenController->index()
#8 C:\xampp\htdocs\MvcTramuca\system\CodeIgniter.php(482): CodeIgniter\CodeIgniter->runController(Object(App\Controllers\AlmacenController))
#9 C:\xampp\htdocs\MvcTramuca\system\CodeIgniter.php(351): CodeIgniter\CodeIgniter->handleRequest(NULL, Object(Config\Cache), false)
#10 C:\xampp\htdocs\MvcTramuca\public\index.php(67): CodeIgniter\CodeIgniter->run()
#11 C:\xampp\htdocs\MvcTramuca\system\Commands\Server\rewrite.php(46): require_once('C:\\xampp\\htdocs...')
#12 {main}
CRITICAL - 2022-11-28 17:12:35 --> Unknown column 'tb_producto.producto' in 'field list'
in SYSTEMPATH\Database\MySQLi\Connection.php on line 292.
 1 SYSTEMPATH\Database\MySQLi\Connection.php(292): mysqli->query('SELECT `tb_compra`.`id_producto`, `tb_producto`.`producto`
FROM `tb_almacen`
JOIN `tb_compra` ON `tb_compra`.`id_producto`=`tb_producto`.`id_producto`', 0)
 2 SYSTEMPATH\Database\BaseConnection.php(666): CodeIgniter\Database\MySQLi\Connection->execute('SELECT `tb_compra`.`id_producto`, `tb_producto`.`producto`
FROM `tb_almacen`
JOIN `tb_compra` ON `tb_compra`.`id_producto`=`tb_producto`.`id_producto`')
 3 SYSTEMPATH\Database\BaseConnection.php(593): CodeIgniter\Database\BaseConnection->simpleQuery('SELECT `tb_compra`.`id_producto`, `tb_producto`.`producto`
FROM `tb_almacen`
JOIN `tb_compra` ON `tb_compra`.`id_producto`=`tb_producto`.`id_producto`')
 4 SYSTEMPATH\Database\BaseBuilder.php(1585): CodeIgniter\Database\BaseConnection->query('SELECT `tb_compra`.`id_producto`, `tb_producto`.`producto`
FROM `tb_almacen`
JOIN `tb_compra` ON `tb_compra`.`id_producto`=`tb_producto`.`id_producto`', [], false)
 5 SYSTEMPATH\Model.php(223): CodeIgniter\Database\BaseBuilder->get()
 6 SYSTEMPATH\BaseModel.php(585): CodeIgniter\Model->doFindAll(0, 0)
 7 APPPATH\Controllers\AlmacenController.php(22): CodeIgniter\BaseModel->findAll()
 8 SYSTEMPATH\CodeIgniter.php(928): App\Controllers\AlmacenController->index()
 9 SYSTEMPATH\CodeIgniter.php(482): CodeIgniter\CodeIgniter->runController(Object(App\Controllers\AlmacenController))
10 SYSTEMPATH\CodeIgniter.php(351): CodeIgniter\CodeIgniter->handleRequest(null, Object(Config\Cache), false)
11 FCPATH\index.php(67): CodeIgniter\CodeIgniter->run()
12 SYSTEMPATH\Commands\Server\rewrite.php(46): require_once('FCPATH\\index.php')
ERROR - 2022-11-28 17:14:24 --> mysqli_sql_exception: Unknown column 'tb_compra.id_producto' in 'field list' in C:\xampp\htdocs\MvcTramuca\system\Database\MySQLi\Connection.php:292
Stack trace:
#0 C:\xampp\htdocs\MvcTramuca\system\Database\MySQLi\Connection.php(292): mysqli->query('SELECT `tb_comp...', 0)
#1 C:\xampp\htdocs\MvcTramuca\system\Database\BaseConnection.php(666): CodeIgniter\Database\MySQLi\Connection->execute('SELECT `tb_comp...')
#2 C:\xampp\htdocs\MvcTramuca\system\Database\BaseConnection.php(593): CodeIgniter\Database\BaseConnection->simpleQuery('SELECT `tb_comp...')
#3 C:\xampp\htdocs\MvcTramuca\system\Database\BaseBuilder.php(1585): CodeIgniter\Database\BaseConnection->query('SELECT `tb_comp...', Array, false)
#4 C:\xampp\htdocs\MvcTramuca\system\Model.php(223): CodeIgniter\Database\BaseBuilder->get()
#5 C:\xampp\htdocs\MvcTramuca\system\BaseModel.php(585): CodeIgniter\Model->doFindAll(0, 0)
#6 C:\xampp\htdocs\MvcTramuca\app\Controllers\AlmacenController.php(22): CodeIgniter\BaseModel->findAll()
#7 C:\xampp\htdocs\MvcTramuca\system\CodeIgniter.php(928): App\Controllers\AlmacenController->index()
#8 C:\xampp\htdocs\MvcTramuca\system\CodeIgniter.php(482): CodeIgniter\CodeIgniter->runController(Object(App\Controllers\AlmacenController))
#9 C:\xampp\htdocs\MvcTramuca\system\CodeIgniter.php(351): CodeIgniter\CodeIgniter->handleRequest(NULL, Object(Config\Cache), false)
#10 C:\xampp\htdocs\MvcTramuca\public\index.php(67): CodeIgniter\CodeIgniter->run()
#11 C:\xampp\htdocs\MvcTramuca\system\Commands\Server\rewrite.php(46): require_once('C:\\xampp\\htdocs...')
#12 {main}
CRITICAL - 2022-11-28 17:14:24 --> Unknown column 'tb_compra.id_producto' in 'field list'
in SYSTEMPATH\Database\MySQLi\Connection.php on line 292.
 1 SYSTEMPATH\Database\MySQLi\Connection.php(292): mysqli->query('SELECT `tb_compra`.`id_producto`, `tb_producto`.`producto`
FROM `tb_almacen`
JOIN `tb_producto` ON `tb_compra`.`id_producto`=`tb_producto`.`id_producto`', 0)
 2 SYSTEMPATH\Database\BaseConnection.php(666): CodeIgniter\Database\MySQLi\Connection->execute('SELECT `tb_compra`.`id_producto`, `tb_producto`.`producto`
FROM `tb_almacen`
JOIN `tb_producto` ON `tb_compra`.`id_producto`=`tb_producto`.`id_producto`')
 3 SYSTEMPATH\Database\BaseConnection.php(593): CodeIgniter\Database\BaseConnection->simpleQuery('SELECT `tb_compra`.`id_producto`, `tb_producto`.`producto`
FROM `tb_almacen`
JOIN `tb_producto` ON `tb_compra`.`id_producto`=`tb_producto`.`id_producto`')
 4 SYSTEMPATH\Database\BaseBuilder.php(1585): CodeIgniter\Database\BaseConnection->query('SELECT `tb_compra`.`id_producto`, `tb_producto`.`producto`
FROM `tb_almacen`
JOIN `tb_producto` ON `tb_compra`.`id_producto`=`tb_producto`.`id_producto`', [], false)
 5 SYSTEMPATH\Model.php(223): CodeIgniter\Database\BaseBuilder->get()
 6 SYSTEMPATH\BaseModel.php(585): CodeIgniter\Model->doFindAll(0, 0)
 7 APPPATH\Controllers\AlmacenController.php(22): CodeIgniter\BaseModel->findAll()
 8 SYSTEMPATH\CodeIgniter.php(928): App\Controllers\AlmacenController->index()
 9 SYSTEMPATH\CodeIgniter.php(482): CodeIgniter\CodeIgniter->runController(Object(App\Controllers\AlmacenController))
10 SYSTEMPATH\CodeIgniter.php(351): CodeIgniter\CodeIgniter->handleRequest(null, Object(Config\Cache), false)
11 FCPATH\index.php(67): CodeIgniter\CodeIgniter->run()
12 SYSTEMPATH\Commands\Server\rewrite.php(46): require_once('FCPATH\\index.php')
ERROR - 2022-11-28 17:14:25 --> mysqli_sql_exception: Unknown column 'tb_compra.id_producto' in 'field list' in C:\xampp\htdocs\MvcTramuca\system\Database\MySQLi\Connection.php:292
Stack trace:
#0 C:\xampp\htdocs\MvcTramuca\system\Database\MySQLi\Connection.php(292): mysqli->query('SELECT `tb_comp...', 0)
#1 C:\xampp\htdocs\MvcTramuca\system\Database\BaseConnection.php(666): CodeIgniter\Database\MySQLi\Connection->execute('SELECT `tb_comp...')
#2 C:\xampp\htdocs\MvcTramuca\system\Database\BaseConnection.php(593): CodeIgniter\Database\BaseConnection->simpleQuery('SELECT `tb_comp...')
#3 C:\xampp\htdocs\MvcTramuca\system\Database\BaseBuilder.php(1585): CodeIgniter\Database\BaseConnection->query('SELECT `tb_comp...', Array, false)
#4 C:\xampp\htdocs\MvcTramuca\system\Model.php(223): CodeIgniter\Database\BaseBuilder->get()
#5 C:\xampp\htdocs\MvcTramuca\system\BaseModel.php(585): CodeIgniter\Model->doFindAll(0, 0)
#6 C:\xampp\htdocs\MvcTramuca\app\Controllers\AlmacenController.php(22): CodeIgniter\BaseModel->findAll()
#7 C:\xampp\htdocs\MvcTramuca\system\CodeIgniter.php(928): App\Controllers\AlmacenController->index()
#8 C:\xampp\htdocs\MvcTramuca\system\CodeIgniter.php(482): CodeIgniter\CodeIgniter->runController(Object(App\Controllers\AlmacenController))
#9 C:\xampp\htdocs\MvcTramuca\system\CodeIgniter.php(351): CodeIgniter\CodeIgniter->handleRequest(NULL, Object(Config\Cache), false)
#10 C:\xampp\htdocs\MvcTramuca\public\index.php(67): CodeIgniter\CodeIgniter->run()
#11 C:\xampp\htdocs\MvcTramuca\system\Commands\Server\rewrite.php(46): require_once('C:\\xampp\\htdocs...')
#12 {main}
CRITICAL - 2022-11-28 17:14:25 --> Unknown column 'tb_compra.id_producto' in 'field list'
in SYSTEMPATH\Database\MySQLi\Connection.php on line 292.
 1 SYSTEMPATH\Database\MySQLi\Connection.php(292): mysqli->query('SELECT `tb_compra`.`id_producto`, `tb_producto`.`producto`
FROM `tb_almacen`
JOIN `tb_producto` ON `tb_compra`.`id_producto`=`tb_producto`.`id_producto`', 0)
 2 SYSTEMPATH\Database\BaseConnection.php(666): CodeIgniter\Database\MySQLi\Connection->execute('SELECT `tb_compra`.`id_producto`, `tb_producto`.`producto`
FROM `tb_almacen`
JOIN `tb_producto` ON `tb_compra`.`id_producto`=`tb_producto`.`id_producto`')
 3 SYSTEMPATH\Database\BaseConnection.php(593): CodeIgniter\Database\BaseConnection->simpleQuery('SELECT `tb_compra`.`id_producto`, `tb_producto`.`producto`
FROM `tb_almacen`
JOIN `tb_producto` ON `tb_compra`.`id_producto`=`tb_producto`.`id_producto`')
 4 SYSTEMPATH\Database\BaseBuilder.php(1585): CodeIgniter\Database\BaseConnection->query('SELECT `tb_compra`.`id_producto`, `tb_producto`.`producto`
FROM `tb_almacen`
JOIN `tb_producto` ON `tb_compra`.`id_producto`=`tb_producto`.`id_producto`', [], false)
 5 SYSTEMPATH\Model.php(223): CodeIgniter\Database\BaseBuilder->get()
 6 SYSTEMPATH\BaseModel.php(585): CodeIgniter\Model->doFindAll(0, 0)
 7 APPPATH\Controllers\AlmacenController.php(22): CodeIgniter\BaseModel->findAll()
 8 SYSTEMPATH\CodeIgniter.php(928): App\Controllers\AlmacenController->index()
 9 SYSTEMPATH\CodeIgniter.php(482): CodeIgniter\CodeIgniter->runController(Object(App\Controllers\AlmacenController))
10 SYSTEMPATH\CodeIgniter.php(351): CodeIgniter\CodeIgniter->handleRequest(null, Object(Config\Cache), false)
11 FCPATH\index.php(67): CodeIgniter\CodeIgniter->run()
12 SYSTEMPATH\Commands\Server\rewrite.php(46): require_once('FCPATH\\index.php')
ERROR - 2022-11-28 17:14:31 --> mysqli_sql_exception: Unknown column 'tb_compra.id_producto' in 'field list' in C:\xampp\htdocs\MvcTramuca\system\Database\MySQLi\Connection.php:292
Stack trace:
#0 C:\xampp\htdocs\MvcTramuca\system\Database\MySQLi\Connection.php(292): mysqli->query('SELECT `tb_comp...', 0)
#1 C:\xampp\htdocs\MvcTramuca\system\Database\BaseConnection.php(666): CodeIgniter\Database\MySQLi\Connection->execute('SELECT `tb_comp...')
#2 C:\xampp\htdocs\MvcTramuca\system\Database\BaseConnection.php(593): CodeIgniter\Database\BaseConnection->simpleQuery('SELECT `tb_comp...')
#3 C:\xampp\htdocs\MvcTramuca\system\Database\BaseBuilder.php(1585): CodeIgniter\Database\BaseConnection->query('SELECT `tb_comp...', Array, false)
#4 C:\xampp\htdocs\MvcTramuca\system\Model.php(223): CodeIgniter\Database\BaseBuilder->get()
#5 C:\xampp\htdocs\MvcTramuca\system\BaseModel.php(585): CodeIgniter\Model->doFindAll(0, 0)
#6 C:\xampp\htdocs\MvcTramuca\app\Controllers\AlmacenController.php(22): CodeIgniter\BaseModel->findAll()
#7 C:\xampp\htdocs\MvcTramuca\system\CodeIgniter.php(928): App\Controllers\AlmacenController->index()
#8 C:\xampp\htdocs\MvcTramuca\system\CodeIgniter.php(482): CodeIgniter\CodeIgniter->runController(Object(App\Controllers\AlmacenController))
#9 C:\xampp\htdocs\MvcTramuca\system\CodeIgniter.php(351): CodeIgniter\CodeIgniter->handleRequest(NULL, Object(Config\Cache), false)
#10 C:\xampp\htdocs\MvcTramuca\public\index.php(67): CodeIgniter\CodeIgniter->run()
#11 C:\xampp\htdocs\MvcTramuca\system\Commands\Server\rewrite.php(46): require_once('C:\\xampp\\htdocs...')
#12 {main}
CRITICAL - 2022-11-28 17:14:31 --> Unknown column 'tb_compra.id_producto' in 'field list'
in SYSTEMPATH\Database\MySQLi\Connection.php on line 292.
 1 SYSTEMPATH\Database\MySQLi\Connection.php(292): mysqli->query('SELECT `tb_compra`.`id_producto`, `tb_producto`.`producto`
FROM `tb_almacen`
JOIN `tb_producto` ON `tb_compra`.`id_producto`=`tb_producto`.`id_producto`', 0)
 2 SYSTEMPATH\Database\BaseConnection.php(666): CodeIgniter\Database\MySQLi\Connection->execute('SELECT `tb_compra`.`id_producto`, `tb_producto`.`producto`
FROM `tb_almacen`
JOIN `tb_producto` ON `tb_compra`.`id_producto`=`tb_producto`.`id_producto`')
 3 SYSTEMPATH\Database\BaseConnection.php(593): CodeIgniter\Database\BaseConnection->simpleQuery('SELECT `tb_compra`.`id_producto`, `tb_producto`.`producto`
FROM `tb_almacen`
JOIN `tb_producto` ON `tb_compra`.`id_producto`=`tb_producto`.`id_producto`')
 4 SYSTEMPATH\Database\BaseBuilder.php(1585): CodeIgniter\Database\BaseConnection->query('SELECT `tb_compra`.`id_producto`, `tb_producto`.`producto`
FROM `tb_almacen`
JOIN `tb_producto` ON `tb_compra`.`id_producto`=`tb_producto`.`id_producto`', [], false)
 5 SYSTEMPATH\Model.php(223): CodeIgniter\Database\BaseBuilder->get()
 6 SYSTEMPATH\BaseModel.php(585): CodeIgniter\Model->doFindAll(0, 0)
 7 APPPATH\Controllers\AlmacenController.php(22): CodeIgniter\BaseModel->findAll()
 8 SYSTEMPATH\CodeIgniter.php(928): App\Controllers\AlmacenController->index()
 9 SYSTEMPATH\CodeIgniter.php(482): CodeIgniter\CodeIgniter->runController(Object(App\Controllers\AlmacenController))
10 SYSTEMPATH\CodeIgniter.php(351): CodeIgniter\CodeIgniter->handleRequest(null, Object(Config\Cache), false)
11 FCPATH\index.php(67): CodeIgniter\CodeIgniter->run()
12 SYSTEMPATH\Commands\Server\rewrite.php(46): require_once('FCPATH\\index.php')
ERROR - 2022-11-28 17:14:32 --> mysqli_sql_exception: Unknown column 'tb_compra.id_producto' in 'field list' in C:\xampp\htdocs\MvcTramuca\system\Database\MySQLi\Connection.php:292
Stack trace:
#0 C:\xampp\htdocs\MvcTramuca\system\Database\MySQLi\Connection.php(292): mysqli->query('SELECT `tb_comp...', 0)
#1 C:\xampp\htdocs\MvcTramuca\system\Database\BaseConnection.php(666): CodeIgniter\Database\MySQLi\Connection->execute('SELECT `tb_comp...')
#2 C:\xampp\htdocs\MvcTramuca\system\Database\BaseConnection.php(593): CodeIgniter\Database\BaseConnection->simpleQuery('SELECT `tb_comp...')
#3 C:\xampp\htdocs\MvcTramuca\system\Database\BaseBuilder.php(1585): CodeIgniter\Database\BaseConnection->query('SELECT `tb_comp...', Array, false)
#4 C:\xampp\htdocs\MvcTramuca\system\Model.php(223): CodeIgniter\Database\BaseBuilder->get()
#5 C:\xampp\htdocs\MvcTramuca\system\BaseModel.php(585): CodeIgniter\Model->doFindAll(0, 0)
#6 C:\xampp\htdocs\MvcTramuca\app\Controllers\AlmacenController.php(22): CodeIgniter\BaseModel->findAll()
#7 C:\xampp\htdocs\MvcTramuca\system\CodeIgniter.php(928): App\Controllers\AlmacenController->index()
#8 C:\xampp\htdocs\MvcTramuca\system\CodeIgniter.php(482): CodeIgniter\CodeIgniter->runController(Object(App\Controllers\AlmacenController))
#9 C:\xampp\htdocs\MvcTramuca\system\CodeIgniter.php(351): CodeIgniter\CodeIgniter->handleRequest(NULL, Object(Config\Cache), false)
#10 C:\xampp\htdocs\MvcTramuca\public\index.php(67): CodeIgniter\CodeIgniter->run()
#11 C:\xampp\htdocs\MvcTramuca\system\Commands\Server\rewrite.php(46): require_once('C:\\xampp\\htdocs...')
#12 {main}
CRITICAL - 2022-11-28 17:14:32 --> Unknown column 'tb_compra.id_producto' in 'field list'
in SYSTEMPATH\Database\MySQLi\Connection.php on line 292.
 1 SYSTEMPATH\Database\MySQLi\Connection.php(292): mysqli->query('SELECT `tb_compra`.`id_producto`, `tb_producto`.`producto`
FROM `tb_almacen`
JOIN `tb_producto` ON `tb_compra`.`id_producto`=`tb_producto`.`id_producto`', 0)
 2 SYSTEMPATH\Database\BaseConnection.php(666): CodeIgniter\Database\MySQLi\Connection->execute('SELECT `tb_compra`.`id_producto`, `tb_producto`.`producto`
FROM `tb_almacen`
JOIN `tb_producto` ON `tb_compra`.`id_producto`=`tb_producto`.`id_producto`')
 3 SYSTEMPATH\Database\BaseConnection.php(593): CodeIgniter\Database\BaseConnection->simpleQuery('SELECT `tb_compra`.`id_producto`, `tb_producto`.`producto`
FROM `tb_almacen`
JOIN `tb_producto` ON `tb_compra`.`id_producto`=`tb_producto`.`id_producto`')
 4 SYSTEMPATH\Database\BaseBuilder.php(1585): CodeIgniter\Database\BaseConnection->query('SELECT `tb_compra`.`id_producto`, `tb_producto`.`producto`
FROM `tb_almacen`
JOIN `tb_producto` ON `tb_compra`.`id_producto`=`tb_producto`.`id_producto`', [], false)
 5 SYSTEMPATH\Model.php(223): CodeIgniter\Database\BaseBuilder->get()
 6 SYSTEMPATH\BaseModel.php(585): CodeIgniter\Model->doFindAll(0, 0)
 7 APPPATH\Controllers\AlmacenController.php(22): CodeIgniter\BaseModel->findAll()
 8 SYSTEMPATH\CodeIgniter.php(928): App\Controllers\AlmacenController->index()
 9 SYSTEMPATH\CodeIgniter.php(482): CodeIgniter\CodeIgniter->runController(Object(App\Controllers\AlmacenController))
10 SYSTEMPATH\CodeIgniter.php(351): CodeIgniter\CodeIgniter->handleRequest(null, Object(Config\Cache), false)
11 FCPATH\index.php(67): CodeIgniter\CodeIgniter->run()
12 SYSTEMPATH\Commands\Server\rewrite.php(46): require_once('FCPATH\\index.php')
ERROR - 2022-11-28 17:14:40 --> mysqli_sql_exception: Unknown column 'tb_compra.id_producto' in 'field list' in C:\xampp\htdocs\MvcTramuca\system\Database\MySQLi\Connection.php:292
Stack trace:
#0 C:\xampp\htdocs\MvcTramuca\system\Database\MySQLi\Connection.php(292): mysqli->query('SELECT `tb_comp...', 0)
#1 C:\xampp\htdocs\MvcTramuca\system\Database\BaseConnection.php(666): CodeIgniter\Database\MySQLi\Connection->execute('SELECT `tb_comp...')
#2 C:\xampp\htdocs\MvcTramuca\system\Database\BaseConnection.php(593): CodeIgniter\Database\BaseConnection->simpleQuery('SELECT `tb_comp...')
#3 C:\xampp\htdocs\MvcTramuca\system\Database\BaseBuilder.php(1585): CodeIgniter\Database\BaseConnection->query('SELECT `tb_comp...', Array, false)
#4 C:\xampp\htdocs\MvcTramuca\system\Model.php(223): CodeIgniter\Database\BaseBuilder->get()
#5 C:\xampp\htdocs\MvcTramuca\system\BaseModel.php(585): CodeIgniter\Model->doFindAll(0, 0)
#6 C:\xampp\htdocs\MvcTramuca\app\Controllers\AlmacenController.php(22): CodeIgniter\BaseModel->findAll()
#7 C:\xampp\htdocs\MvcTramuca\system\CodeIgniter.php(928): App\Controllers\AlmacenController->index()
#8 C:\xampp\htdocs\MvcTramuca\system\CodeIgniter.php(482): CodeIgniter\CodeIgniter->runController(Object(App\Controllers\AlmacenController))
#9 C:\xampp\htdocs\MvcTramuca\system\CodeIgniter.php(351): CodeIgniter\CodeIgniter->handleRequest(NULL, Object(Config\Cache), false)
#10 C:\xampp\htdocs\MvcTramuca\public\index.php(67): CodeIgniter\CodeIgniter->run()
#11 C:\xampp\htdocs\MvcTramuca\system\Commands\Server\rewrite.php(46): require_once('C:\\xampp\\htdocs...')
#12 {main}
CRITICAL - 2022-11-28 17:14:40 --> Unknown column 'tb_compra.id_producto' in 'field list'
in SYSTEMPATH\Database\MySQLi\Connection.php on line 292.
 1 SYSTEMPATH\Database\MySQLi\Connection.php(292): mysqli->query('SELECT `tb_compra`.`id_producto`, `tb_producto`.`producto`
FROM `tb_almacen`
JOIN `tb_producto` ON `tb_compra`.`id_producto`=`tb_producto`.`id_producto`', 0)
 2 SYSTEMPATH\Database\BaseConnection.php(666): CodeIgniter\Database\MySQLi\Connection->execute('SELECT `tb_compra`.`id_producto`, `tb_producto`.`producto`
FROM `tb_almacen`
JOIN `tb_producto` ON `tb_compra`.`id_producto`=`tb_producto`.`id_producto`')
 3 SYSTEMPATH\Database\BaseConnection.php(593): CodeIgniter\Database\BaseConnection->simpleQuery('SELECT `tb_compra`.`id_producto`, `tb_producto`.`producto`
FROM `tb_almacen`
JOIN `tb_producto` ON `tb_compra`.`id_producto`=`tb_producto`.`id_producto`')
 4 SYSTEMPATH\Database\BaseBuilder.php(1585): CodeIgniter\Database\BaseConnection->query('SELECT `tb_compra`.`id_producto`, `tb_producto`.`producto`
FROM `tb_almacen`
JOIN `tb_producto` ON `tb_compra`.`id_producto`=`tb_producto`.`id_producto`', [], false)
 5 SYSTEMPATH\Model.php(223): CodeIgniter\Database\BaseBuilder->get()
 6 SYSTEMPATH\BaseModel.php(585): CodeIgniter\Model->doFindAll(0, 0)
 7 APPPATH\Controllers\AlmacenController.php(22): CodeIgniter\BaseModel->findAll()
 8 SYSTEMPATH\CodeIgniter.php(928): App\Controllers\AlmacenController->index()
 9 SYSTEMPATH\CodeIgniter.php(482): CodeIgniter\CodeIgniter->runController(Object(App\Controllers\AlmacenController))
10 SYSTEMPATH\CodeIgniter.php(351): CodeIgniter\CodeIgniter->handleRequest(null, Object(Config\Cache), false)
11 FCPATH\index.php(67): CodeIgniter\CodeIgniter->run()
12 SYSTEMPATH\Commands\Server\rewrite.php(46): require_once('FCPATH\\index.php')
ERROR - 2022-11-28 17:14:41 --> mysqli_sql_exception: Unknown column 'tb_compra.id_producto' in 'field list' in C:\xampp\htdocs\MvcTramuca\system\Database\MySQLi\Connection.php:292
Stack trace:
#0 C:\xampp\htdocs\MvcTramuca\system\Database\MySQLi\Connection.php(292): mysqli->query('SELECT `tb_comp...', 0)
#1 C:\xampp\htdocs\MvcTramuca\system\Database\BaseConnection.php(666): CodeIgniter\Database\MySQLi\Connection->execute('SELECT `tb_comp...')
#2 C:\xampp\htdocs\MvcTramuca\system\Database\BaseConnection.php(593): CodeIgniter\Database\BaseConnection->simpleQuery('SELECT `tb_comp...')
#3 C:\xampp\htdocs\MvcTramuca\system\Database\BaseBuilder.php(1585): CodeIgniter\Database\BaseConnection->query('SELECT `tb_comp...', Array, false)
#4 C:\xampp\htdocs\MvcTramuca\system\Model.php(223): CodeIgniter\Database\BaseBuilder->get()
#5 C:\xampp\htdocs\MvcTramuca\system\BaseModel.php(585): CodeIgniter\Model->doFindAll(0, 0)
#6 C:\xampp\htdocs\MvcTramuca\app\Controllers\AlmacenController.php(22): CodeIgniter\BaseModel->findAll()
#7 C:\xampp\htdocs\MvcTramuca\system\CodeIgniter.php(928): App\Controllers\AlmacenController->index()
#8 C:\xampp\htdocs\MvcTramuca\system\CodeIgniter.php(482): CodeIgniter\CodeIgniter->runController(Object(App\Controllers\AlmacenController))
#9 C:\xampp\htdocs\MvcTramuca\system\CodeIgniter.php(351): CodeIgniter\CodeIgniter->handleRequest(NULL, Object(Config\Cache), false)
#10 C:\xampp\htdocs\MvcTramuca\public\index.php(67): CodeIgniter\CodeIgniter->run()
#11 C:\xampp\htdocs\MvcTramuca\system\Commands\Server\rewrite.php(46): require_once('C:\\xampp\\htdocs...')
#12 {main}
CRITICAL - 2022-11-28 17:14:41 --> Unknown column 'tb_compra.id_producto' in 'field list'
in SYSTEMPATH\Database\MySQLi\Connection.php on line 292.
 1 SYSTEMPATH\Database\MySQLi\Connection.php(292): mysqli->query('SELECT `tb_compra`.`id_producto`, `tb_producto`.`producto`
FROM `tb_almacen`
JOIN `tb_producto` ON `tb_compra`.`id_producto`=`tb_producto`.`id_producto`', 0)
 2 SYSTEMPATH\Database\BaseConnection.php(666): CodeIgniter\Database\MySQLi\Connection->execute('SELECT `tb_compra`.`id_producto`, `tb_producto`.`producto`
FROM `tb_almacen`
JOIN `tb_producto` ON `tb_compra`.`id_producto`=`tb_producto`.`id_producto`')
 3 SYSTEMPATH\Database\BaseConnection.php(593): CodeIgniter\Database\BaseConnection->simpleQuery('SELECT `tb_compra`.`id_producto`, `tb_producto`.`producto`
FROM `tb_almacen`
JOIN `tb_producto` ON `tb_compra`.`id_producto`=`tb_producto`.`id_producto`')
 4 SYSTEMPATH\Database\BaseBuilder.php(1585): CodeIgniter\Database\BaseConnection->query('SELECT `tb_compra`.`id_producto`, `tb_producto`.`producto`
FROM `tb_almacen`
JOIN `tb_producto` ON `tb_compra`.`id_producto`=`tb_producto`.`id_producto`', [], false)
 5 SYSTEMPATH\Model.php(223): CodeIgniter\Database\BaseBuilder->get()
 6 SYSTEMPATH\BaseModel.php(585): CodeIgniter\Model->doFindAll(0, 0)
 7 APPPATH\Controllers\AlmacenController.php(22): CodeIgniter\BaseModel->findAll()
 8 SYSTEMPATH\CodeIgniter.php(928): App\Controllers\AlmacenController->index()
 9 SYSTEMPATH\CodeIgniter.php(482): CodeIgniter\CodeIgniter->runController(Object(App\Controllers\AlmacenController))
10 SYSTEMPATH\CodeIgniter.php(351): CodeIgniter\CodeIgniter->handleRequest(null, Object(Config\Cache), false)
11 FCPATH\index.php(67): CodeIgniter\CodeIgniter->run()
12 SYSTEMPATH\Commands\Server\rewrite.php(46): require_once('FCPATH\\index.php')
CRITICAL - 2022-11-28 17:19:53 --> Undefined variable $h
in APPPATH\Views\almacen\almacen.php on line 224.
 1 APPPATH\Views\almacen\almacen.php(224): CodeIgniter\Debug\Exceptions->errorHandler(2, 'Undefined variable $h', 'APPPATH\\Views\\almacen\\almacen.php', 224)
 2 SYSTEMPATH\View\View.php(213): include('APPPATH\\Views\\almacen\\almacen.php')
 3 SYSTEMPATH\View\View.php(216): CodeIgniter\View\View->CodeIgniter\View\{closure}()
 4 SYSTEMPATH\Common.php(1134): CodeIgniter\View\View->render('almacen/almacen', [...], true)
 5 APPPATH\Controllers\AlmacenController.php(28): view('almacen/almacen', [...], [...])
 6 SYSTEMPATH\CodeIgniter.php(928): App\Controllers\AlmacenController->index()
 7 SYSTEMPATH\CodeIgniter.php(482): CodeIgniter\CodeIgniter->runController(Object(App\Controllers\AlmacenController))
 8 SYSTEMPATH\CodeIgniter.php(351): CodeIgniter\CodeIgniter->handleRequest(null, Object(Config\Cache), false)
 9 FCPATH\index.php(67): CodeIgniter\CodeIgniter->run()
10 SYSTEMPATH\Commands\Server\rewrite.php(46): require_once('FCPATH\\index.php')
CRITICAL - 2022-11-28 17:20:25 --> Undefined variable $z
in APPPATH\Views\almacen\almacen.php on line 40.
 1 APPPATH\Views\almacen\almacen.php(40): CodeIgniter\Debug\Exceptions->errorHandler(2, 'Undefined variable $z', 'APPPATH\\Views\\almacen\\almacen.php', 40)
 2 SYSTEMPATH\View\View.php(213): include('APPPATH\\Views\\almacen\\almacen.php')
 3 SYSTEMPATH\View\View.php(216): CodeIgniter\View\View->CodeIgniter\View\{closure}()
 4 SYSTEMPATH\Common.php(1134): CodeIgniter\View\View->render('almacen/almacen', [], true)
 5 APPPATH\Controllers\AlmacenController.php(28): view('almacen/almacen', [...])
 6 SYSTEMPATH\CodeIgniter.php(928): App\Controllers\AlmacenController->index()
 7 SYSTEMPATH\CodeIgniter.php(482): CodeIgniter\CodeIgniter->runController(Object(App\Controllers\AlmacenController))
 8 SYSTEMPATH\CodeIgniter.php(351): CodeIgniter\CodeIgniter->handleRequest(null, Object(Config\Cache), false)
 9 FCPATH\index.php(67): CodeIgniter\CodeIgniter->run()
10 SYSTEMPATH\Commands\Server\rewrite.php(46): require_once('FCPATH\\index.php')
CRITICAL - 2022-11-28 17:22:11 --> Undefined variable $h
in APPPATH\Views\almacen\almacen.php on line 226.
 1 APPPATH\Views\almacen\almacen.php(226): CodeIgniter\Debug\Exceptions->errorHandler(2, 'Undefined variable $h', 'APPPATH\\Views\\almacen\\almacen.php', 226)
 2 SYSTEMPATH\View\View.php(213): include('APPPATH\\Views\\almacen\\almacen.php')
 3 SYSTEMPATH\View\View.php(216): CodeIgniter\View\View->CodeIgniter\View\{closure}()
 4 SYSTEMPATH\Common.php(1134): CodeIgniter\View\View->render('almacen/almacen', [...], true)
 5 APPPATH\Controllers\AlmacenController.php(28): view('almacen/almacen', [...], [...])
 6 SYSTEMPATH\CodeIgniter.php(928): App\Controllers\AlmacenController->index()
 7 SYSTEMPATH\CodeIgniter.php(482): CodeIgniter\CodeIgniter->runController(Object(App\Controllers\AlmacenController))
 8 SYSTEMPATH\CodeIgniter.php(351): CodeIgniter\CodeIgniter->handleRequest(null, Object(Config\Cache), false)
 9 FCPATH\index.php(67): CodeIgniter\CodeIgniter->run()
10 SYSTEMPATH\Commands\Server\rewrite.php(46): require_once('FCPATH\\index.php')
CRITICAL - 2022-11-28 17:22:59 --> Undefined variable $z
in APPPATH\Views\almacen\almacen.php on line 41.
 1 APPPATH\Views\almacen\almacen.php(41): CodeIgniter\Debug\Exceptions->errorHandler(2, 'Undefined variable $z', 'APPPATH\\Views\\almacen\\almacen.php', 41)
 2 SYSTEMPATH\View\View.php(213): include('APPPATH\\Views\\almacen\\almacen.php')
 3 SYSTEMPATH\View\View.php(216): CodeIgniter\View\View->CodeIgniter\View\{closure}()
 4 SYSTEMPATH\Common.php(1134): CodeIgniter\View\View->render('almacen/almacen', [...], true)
 5 APPPATH\Controllers\AlmacenController.php(28): view('almacen/almacen', [...], [...])
 6 SYSTEMPATH\CodeIgniter.php(928): App\Controllers\AlmacenController->index()
 7 SYSTEMPATH\CodeIgniter.php(482): CodeIgniter\CodeIgniter->runController(Object(App\Controllers\AlmacenController))
 8 SYSTEMPATH\CodeIgniter.php(351): CodeIgniter\CodeIgniter->handleRequest(null, Object(Config\Cache), false)
 9 FCPATH\index.php(67): CodeIgniter\CodeIgniter->run()
10 SYSTEMPATH\Commands\Server\rewrite.php(46): require_once('FCPATH\\index.php')
CRITICAL - 2022-11-28 17:23:52 --> Undefined variable $z
in APPPATH\Views\almacen\almacen.php on line 41.
 1 APPPATH\Views\almacen\almacen.php(41): CodeIgniter\Debug\Exceptions->errorHandler(2, 'Undefined variable $z', 'APPPATH\\Views\\almacen\\almacen.php', 41)
 2 SYSTEMPATH\View\View.php(213): include('APPPATH\\Views\\almacen\\almacen.php')
 3 SYSTEMPATH\View\View.php(216): CodeIgniter\View\View->CodeIgniter\View\{closure}()
 4 SYSTEMPATH\Common.php(1134): CodeIgniter\View\View->render('almacen/almacen', [], true)
 5 APPPATH\Controllers\AlmacenController.php(27): view('almacen/almacen', [...])
 6 SYSTEMPATH\CodeIgniter.php(928): App\Controllers\AlmacenController->index()
 7 SYSTEMPATH\CodeIgniter.php(482): CodeIgniter\CodeIgniter->runController(Object(App\Controllers\AlmacenController))
 8 SYSTEMPATH\CodeIgniter.php(351): CodeIgniter\CodeIgniter->handleRequest(null, Object(Config\Cache), false)
 9 FCPATH\index.php(67): CodeIgniter\CodeIgniter->run()
10 SYSTEMPATH\Commands\Server\rewrite.php(46): require_once('FCPATH\\index.php')
CRITICAL - 2022-11-28 17:23:54 --> Undefined variable $z
in APPPATH\Views\almacen\almacen.php on line 41.
 1 APPPATH\Views\almacen\almacen.php(41): CodeIgniter\Debug\Exceptions->errorHandler(2, 'Undefined variable $z', 'APPPATH\\Views\\almacen\\almacen.php', 41)
 2 SYSTEMPATH\View\View.php(213): include('APPPATH\\Views\\almacen\\almacen.php')
 3 SYSTEMPATH\View\View.php(216): CodeIgniter\View\View->CodeIgniter\View\{closure}()
 4 SYSTEMPATH\Common.php(1134): CodeIgniter\View\View->render('almacen/almacen', [], true)
 5 APPPATH\Controllers\AlmacenController.php(27): view('almacen/almacen', [...])
 6 SYSTEMPATH\CodeIgniter.php(928): App\Controllers\AlmacenController->index()
 7 SYSTEMPATH\CodeIgniter.php(482): CodeIgniter\CodeIgniter->runController(Object(App\Controllers\AlmacenController))
 8 SYSTEMPATH\CodeIgniter.php(351): CodeIgniter\CodeIgniter->handleRequest(null, Object(Config\Cache), false)
 9 FCPATH\index.php(67): CodeIgniter\CodeIgniter->run()
10 SYSTEMPATH\Commands\Server\rewrite.php(46): require_once('FCPATH\\index.php')
CRITICAL - 2022-11-28 17:23:55 --> Undefined variable $z
in APPPATH\Views\almacen\almacen.php on line 41.
 1 APPPATH\Views\almacen\almacen.php(41): CodeIgniter\Debug\Exceptions->errorHandler(2, 'Undefined variable $z', 'APPPATH\\Views\\almacen\\almacen.php', 41)
 2 SYSTEMPATH\View\View.php(213): include('APPPATH\\Views\\almacen\\almacen.php')
 3 SYSTEMPATH\View\View.php(216): CodeIgniter\View\View->CodeIgniter\View\{closure}()
 4 SYSTEMPATH\Common.php(1134): CodeIgniter\View\View->render('almacen/almacen', [], true)
 5 APPPATH\Controllers\AlmacenController.php(27): view('almacen/almacen', [...])
 6 SYSTEMPATH\CodeIgniter.php(928): App\Controllers\AlmacenController->index()
 7 SYSTEMPATH\CodeIgniter.php(482): CodeIgniter\CodeIgniter->runController(Object(App\Controllers\AlmacenController))
 8 SYSTEMPATH\CodeIgniter.php(351): CodeIgniter\CodeIgniter->handleRequest(null, Object(Config\Cache), false)
 9 FCPATH\index.php(67): CodeIgniter\CodeIgniter->run()
10 SYSTEMPATH\Commands\Server\rewrite.php(46): require_once('FCPATH\\index.php')
CRITICAL - 2022-11-28 17:24:05 --> Undefined variable $z
in APPPATH\Views\almacen\almacen.php on line 41.
 1 APPPATH\Views\almacen\almacen.php(41): CodeIgniter\Debug\Exceptions->errorHandler(2, 'Undefined variable $z', 'APPPATH\\Views\\almacen\\almacen.php', 41)
 2 SYSTEMPATH\View\View.php(213): include('APPPATH\\Views\\almacen\\almacen.php')
 3 SYSTEMPATH\View\View.php(216): CodeIgniter\View\View->CodeIgniter\View\{closure}()
 4 SYSTEMPATH\Common.php(1134): CodeIgniter\View\View->render('almacen/almacen', [], true)
 5 APPPATH\Controllers\AlmacenController.php(27): view('almacen/almacen', [...])
 6 SYSTEMPATH\CodeIgniter.php(928): App\Controllers\AlmacenController->index()
 7 SYSTEMPATH\CodeIgniter.php(482): CodeIgniter\CodeIgniter->runController(Object(App\Controllers\AlmacenController))
 8 SYSTEMPATH\CodeIgniter.php(351): CodeIgniter\CodeIgniter->handleRequest(null, Object(Config\Cache), false)
 9 FCPATH\index.php(67): CodeIgniter\CodeIgniter->run()
10 SYSTEMPATH\Commands\Server\rewrite.php(46): require_once('FCPATH\\index.php')
CRITICAL - 2022-11-28 17:24:07 --> Undefined variable $z
in APPPATH\Views\almacen\almacen.php on line 41.
 1 APPPATH\Views\almacen\almacen.php(41): CodeIgniter\Debug\Exceptions->errorHandler(2, 'Undefined variable $z', 'APPPATH\\Views\\almacen\\almacen.php', 41)
 2 SYSTEMPATH\View\View.php(213): include('APPPATH\\Views\\almacen\\almacen.php')
 3 SYSTEMPATH\View\View.php(216): CodeIgniter\View\View->CodeIgniter\View\{closure}()
 4 SYSTEMPATH\Common.php(1134): CodeIgniter\View\View->render('almacen/almacen', [], true)
 5 APPPATH\Controllers\AlmacenController.php(27): view('almacen/almacen', [...])
 6 SYSTEMPATH\CodeIgniter.php(928): App\Controllers\AlmacenController->index()
 7 SYSTEMPATH\CodeIgniter.php(482): CodeIgniter\CodeIgniter->runController(Object(App\Controllers\AlmacenController))
 8 SYSTEMPATH\CodeIgniter.php(351): CodeIgniter\CodeIgniter->handleRequest(null, Object(Config\Cache), false)
 9 FCPATH\index.php(67): CodeIgniter\CodeIgniter->run()
10 SYSTEMPATH\Commands\Server\rewrite.php(46): require_once('FCPATH\\index.php')
CRITICAL - 2022-11-28 17:24:08 --> Undefined variable $z
in APPPATH\Views\almacen\almacen.php on line 41.
 1 APPPATH\Views\almacen\almacen.php(41): CodeIgniter\Debug\Exceptions->errorHandler(2, 'Undefined variable $z', 'APPPATH\\Views\\almacen\\almacen.php', 41)
 2 SYSTEMPATH\View\View.php(213): include('APPPATH\\Views\\almacen\\almacen.php')
 3 SYSTEMPATH\View\View.php(216): CodeIgniter\View\View->CodeIgniter\View\{closure}()
 4 SYSTEMPATH\Common.php(1134): CodeIgniter\View\View->render('almacen/almacen', [], true)
 5 APPPATH\Controllers\AlmacenController.php(27): view('almacen/almacen', [...])
 6 SYSTEMPATH\CodeIgniter.php(928): App\Controllers\AlmacenController->index()
 7 SYSTEMPATH\CodeIgniter.php(482): CodeIgniter\CodeIgniter->runController(Object(App\Controllers\AlmacenController))
 8 SYSTEMPATH\CodeIgniter.php(351): CodeIgniter\CodeIgniter->handleRequest(null, Object(Config\Cache), false)
 9 FCPATH\index.php(67): CodeIgniter\CodeIgniter->run()
10 SYSTEMPATH\Commands\Server\rewrite.php(46): require_once('FCPATH\\index.php')
CRITICAL - 2022-11-28 17:24:43 --> Undefined variable $h
in APPPATH\Views\almacen\almacen.php on line 226.
 1 APPPATH\Views\almacen\almacen.php(226): CodeIgniter\Debug\Exceptions->errorHandler(2, 'Undefined variable $h', 'APPPATH\\Views\\almacen\\almacen.php', 226)
 2 SYSTEMPATH\View\View.php(213): include('APPPATH\\Views\\almacen\\almacen.php')
 3 SYSTEMPATH\View\View.php(216): CodeIgniter\View\View->CodeIgniter\View\{closure}()
 4 SYSTEMPATH\Common.php(1134): CodeIgniter\View\View->render('almacen/almacen', [], true)
 5 APPPATH\Controllers\AlmacenController.php(27): view('almacen/almacen', [...])
 6 SYSTEMPATH\CodeIgniter.php(928): App\Controllers\AlmacenController->index()
 7 SYSTEMPATH\CodeIgniter.php(482): CodeIgniter\CodeIgniter->runController(Object(App\Controllers\AlmacenController))
 8 SYSTEMPATH\CodeIgniter.php(351): CodeIgniter\CodeIgniter->handleRequest(null, Object(Config\Cache), false)
 9 FCPATH\index.php(67): CodeIgniter\CodeIgniter->run()
10 SYSTEMPATH\Commands\Server\rewrite.php(46): require_once('FCPATH\\index.php')
CRITICAL - 2022-11-28 17:29:14 --> Undefined variable $h
in APPPATH\Views\almacen\almacen.php on line 237.
 1 APPPATH\Views\almacen\almacen.php(237): CodeIgniter\Debug\Exceptions->errorHandler(2, 'Undefined variable $h', 'APPPATH\\Views\\almacen\\almacen.php', 237)
 2 SYSTEMPATH\View\View.php(213): include('APPPATH\\Views\\almacen\\almacen.php')
 3 SYSTEMPATH\View\View.php(216): CodeIgniter\View\View->CodeIgniter\View\{closure}()
 4 SYSTEMPATH\Common.php(1134): CodeIgniter\View\View->render('almacen/almacen', [], true)
 5 APPPATH\Controllers\AlmacenController.php(27): view('almacen/almacen', [...])
 6 SYSTEMPATH\CodeIgniter.php(928): App\Controllers\AlmacenController->index()
 7 SYSTEMPATH\CodeIgniter.php(482): CodeIgniter\CodeIgniter->runController(Object(App\Controllers\AlmacenController))
 8 SYSTEMPATH\CodeIgniter.php(351): CodeIgniter\CodeIgniter->handleRequest(null, Object(Config\Cache), false)
 9 FCPATH\index.php(67): CodeIgniter\CodeIgniter->run()
10 SYSTEMPATH\Commands\Server\rewrite.php(46): require_once('FCPATH\\index.php')
CRITICAL - 2022-11-28 17:29:16 --> Undefined variable $h
in APPPATH\Views\almacen\almacen.php on line 237.
 1 APPPATH\Views\almacen\almacen.php(237): CodeIgniter\Debug\Exceptions->errorHandler(2, 'Undefined variable $h', 'APPPATH\\Views\\almacen\\almacen.php', 237)
 2 SYSTEMPATH\View\View.php(213): include('APPPATH\\Views\\almacen\\almacen.php')
 3 SYSTEMPATH\View\View.php(216): CodeIgniter\View\View->CodeIgniter\View\{closure}()
 4 SYSTEMPATH\Common.php(1134): CodeIgniter\View\View->render('almacen/almacen', [], true)
 5 APPPATH\Controllers\AlmacenController.php(27): view('almacen/almacen', [...])
 6 SYSTEMPATH\CodeIgniter.php(928): App\Controllers\AlmacenController->index()
 7 SYSTEMPATH\CodeIgniter.php(482): CodeIgniter\CodeIgniter->runController(Object(App\Controllers\AlmacenController))
 8 SYSTEMPATH\CodeIgniter.php(351): CodeIgniter\CodeIgniter->handleRequest(null, Object(Config\Cache), false)
 9 FCPATH\index.php(67): CodeIgniter\CodeIgniter->run()
10 SYSTEMPATH\Commands\Server\rewrite.php(46): require_once('FCPATH\\index.php')
CRITICAL - 2022-11-28 17:30:00 --> Undefined variable $g
in APPPATH\Views\almacen\almacen.php on line 237.
 1 APPPATH\Views\almacen\almacen.php(237): CodeIgniter\Debug\Exceptions->errorHandler(2, 'Undefined variable $g', 'APPPATH\\Views\\almacen\\almacen.php', 237)
 2 SYSTEMPATH\View\View.php(213): include('APPPATH\\Views\\almacen\\almacen.php')
 3 SYSTEMPATH\View\View.php(216): CodeIgniter\View\View->CodeIgniter\View\{closure}()
 4 SYSTEMPATH\Common.php(1134): CodeIgniter\View\View->render('almacen/almacen', [], true)
 5 APPPATH\Controllers\AlmacenController.php(27): view('almacen/almacen', [...])
 6 SYSTEMPATH\CodeIgniter.php(928): App\Controllers\AlmacenController->index()
 7 SYSTEMPATH\CodeIgniter.php(482): CodeIgniter\CodeIgniter->runController(Object(App\Controllers\AlmacenController))
 8 SYSTEMPATH\CodeIgniter.php(351): CodeIgniter\CodeIgniter->handleRequest(null, Object(Config\Cache), false)
 9 FCPATH\index.php(67): CodeIgniter\CodeIgniter->run()
10 SYSTEMPATH\Commands\Server\rewrite.php(46): require_once('FCPATH\\index.php')
CRITICAL - 2022-11-28 17:30:01 --> Undefined variable $g
in APPPATH\Views\almacen\almacen.php on line 237.
 1 APPPATH\Views\almacen\almacen.php(237): CodeIgniter\Debug\Exceptions->errorHandler(2, 'Undefined variable $g', 'APPPATH\\Views\\almacen\\almacen.php', 237)
 2 SYSTEMPATH\View\View.php(213): include('APPPATH\\Views\\almacen\\almacen.php')
 3 SYSTEMPATH\View\View.php(216): CodeIgniter\View\View->CodeIgniter\View\{closure}()
 4 SYSTEMPATH\Common.php(1134): CodeIgniter\View\View->render('almacen/almacen', [], true)
 5 APPPATH\Controllers\AlmacenController.php(27): view('almacen/almacen', [...])
 6 SYSTEMPATH\CodeIgniter.php(928): App\Controllers\AlmacenController->index()
 7 SYSTEMPATH\CodeIgniter.php(482): CodeIgniter\CodeIgniter->runController(Object(App\Controllers\AlmacenController))
 8 SYSTEMPATH\CodeIgniter.php(351): CodeIgniter\CodeIgniter->handleRequest(null, Object(Config\Cache), false)
 9 FCPATH\index.php(67): CodeIgniter\CodeIgniter->run()
10 SYSTEMPATH\Commands\Server\rewrite.php(46): require_once('FCPATH\\index.php')
CRITICAL - 2022-11-28 17:30:27 --> Undefined variable $h
in APPPATH\Views\almacen\almacen.php on line 237.
 1 APPPATH\Views\almacen\almacen.php(237): CodeIgniter\Debug\Exceptions->errorHandler(2, 'Undefined variable $h', 'APPPATH\\Views\\almacen\\almacen.php', 237)
 2 SYSTEMPATH\View\View.php(213): include('APPPATH\\Views\\almacen\\almacen.php')
 3 SYSTEMPATH\View\View.php(216): CodeIgniter\View\View->CodeIgniter\View\{closure}()
 4 SYSTEMPATH\Common.php(1134): CodeIgniter\View\View->render('almacen/almacen', [], true)
 5 APPPATH\Controllers\AlmacenController.php(24): view('almacen/almacen', [...])
 6 SYSTEMPATH\CodeIgniter.php(928): App\Controllers\AlmacenController->index()
 7 SYSTEMPATH\CodeIgniter.php(482): CodeIgniter\CodeIgniter->runController(Object(App\Controllers\AlmacenController))
 8 SYSTEMPATH\CodeIgniter.php(351): CodeIgniter\CodeIgniter->handleRequest(null, Object(Config\Cache), false)
 9 FCPATH\index.php(67): CodeIgniter\CodeIgniter->run()
10 SYSTEMPATH\Commands\Server\rewrite.php(46): require_once('FCPATH\\index.php')
CRITICAL - 2022-11-28 17:30:27 --> Undefined variable $h
in APPPATH\Views\almacen\almacen.php on line 237.
 1 APPPATH\Views\almacen\almacen.php(237): CodeIgniter\Debug\Exceptions->errorHandler(2, 'Undefined variable $h', 'APPPATH\\Views\\almacen\\almacen.php', 237)
 2 SYSTEMPATH\View\View.php(213): include('APPPATH\\Views\\almacen\\almacen.php')
 3 SYSTEMPATH\View\View.php(216): CodeIgniter\View\View->CodeIgniter\View\{closure}()
 4 SYSTEMPATH\Common.php(1134): CodeIgniter\View\View->render('almacen/almacen', [], true)
 5 APPPATH\Controllers\AlmacenController.php(24): view('almacen/almacen', [...])
 6 SYSTEMPATH\CodeIgniter.php(928): App\Controllers\AlmacenController->index()
 7 SYSTEMPATH\CodeIgniter.php(482): CodeIgniter\CodeIgniter->runController(Object(App\Controllers\AlmacenController))
 8 SYSTEMPATH\CodeIgniter.php(351): CodeIgniter\CodeIgniter->handleRequest(null, Object(Config\Cache), false)
 9 FCPATH\index.php(67): CodeIgniter\CodeIgniter->run()
10 SYSTEMPATH\Commands\Server\rewrite.php(46): require_once('FCPATH\\index.php')
CRITICAL - 2022-11-28 17:31:24 --> Undefined variable $h
in APPPATH\Views\almacen\almacen.php on line 237.
 1 APPPATH\Views\almacen\almacen.php(237): CodeIgniter\Debug\Exceptions->errorHandler(2, 'Undefined variable $h', 'APPPATH\\Views\\almacen\\almacen.php', 237)
 2 SYSTEMPATH\View\View.php(213): include('APPPATH\\Views\\almacen\\almacen.php')
 3 SYSTEMPATH\View\View.php(216): CodeIgniter\View\View->CodeIgniter\View\{closure}()
 4 SYSTEMPATH\Common.php(1134): CodeIgniter\View\View->render('almacen/almacen', [], true)
 5 APPPATH\Controllers\AlmacenController.php(27): view('almacen/almacen', [...])
 6 SYSTEMPATH\CodeIgniter.php(928): App\Controllers\AlmacenController->index()
 7 SYSTEMPATH\CodeIgniter.php(482): CodeIgniter\CodeIgniter->runController(Object(App\Controllers\AlmacenController))
 8 SYSTEMPATH\CodeIgniter.php(351): CodeIgniter\CodeIgniter->handleRequest(null, Object(Config\Cache), false)
 9 FCPATH\index.php(67): CodeIgniter\CodeIgniter->run()
10 SYSTEMPATH\Commands\Server\rewrite.php(46): require_once('FCPATH\\index.php')
CRITICAL - 2022-11-28 17:31:25 --> Undefined variable $h
in APPPATH\Views\almacen\almacen.php on line 237.
 1 APPPATH\Views\almacen\almacen.php(237): CodeIgniter\Debug\Exceptions->errorHandler(2, 'Undefined variable $h', 'APPPATH\\Views\\almacen\\almacen.php', 237)
 2 SYSTEMPATH\View\View.php(213): include('APPPATH\\Views\\almacen\\almacen.php')
 3 SYSTEMPATH\View\View.php(216): CodeIgniter\View\View->CodeIgniter\View\{closure}()
 4 SYSTEMPATH\Common.php(1134): CodeIgniter\View\View->render('almacen/almacen', [], true)
 5 APPPATH\Controllers\AlmacenController.php(27): view('almacen/almacen', [...])
 6 SYSTEMPATH\CodeIgniter.php(928): App\Controllers\AlmacenController->index()
 7 SYSTEMPATH\CodeIgniter.php(482): CodeIgniter\CodeIgniter->runController(Object(App\Controllers\AlmacenController))
 8 SYSTEMPATH\CodeIgniter.php(351): CodeIgniter\CodeIgniter->handleRequest(null, Object(Config\Cache), false)
 9 FCPATH\index.php(67): CodeIgniter\CodeIgniter->run()
10 SYSTEMPATH\Commands\Server\rewrite.php(46): require_once('FCPATH\\index.php')
ERROR - 2022-11-28 22:52:03 --> mysqli_sql_exception: Column 'producto' cannot be null in C:\xampp\htdocs\MvcTramuca\system\Database\MySQLi\Connection.php:292
Stack trace:
#0 C:\xampp\htdocs\MvcTramuca\system\Database\MySQLi\Connection.php(292): mysqli->query('INSERT INTO `tb...', 0)
#1 C:\xampp\htdocs\MvcTramuca\system\Database\BaseConnection.php(666): CodeIgniter\Database\MySQLi\Connection->execute('INSERT INTO `tb...')
#2 C:\xampp\htdocs\MvcTramuca\system\Database\BaseConnection.php(593): CodeIgniter\Database\BaseConnection->simpleQuery('INSERT INTO `tb...')
#3 C:\xampp\htdocs\MvcTramuca\system\Database\BaseBuilder.php(1916): CodeIgniter\Database\BaseConnection->query('INSERT INTO `tb...', Array, false)
#4 C:\xampp\htdocs\MvcTramuca\system\Model.php(279): CodeIgniter\Database\BaseBuilder->insert()
#5 C:\xampp\htdocs\MvcTramuca\system\BaseModel.php(749): CodeIgniter\Model->doInsert(Array)
#6 C:\xampp\htdocs\MvcTramuca\system\Model.php(667): CodeIgniter\BaseModel->insert(Array, true)
#7 C:\xampp\htdocs\MvcTramuca\app\Controllers\ProductoController.php(25): CodeIgniter\Model->insert(Array)
#8 C:\xampp\htdocs\MvcTramuca\system\CodeIgniter.php(928): App\Controllers\ProductoController->guardar()
#9 C:\xampp\htdocs\MvcTramuca\system\CodeIgniter.php(482): CodeIgniter\CodeIgniter->runController(Object(App\Controllers\ProductoController))
#10 C:\xampp\htdocs\MvcTramuca\system\CodeIgniter.php(351): CodeIgniter\CodeIgniter->handleRequest(NULL, Object(Config\Cache), false)
#11 C:\xampp\htdocs\MvcTramuca\public\index.php(67): CodeIgniter\CodeIgniter->run()
#12 C:\xampp\htdocs\MvcTramuca\system\Commands\Server\rewrite.php(46): require_once('C:\\xampp\\htdocs...')
#13 {main}
CRITICAL - 2022-11-28 22:52:03 --> Column 'producto' cannot be null
in SYSTEMPATH\Database\MySQLi\Connection.php on line 292.
 1 SYSTEMPATH\Database\MySQLi\Connection.php(292): mysqli->query('INSERT INTO `tb_producto` (`producto`, `codigo`, `categoria`, `marca`) VALUES (NULL, \'N0014\', \'ee\', \'asadsa\')', 0)
 2 SYSTEMPATH\Database\BaseConnection.php(666): CodeIgniter\Database\MySQLi\Connection->execute('INSERT INTO `tb_producto` (`producto`, `codigo`, `categoria`, `marca`) VALUES (NULL, \'N0014\', \'ee\', \'asadsa\')')
 3 SYSTEMPATH\Database\BaseConnection.php(593): CodeIgniter\Database\BaseConnection->simpleQuery('INSERT INTO `tb_producto` (`producto`, `codigo`, `categoria`, `marca`) VALUES (NULL, \'N0014\', \'ee\', \'asadsa\')')
 4 SYSTEMPATH\Database\BaseBuilder.php(1916): CodeIgniter\Database\BaseConnection->query('INSERT INTO `tb_producto` (`producto`, `codigo`, `categoria`, `marca`) VALUES (:producto:, :codigo:, :categoria:, :marca:)', [...], false)
 5 SYSTEMPATH\Model.php(279): CodeIgniter\Database\BaseBuilder->insert()
 6 SYSTEMPATH\BaseModel.php(749): CodeIgniter\Model->doInsert([...])
 7 SYSTEMPATH\Model.php(667): CodeIgniter\BaseModel->insert([...], true)
 8 APPPATH\Controllers\ProductoController.php(25): CodeIgniter\Model->insert([...])
 9 SYSTEMPATH\CodeIgniter.php(928): App\Controllers\ProductoController->guardar()
10 SYSTEMPATH\CodeIgniter.php(482): CodeIgniter\CodeIgniter->runController(Object(App\Controllers\ProductoController))
11 SYSTEMPATH\CodeIgniter.php(351): CodeIgniter\CodeIgniter->handleRequest(null, Object(Config\Cache), false)
12 FCPATH\index.php(67): CodeIgniter\CodeIgniter->run()
13 SYSTEMPATH\Commands\Server\rewrite.php(46): require_once('FCPATH\\index.php')
