ERROR - 2022-11-29 12:54:46 --> mysqli_sql_exception: Unknown column 'id_compra' in 'order clause' in C:\xampp\htdocs\MvcTramuca\system\Database\MySQLi\Connection.php:292
Stack trace:
#0 C:\xampp\htdocs\MvcTramuca\system\Database\MySQLi\Connection.php(292): mysqli->query('SELECT `tb_comp...', 0)
#1 C:\xampp\htdocs\MvcTramuca\system\Database\BaseConnection.php(666): CodeIgniter\Database\MySQLi\Connection->execute('SELECT `tb_comp...')
#2 C:\xampp\htdocs\MvcTramuca\system\Database\BaseConnection.php(593): CodeIgniter\Database\BaseConnection->simpleQuery('SELECT `tb_comp...')
#3 C:\xampp\htdocs\MvcTramuca\system\Database\BaseBuilder.php(1585): CodeIgniter\Database\BaseConnection->query('SELECT `tb_comp...', Array, false)
#4 C:\xampp\htdocs\MvcTramuca\system\Model.php(223): CodeIgniter\Database\BaseBuilder->get()
#5 C:\xampp\htdocs\MvcTramuca\system\BaseModel.php(585): CodeIgniter\Model->doFindAll(0, 0)
#6 C:\xampp\htdocs\MvcTramuca\app\Controllers\ComprasController.php(19): CodeIgniter\BaseModel->findAll()
#7 C:\xampp\htdocs\MvcTramuca\system\CodeIgniter.php(928): App\Controllers\ComprasController->index()
#8 C:\xampp\htdocs\MvcTramuca\system\CodeIgniter.php(482): CodeIgniter\CodeIgniter->runController(Object(App\Controllers\ComprasController))
#9 C:\xampp\htdocs\MvcTramuca\system\CodeIgniter.php(351): CodeIgniter\CodeIgniter->handleRequest(NULL, Object(Config\Cache), false)
#10 C:\xampp\htdocs\MvcTramuca\public\index.php(67): CodeIgniter\CodeIgniter->run()
#11 C:\xampp\htdocs\MvcTramuca\system\Commands\Server\rewrite.php(46): require_once('C:\\xampp\\htdocs...')
#12 {main}
CRITICAL - 2022-11-29 12:54:46 --> Unknown column 'id_compra' in 'order clause'
in SYSTEMPATH\Database\MySQLi\Connection.php on line 292.
 1 SYSTEMPATH\Database\MySQLi\Connection.php(292): mysqli->query('SELECT `tb_compra`.`idcompra`, `tb_producto`.`producto`, `tb_producto`.`codigo`, `tb_compra`.`numcomproban`, `tb_compra`.`fecha`, `tb_compra`.`cantidad`, `tb_compra`.`precio`, `tb_compra`.`total`, `tb_cliente`.`nombre`
FROM `tb_compra`
JOIN `tb_producto` ON `tb_compra`.`id_producto`=`tb_producto`.`id_producto`
JOIN `tb_cliente` ON `tb_compra`.`id_cliente`=`tb_cliente`.`id_cliente`
ORDER BY `id_compra` ASC', 0)
 2 SYSTEMPATH\Database\BaseConnection.php(666): CodeIgniter\Database\MySQLi\Connection->execute('SELECT `tb_compra`.`idcompra`, `tb_producto`.`producto`, `tb_producto`.`codigo`, `tb_compra`.`numcomproban`, `tb_compra`.`fecha`, `tb_compra`.`cantidad`, `tb_compra`.`precio`, `tb_compra`.`total`, `tb_cliente`.`nombre`
FROM `tb_compra`
JOIN `tb_producto` ON `tb_compra`.`id_producto`=`tb_producto`.`id_producto`
JOIN `tb_cliente` ON `tb_compra`.`id_cliente`=`tb_cliente`.`id_cliente`
ORDER BY `id_compra` ASC')
 3 SYSTEMPATH\Database\BaseConnection.php(593): CodeIgniter\Database\BaseConnection->simpleQuery('SELECT `tb_compra`.`idcompra`, `tb_producto`.`producto`, `tb_producto`.`codigo`, `tb_compra`.`numcomproban`, `tb_compra`.`fecha`, `tb_compra`.`cantidad`, `tb_compra`.`precio`, `tb_compra`.`total`, `tb_cliente`.`nombre`
FROM `tb_compra`
JOIN `tb_producto` ON `tb_compra`.`id_producto`=`tb_producto`.`id_producto`
JOIN `tb_cliente` ON `tb_compra`.`id_cliente`=`tb_cliente`.`id_cliente`
ORDER BY `id_compra` ASC')
 4 SYSTEMPATH\Database\BaseBuilder.php(1585): CodeIgniter\Database\BaseConnection->query('SELECT `tb_compra`.`idcompra`, `tb_producto`.`producto`, `tb_producto`.`codigo`, `tb_compra`.`numcomproban`, `tb_compra`.`fecha`, `tb_compra`.`cantidad`, `tb_compra`.`precio`, `tb_compra`.`total`, `tb_cliente`.`nombre`
FROM `tb_compra`
JOIN `tb_producto` ON `tb_compra`.`id_producto`=`tb_producto`.`id_producto`
JOIN `tb_cliente` ON `tb_compra`.`id_cliente`=`tb_cliente`.`id_cliente`
ORDER BY `id_compra` ASC', [], false)
 5 SYSTEMPATH\Model.php(223): CodeIgniter\Database\BaseBuilder->get()
 6 SYSTEMPATH\BaseModel.php(585): CodeIgniter\Model->doFindAll(0, 0)
 7 APPPATH\Controllers\ComprasController.php(19): CodeIgniter\BaseModel->findAll()
 8 SYSTEMPATH\CodeIgniter.php(928): App\Controllers\ComprasController->index()
 9 SYSTEMPATH\CodeIgniter.php(482): CodeIgniter\CodeIgniter->runController(Object(App\Controllers\ComprasController))
10 SYSTEMPATH\CodeIgniter.php(351): CodeIgniter\CodeIgniter->handleRequest(null, Object(Config\Cache), false)
11 FCPATH\index.php(67): CodeIgniter\CodeIgniter->run()
12 SYSTEMPATH\Commands\Server\rewrite.php(46): require_once('FCPATH\\index.php')
ERROR - 2022-11-29 13:32:49 --> mysqli_sql_exception: Unknown column 'idcompra' in 'where clause' in C:\xampp\htdocs\MvcTramuca\system\Database\MySQLi\Connection.php:292
Stack trace:
#0 C:\xampp\htdocs\MvcTramuca\system\Database\MySQLi\Connection.php(292): mysqli->query('SELECT `stock`\n...', 0)
#1 C:\xampp\htdocs\MvcTramuca\system\Database\BaseConnection.php(666): CodeIgniter\Database\MySQLi\Connection->execute('SELECT `stock`\n...')
#2 C:\xampp\htdocs\MvcTramuca\system\Database\BaseConnection.php(593): CodeIgniter\Database\BaseConnection->simpleQuery('SELECT `stock`\n...')
#3 C:\xampp\htdocs\MvcTramuca\system\Database\BaseBuilder.php(1585): CodeIgniter\Database\BaseConnection->query('SELECT `stock`\n...', Array, false)
#4 C:\xampp\htdocs\MvcTramuca\system\Model.php(250): CodeIgniter\Database\BaseBuilder->get()
#5 C:\xampp\htdocs\MvcTramuca\system\BaseModel.php(623): CodeIgniter\Model->doFirst()
#6 C:\xampp\htdocs\MvcTramuca\app\Controllers\ComprasController.php(69): CodeIgniter\BaseModel->first()
#7 C:\xampp\htdocs\MvcTramuca\system\CodeIgniter.php(928): App\Controllers\ComprasController->editar()
#8 C:\xampp\htdocs\MvcTramuca\system\CodeIgniter.php(482): CodeIgniter\CodeIgniter->runController(Object(App\Controllers\ComprasController))
#9 C:\xampp\htdocs\MvcTramuca\system\CodeIgniter.php(351): CodeIgniter\CodeIgniter->handleRequest(NULL, Object(Config\Cache), false)
#10 C:\xampp\htdocs\MvcTramuca\public\index.php(67): CodeIgniter\CodeIgniter->run()
#11 C:\xampp\htdocs\MvcTramuca\system\Commands\Server\rewrite.php(46): require_once('C:\\xampp\\htdocs...')
#12 {main}
CRITICAL - 2022-11-29 13:32:49 --> Unknown column 'idcompra' in 'where clause'
in SYSTEMPATH\Database\MySQLi\Connection.php on line 292.
 1 SYSTEMPATH\Database\MySQLi\Connection.php(292): mysqli->query('SELECT `stock`
FROM `tb_producto`
WHERE `idcompra` = \'33\'
 LIMIT 1', 0)
 2 SYSTEMPATH\Database\BaseConnection.php(666): CodeIgniter\Database\MySQLi\Connection->execute('SELECT `stock`
FROM `tb_producto`
WHERE `idcompra` = \'33\'
 LIMIT 1')
 3 SYSTEMPATH\Database\BaseConnection.php(593): CodeIgniter\Database\BaseConnection->simpleQuery('SELECT `stock`
FROM `tb_producto`
WHERE `idcompra` = \'33\'
 LIMIT 1')
 4 SYSTEMPATH\Database\BaseBuilder.php(1585): CodeIgniter\Database\BaseConnection->query('SELECT `stock`
FROM `tb_producto`
WHERE `idcompra` = :idcompra:
 LIMIT 1', [...], false)
 5 SYSTEMPATH\Model.php(250): CodeIgniter\Database\BaseBuilder->get()
 6 SYSTEMPATH\BaseModel.php(623): CodeIgniter\Model->doFirst()
 7 APPPATH\Controllers\ComprasController.php(69): CodeIgniter\BaseModel->first()
 8 SYSTEMPATH\CodeIgniter.php(928): App\Controllers\ComprasController->editar()
 9 SYSTEMPATH\CodeIgniter.php(482): CodeIgniter\CodeIgniter->runController(Object(App\Controllers\ComprasController))
10 SYSTEMPATH\CodeIgniter.php(351): CodeIgniter\CodeIgniter->handleRequest(null, Object(Config\Cache), false)
11 FCPATH\index.php(67): CodeIgniter\CodeIgniter->run()
12 SYSTEMPATH\Commands\Server\rewrite.php(46): require_once('FCPATH\\index.php')
ERROR - 2022-11-29 13:33:36 --> mysqli_sql_exception: Unknown column 'idcompra' in 'where clause' in C:\xampp\htdocs\MvcTramuca\system\Database\MySQLi\Connection.php:292
Stack trace:
#0 C:\xampp\htdocs\MvcTramuca\system\Database\MySQLi\Connection.php(292): mysqli->query('SELECT `stock`\n...', 0)
#1 C:\xampp\htdocs\MvcTramuca\system\Database\BaseConnection.php(666): CodeIgniter\Database\MySQLi\Connection->execute('SELECT `stock`\n...')
#2 C:\xampp\htdocs\MvcTramuca\system\Database\BaseConnection.php(593): CodeIgniter\Database\BaseConnection->simpleQuery('SELECT `stock`\n...')
#3 C:\xampp\htdocs\MvcTramuca\system\Database\BaseBuilder.php(1585): CodeIgniter\Database\BaseConnection->query('SELECT `stock`\n...', Array, false)
#4 C:\xampp\htdocs\MvcTramuca\system\Model.php(250): CodeIgniter\Database\BaseBuilder->get()
#5 C:\xampp\htdocs\MvcTramuca\system\BaseModel.php(623): CodeIgniter\Model->doFirst()
#6 C:\xampp\htdocs\MvcTramuca\app\Controllers\ComprasController.php(69): CodeIgniter\BaseModel->first()
#7 C:\xampp\htdocs\MvcTramuca\system\CodeIgniter.php(928): App\Controllers\ComprasController->editar()
#8 C:\xampp\htdocs\MvcTramuca\system\CodeIgniter.php(482): CodeIgniter\CodeIgniter->runController(Object(App\Controllers\ComprasController))
#9 C:\xampp\htdocs\MvcTramuca\system\CodeIgniter.php(351): CodeIgniter\CodeIgniter->handleRequest(NULL, Object(Config\Cache), false)
#10 C:\xampp\htdocs\MvcTramuca\public\index.php(67): CodeIgniter\CodeIgniter->run()
#11 C:\xampp\htdocs\MvcTramuca\system\Commands\Server\rewrite.php(46): require_once('C:\\xampp\\htdocs...')
#12 {main}
CRITICAL - 2022-11-29 13:33:36 --> Unknown column 'idcompra' in 'where clause'
in SYSTEMPATH\Database\MySQLi\Connection.php on line 292.
 1 SYSTEMPATH\Database\MySQLi\Connection.php(292): mysqli->query('SELECT `stock`
FROM `tb_producto`
WHERE `idcompra` = \'33\'
 LIMIT 1', 0)
 2 SYSTEMPATH\Database\BaseConnection.php(666): CodeIgniter\Database\MySQLi\Connection->execute('SELECT `stock`
FROM `tb_producto`
WHERE `idcompra` = \'33\'
 LIMIT 1')
 3 SYSTEMPATH\Database\BaseConnection.php(593): CodeIgniter\Database\BaseConnection->simpleQuery('SELECT `stock`
FROM `tb_producto`
WHERE `idcompra` = \'33\'
 LIMIT 1')
 4 SYSTEMPATH\Database\BaseBuilder.php(1585): CodeIgniter\Database\BaseConnection->query('SELECT `stock`
FROM `tb_producto`
WHERE `idcompra` = :idcompra:
 LIMIT 1', [...], false)
 5 SYSTEMPATH\Model.php(250): CodeIgniter\Database\BaseBuilder->get()
 6 SYSTEMPATH\BaseModel.php(623): CodeIgniter\Model->doFirst()
 7 APPPATH\Controllers\ComprasController.php(69): CodeIgniter\BaseModel->first()
 8 SYSTEMPATH\CodeIgniter.php(928): App\Controllers\ComprasController->editar()
 9 SYSTEMPATH\CodeIgniter.php(482): CodeIgniter\CodeIgniter->runController(Object(App\Controllers\ComprasController))
10 SYSTEMPATH\CodeIgniter.php(351): CodeIgniter\CodeIgniter->handleRequest(null, Object(Config\Cache), false)
11 FCPATH\index.php(67): CodeIgniter\CodeIgniter->run()
12 SYSTEMPATH\Commands\Server\rewrite.php(46): require_once('FCPATH\\index.php')
ERROR - 2022-11-29 13:34:39 --> mysqli_sql_exception: Unknown column 'idcompra' in 'where clause' in C:\xampp\htdocs\MvcTramuca\system\Database\MySQLi\Connection.php:292
Stack trace:
#0 C:\xampp\htdocs\MvcTramuca\system\Database\MySQLi\Connection.php(292): mysqli->query('SELECT `stock`\n...', 0)
#1 C:\xampp\htdocs\MvcTramuca\system\Database\BaseConnection.php(666): CodeIgniter\Database\MySQLi\Connection->execute('SELECT `stock`\n...')
#2 C:\xampp\htdocs\MvcTramuca\system\Database\BaseConnection.php(593): CodeIgniter\Database\BaseConnection->simpleQuery('SELECT `stock`\n...')
#3 C:\xampp\htdocs\MvcTramuca\system\Database\BaseBuilder.php(1585): CodeIgniter\Database\BaseConnection->query('SELECT `stock`\n...', Array, false)
#4 C:\xampp\htdocs\MvcTramuca\system\Model.php(250): CodeIgniter\Database\BaseBuilder->get()
#5 C:\xampp\htdocs\MvcTramuca\system\BaseModel.php(623): CodeIgniter\Model->doFirst()
#6 C:\xampp\htdocs\MvcTramuca\app\Controllers\ComprasController.php(69): CodeIgniter\BaseModel->first()
#7 C:\xampp\htdocs\MvcTramuca\system\CodeIgniter.php(928): App\Controllers\ComprasController->editar()
#8 C:\xampp\htdocs\MvcTramuca\system\CodeIgniter.php(482): CodeIgniter\CodeIgniter->runController(Object(App\Controllers\ComprasController))
#9 C:\xampp\htdocs\MvcTramuca\system\CodeIgniter.php(351): CodeIgniter\CodeIgniter->handleRequest(NULL, Object(Config\Cache), false)
#10 C:\xampp\htdocs\MvcTramuca\public\index.php(67): CodeIgniter\CodeIgniter->run()
#11 C:\xampp\htdocs\MvcTramuca\system\Commands\Server\rewrite.php(46): require_once('C:\\xampp\\htdocs...')
#12 {main}
CRITICAL - 2022-11-29 13:34:39 --> Unknown column 'idcompra' in 'where clause'
in SYSTEMPATH\Database\MySQLi\Connection.php on line 292.
 1 SYSTEMPATH\Database\MySQLi\Connection.php(292): mysqli->query('SELECT `stock`
FROM `tb_producto`
WHERE `idcompra` = \'33\'
 LIMIT 1', 0)
 2 SYSTEMPATH\Database\BaseConnection.php(666): CodeIgniter\Database\MySQLi\Connection->execute('SELECT `stock`
FROM `tb_producto`
WHERE `idcompra` = \'33\'
 LIMIT 1')
 3 SYSTEMPATH\Database\BaseConnection.php(593): CodeIgniter\Database\BaseConnection->simpleQuery('SELECT `stock`
FROM `tb_producto`
WHERE `idcompra` = \'33\'
 LIMIT 1')
 4 SYSTEMPATH\Database\BaseBuilder.php(1585): CodeIgniter\Database\BaseConnection->query('SELECT `stock`
FROM `tb_producto`
WHERE `idcompra` = :idcompra:
 LIMIT 1', [...], false)
 5 SYSTEMPATH\Model.php(250): CodeIgniter\Database\BaseBuilder->get()
 6 SYSTEMPATH\BaseModel.php(623): CodeIgniter\Model->doFirst()
 7 APPPATH\Controllers\ComprasController.php(69): CodeIgniter\BaseModel->first()
 8 SYSTEMPATH\CodeIgniter.php(928): App\Controllers\ComprasController->editar()
 9 SYSTEMPATH\CodeIgniter.php(482): CodeIgniter\CodeIgniter->runController(Object(App\Controllers\ComprasController))
10 SYSTEMPATH\CodeIgniter.php(351): CodeIgniter\CodeIgniter->handleRequest(null, Object(Config\Cache), false)
11 FCPATH\index.php(67): CodeIgniter\CodeIgniter->run()
12 SYSTEMPATH\Commands\Server\rewrite.php(46): require_once('FCPATH\\index.php')
ERROR - 2022-11-29 13:34:42 --> mysqli_sql_exception: Unknown column 'idcompra' in 'where clause' in C:\xampp\htdocs\MvcTramuca\system\Database\MySQLi\Connection.php:292
Stack trace:
#0 C:\xampp\htdocs\MvcTramuca\system\Database\MySQLi\Connection.php(292): mysqli->query('SELECT `stock`\n...', 0)
#1 C:\xampp\htdocs\MvcTramuca\system\Database\BaseConnection.php(666): CodeIgniter\Database\MySQLi\Connection->execute('SELECT `stock`\n...')
#2 C:\xampp\htdocs\MvcTramuca\system\Database\BaseConnection.php(593): CodeIgniter\Database\BaseConnection->simpleQuery('SELECT `stock`\n...')
#3 C:\xampp\htdocs\MvcTramuca\system\Database\BaseBuilder.php(1585): CodeIgniter\Database\BaseConnection->query('SELECT `stock`\n...', Array, false)
#4 C:\xampp\htdocs\MvcTramuca\system\Model.php(250): CodeIgniter\Database\BaseBuilder->get()
#5 C:\xampp\htdocs\MvcTramuca\system\BaseModel.php(623): CodeIgniter\Model->doFirst()
#6 C:\xampp\htdocs\MvcTramuca\app\Controllers\ComprasController.php(69): CodeIgniter\BaseModel->first()
#7 C:\xampp\htdocs\MvcTramuca\system\CodeIgniter.php(928): App\Controllers\ComprasController->editar()
#8 C:\xampp\htdocs\MvcTramuca\system\CodeIgniter.php(482): CodeIgniter\CodeIgniter->runController(Object(App\Controllers\ComprasController))
#9 C:\xampp\htdocs\MvcTramuca\system\CodeIgniter.php(351): CodeIgniter\CodeIgniter->handleRequest(NULL, Object(Config\Cache), false)
#10 C:\xampp\htdocs\MvcTramuca\public\index.php(67): CodeIgniter\CodeIgniter->run()
#11 C:\xampp\htdocs\MvcTramuca\system\Commands\Server\rewrite.php(46): require_once('C:\\xampp\\htdocs...')
#12 {main}
CRITICAL - 2022-11-29 13:34:42 --> Unknown column 'idcompra' in 'where clause'
in SYSTEMPATH\Database\MySQLi\Connection.php on line 292.
 1 SYSTEMPATH\Database\MySQLi\Connection.php(292): mysqli->query('SELECT `stock`
FROM `tb_producto`
WHERE `idcompra` = \'33\'
 LIMIT 1', 0)
 2 SYSTEMPATH\Database\BaseConnection.php(666): CodeIgniter\Database\MySQLi\Connection->execute('SELECT `stock`
FROM `tb_producto`
WHERE `idcompra` = \'33\'
 LIMIT 1')
 3 SYSTEMPATH\Database\BaseConnection.php(593): CodeIgniter\Database\BaseConnection->simpleQuery('SELECT `stock`
FROM `tb_producto`
WHERE `idcompra` = \'33\'
 LIMIT 1')
 4 SYSTEMPATH\Database\BaseBuilder.php(1585): CodeIgniter\Database\BaseConnection->query('SELECT `stock`
FROM `tb_producto`
WHERE `idcompra` = :idcompra:
 LIMIT 1', [...], false)
 5 SYSTEMPATH\Model.php(250): CodeIgniter\Database\BaseBuilder->get()
 6 SYSTEMPATH\BaseModel.php(623): CodeIgniter\Model->doFirst()
 7 APPPATH\Controllers\ComprasController.php(69): CodeIgniter\BaseModel->first()
 8 SYSTEMPATH\CodeIgniter.php(928): App\Controllers\ComprasController->editar()
 9 SYSTEMPATH\CodeIgniter.php(482): CodeIgniter\CodeIgniter->runController(Object(App\Controllers\ComprasController))
10 SYSTEMPATH\CodeIgniter.php(351): CodeIgniter\CodeIgniter->handleRequest(null, Object(Config\Cache), false)
11 FCPATH\index.php(67): CodeIgniter\CodeIgniter->run()
12 SYSTEMPATH\Commands\Server\rewrite.php(46): require_once('FCPATH\\index.php')
ERROR - 2022-11-29 13:36:16 --> mysqli_sql_exception: Unknown column 'idcompra' in 'where clause' in C:\xampp\htdocs\MvcTramuca\system\Database\MySQLi\Connection.php:292
Stack trace:
#0 C:\xampp\htdocs\MvcTramuca\system\Database\MySQLi\Connection.php(292): mysqli->query('SELECT `stock`\n...', 0)
#1 C:\xampp\htdocs\MvcTramuca\system\Database\BaseConnection.php(666): CodeIgniter\Database\MySQLi\Connection->execute('SELECT `stock`\n...')
#2 C:\xampp\htdocs\MvcTramuca\system\Database\BaseConnection.php(593): CodeIgniter\Database\BaseConnection->simpleQuery('SELECT `stock`\n...')
#3 C:\xampp\htdocs\MvcTramuca\system\Database\BaseBuilder.php(1585): CodeIgniter\Database\BaseConnection->query('SELECT `stock`\n...', Array, false)
#4 C:\xampp\htdocs\MvcTramuca\system\Model.php(250): CodeIgniter\Database\BaseBuilder->get()
#5 C:\xampp\htdocs\MvcTramuca\system\BaseModel.php(623): CodeIgniter\Model->doFirst()
#6 C:\xampp\htdocs\MvcTramuca\app\Controllers\ComprasController.php(69): CodeIgniter\BaseModel->first()
#7 C:\xampp\htdocs\MvcTramuca\system\CodeIgniter.php(928): App\Controllers\ComprasController->editar()
#8 C:\xampp\htdocs\MvcTramuca\system\CodeIgniter.php(482): CodeIgniter\CodeIgniter->runController(Object(App\Controllers\ComprasController))
#9 C:\xampp\htdocs\MvcTramuca\system\CodeIgniter.php(351): CodeIgniter\CodeIgniter->handleRequest(NULL, Object(Config\Cache), false)
#10 C:\xampp\htdocs\MvcTramuca\public\index.php(67): CodeIgniter\CodeIgniter->run()
#11 C:\xampp\htdocs\MvcTramuca\system\Commands\Server\rewrite.php(46): require_once('C:\\xampp\\htdocs...')
#12 {main}
CRITICAL - 2022-11-29 13:36:16 --> Unknown column 'idcompra' in 'where clause'
in SYSTEMPATH\Database\MySQLi\Connection.php on line 292.
 1 SYSTEMPATH\Database\MySQLi\Connection.php(292): mysqli->query('SELECT `stock`
FROM `tb_producto`
WHERE `idcompra` = \'33\'
 LIMIT 1', 0)
 2 SYSTEMPATH\Database\BaseConnection.php(666): CodeIgniter\Database\MySQLi\Connection->execute('SELECT `stock`
FROM `tb_producto`
WHERE `idcompra` = \'33\'
 LIMIT 1')
 3 SYSTEMPATH\Database\BaseConnection.php(593): CodeIgniter\Database\BaseConnection->simpleQuery('SELECT `stock`
FROM `tb_producto`
WHERE `idcompra` = \'33\'
 LIMIT 1')
 4 SYSTEMPATH\Database\BaseBuilder.php(1585): CodeIgniter\Database\BaseConnection->query('SELECT `stock`
FROM `tb_producto`
WHERE `idcompra` = :idcompra:
 LIMIT 1', [...], false)
 5 SYSTEMPATH\Model.php(250): CodeIgniter\Database\BaseBuilder->get()
 6 SYSTEMPATH\BaseModel.php(623): CodeIgniter\Model->doFirst()
 7 APPPATH\Controllers\ComprasController.php(69): CodeIgniter\BaseModel->first()
 8 SYSTEMPATH\CodeIgniter.php(928): App\Controllers\ComprasController->editar()
 9 SYSTEMPATH\CodeIgniter.php(482): CodeIgniter\CodeIgniter->runController(Object(App\Controllers\ComprasController))
10 SYSTEMPATH\CodeIgniter.php(351): CodeIgniter\CodeIgniter->handleRequest(null, Object(Config\Cache), false)
11 FCPATH\index.php(67): CodeIgniter\CodeIgniter->run()
12 SYSTEMPATH\Commands\Server\rewrite.php(46): require_once('FCPATH\\index.php')
CRITICAL - 2022-11-29 13:37:38 --> Unsupported operand types: array + string
in APPPATH\Controllers\ComprasController.php on line 70.
 1 SYSTEMPATH\CodeIgniter.php(928): App\Controllers\ComprasController->editar()
 2 SYSTEMPATH\CodeIgniter.php(482): CodeIgniter\CodeIgniter->runController(Object(App\Controllers\ComprasController))
 3 SYSTEMPATH\CodeIgniter.php(351): CodeIgniter\CodeIgniter->handleRequest(null, Object(Config\Cache), false)
 4 FCPATH\index.php(67): CodeIgniter\CodeIgniter->run()
 5 SYSTEMPATH\Commands\Server\rewrite.php(46): require_once('FCPATH\\index.php')
ERROR - 2022-11-29 14:33:50 --> mysqli_sql_exception: Column 'precio' cannot be null in C:\xampp\htdocs\MvcTramuca\system\Database\MySQLi\Connection.php:292
Stack trace:
#0 C:\xampp\htdocs\MvcTramuca\system\Database\MySQLi\Connection.php(292): mysqli->query('INSERT INTO `tb...', 0)
#1 C:\xampp\htdocs\MvcTramuca\system\Database\BaseConnection.php(666): CodeIgniter\Database\MySQLi\Connection->execute('INSERT INTO `tb...')
#2 C:\xampp\htdocs\MvcTramuca\system\Database\BaseConnection.php(593): CodeIgniter\Database\BaseConnection->simpleQuery('INSERT INTO `tb...')
#3 C:\xampp\htdocs\MvcTramuca\system\Database\BaseBuilder.php(1916): CodeIgniter\Database\BaseConnection->query('INSERT INTO `tb...', Array, false)
#4 C:\xampp\htdocs\MvcTramuca\system\Model.php(279): CodeIgniter\Database\BaseBuilder->insert()
#5 C:\xampp\htdocs\MvcTramuca\system\BaseModel.php(749): CodeIgniter\Model->doInsert(Array)
#6 C:\xampp\htdocs\MvcTramuca\system\Model.php(667): CodeIgniter\BaseModel->insert(Array, true)
#7 C:\xampp\htdocs\MvcTramuca\app\Controllers\VentasController.php(61): CodeIgniter\Model->insert(Array)
#8 C:\xampp\htdocs\MvcTramuca\system\CodeIgniter.php(928): App\Controllers\VentasController->guardar()
#9 C:\xampp\htdocs\MvcTramuca\system\CodeIgniter.php(482): CodeIgniter\CodeIgniter->runController(Object(App\Controllers\VentasController))
#10 C:\xampp\htdocs\MvcTramuca\system\CodeIgniter.php(351): CodeIgniter\CodeIgniter->handleRequest(NULL, Object(Config\Cache), false)
#11 C:\xampp\htdocs\MvcTramuca\public\index.php(67): CodeIgniter\CodeIgniter->run()
#12 C:\xampp\htdocs\MvcTramuca\system\Commands\Server\rewrite.php(46): require_once('C:\\xampp\\htdocs...')
#13 {main}
CRITICAL - 2022-11-29 14:33:50 --> Column 'precio' cannot be null
in SYSTEMPATH\Database\MySQLi\Connection.php on line 292.
 1 SYSTEMPATH\Database\MySQLi\Connection.php(292): mysqli->query('INSERT INTO `tb_boleta` (`fecha`, `descripcion`, `comprobante`, `id_cliente`, `id_producto`, `cantidad`, `precio`, `total`) VALUES (\'2022-10-10\', \'eee\', \'12\', \'1\', \'18\', \'5\', NULL, 5)', 0)
 2 SYSTEMPATH\Database\BaseConnection.php(666): CodeIgniter\Database\MySQLi\Connection->execute('INSERT INTO `tb_boleta` (`fecha`, `descripcion`, `comprobante`, `id_cliente`, `id_producto`, `cantidad`, `precio`, `total`) VALUES (\'2022-10-10\', \'eee\', \'12\', \'1\', \'18\', \'5\', NULL, 5)')
 3 SYSTEMPATH\Database\BaseConnection.php(593): CodeIgniter\Database\BaseConnection->simpleQuery('INSERT INTO `tb_boleta` (`fecha`, `descripcion`, `comprobante`, `id_cliente`, `id_producto`, `cantidad`, `precio`, `total`) VALUES (\'2022-10-10\', \'eee\', \'12\', \'1\', \'18\', \'5\', NULL, 5)')
 4 SYSTEMPATH\Database\BaseBuilder.php(1916): CodeIgniter\Database\BaseConnection->query('INSERT INTO `tb_boleta` (`fecha`, `descripcion`, `comprobante`, `id_cliente`, `id_producto`, `cantidad`, `precio`, `total`) VALUES (:fecha:, :descripcion:, :comprobante:, :id_cliente:, :id_producto:, :cantidad:, :precio:, :total:)', [...], false)
 5 SYSTEMPATH\Model.php(279): CodeIgniter\Database\BaseBuilder->insert()
 6 SYSTEMPATH\BaseModel.php(749): CodeIgniter\Model->doInsert([...])
 7 SYSTEMPATH\Model.php(667): CodeIgniter\BaseModel->insert([...], true)
 8 APPPATH\Controllers\VentasController.php(61): CodeIgniter\Model->insert([...])
 9 SYSTEMPATH\CodeIgniter.php(928): App\Controllers\VentasController->guardar()
10 SYSTEMPATH\CodeIgniter.php(482): CodeIgniter\CodeIgniter->runController(Object(App\Controllers\VentasController))
11 SYSTEMPATH\CodeIgniter.php(351): CodeIgniter\CodeIgniter->handleRequest(null, Object(Config\Cache), false)
12 FCPATH\index.php(67): CodeIgniter\CodeIgniter->run()
13 SYSTEMPATH\Commands\Server\rewrite.php(46): require_once('FCPATH\\index.php')
