
CRITICAL - 2022-11-30 14:38:54 --> Undefined array key "cargo"
in APPPATH\Views\crudUsuarios\crudUsuarios.php on line 42.
 1 APPPATH\Views\crudUsuarios\crudUsuarios.php(42): CodeIgniter\Debug\Exceptions->errorHandler(2, 'Undefined array key "cargo"', 'APPPATH\\Views\\crudUsuarios\\crudUsuarios.php', 42)
 2 SYSTEMPATH\View\View.php(213): include('APPPATH\\Views\\crudUsuarios\\crudUsuarios.php')
 3 SYSTEMPATH\View\View.php(216): CodeIgniter\View\View->CodeIgniter\View\{closure}()
 4 SYSTEMPATH\Common.php(1134): CodeIgniter\View\View->render('crudUsuarios/crudUsuarios', [], true)
 5 APPPATH\Controllers\AdminUsuController.php(13): view('crudUsuarios/crudUsuarios', [...])
 6 SYSTEMPATH\CodeIgniter.php(928): App\Controllers\AdminUsuController->index()
 7 SYSTEMPATH\CodeIgniter.php(482): CodeIgniter\CodeIgniter->runController(Object(App\Controllers\AdminUsuController))
 8 SYSTEMPATH\CodeIgniter.php(351): CodeIgniter\CodeIgniter->handleRequest(null, Object(Config\Cache), false)
 9 FCPATH\index.php(67): CodeIgniter\CodeIgniter->run()
10 SYSTEMPATH\Commands\Server\rewrite.php(46): require_once('FCPATH\\index.php')
CRITICAL - 2022-11-30 14:48:30 --> Undefined array key "cargo"
in APPPATH\Views\crudUsuarios\crudUsuarios.php on line 38.
 1 APPPATH\Views\crudUsuarios\crudUsuarios.php(38): CodeIgniter\Debug\Exceptions->errorHandler(2, 'Undefined array key "cargo"', 'APPPATH\\Views\\crudUsuarios\\crudUsuarios.php', 38)
 2 SYSTEMPATH\View\View.php(213): include('APPPATH\\Views\\crudUsuarios\\crudUsuarios.php')
 3 SYSTEMPATH\View\View.php(216): CodeIgniter\View\View->CodeIgniter\View\{closure}()
 4 SYSTEMPATH\Common.php(1134): CodeIgniter\View\View->render('crudUsuarios/crudUsuarios', [], true)
 5 APPPATH\Controllers\AdminUsuController.php(13): view('crudUsuarios/crudUsuarios', [...])
 6 SYSTEMPATH\CodeIgniter.php(928): App\Controllers\AdminUsuController->index()
 7 SYSTEMPATH\CodeIgniter.php(482): CodeIgniter\CodeIgniter->runController(Object(App\Controllers\AdminUsuController))
 8 SYSTEMPATH\CodeIgniter.php(351): CodeIgniter\CodeIgniter->handleRequest(null, Object(Config\Cache), false)
 9 FCPATH\index.php(67): CodeIgniter\CodeIgniter->run()
10 SYSTEMPATH\Commands\Server\rewrite.php(46): require_once('FCPATH\\index.php')
CRITICAL - 2022-11-30 23:42:53 --> App\Models\UsersModel::loginUser(): Argument #1 ($userName) must be of type string, null given, called in C:\xampp\htdocs\TramucaCode\app\Controllers\Home.php on line 29
in APPPATH\Models\UsersModel.php on line 68.
 1 APPPATH\Controllers\Home.php(29): App\Models\UsersModel->loginUser(null, null)
 2 SYSTEMPATH\CodeIgniter.php(928): App\Controllers\Home->LogIn()
 3 SYSTEMPATH\CodeIgniter.php(482): CodeIgniter\CodeIgniter->runController(Object(App\Controllers\Home))
 4 SYSTEMPATH\CodeIgniter.php(351): CodeIgniter\CodeIgniter->handleRequest(null, Object(Config\Cache), false)
 5 FCPATH\index.php(67): CodeIgniter\CodeIgniter->run()
 6 SYSTEMPATH\Commands\Server\rewrite.php(46): require_once('FCPATH\\index.php')
CRITICAL - 2022-11-30 23:42:54 --> App\Models\UsersModel::loginUser(): Argument #1 ($userName) must be of type string, null given, called in C:\xampp\htdocs\TramucaCode\app\Controllers\Home.php on line 29
in APPPATH\Models\UsersModel.php on line 68.
 1 APPPATH\Controllers\Home.php(29): App\Models\UsersModel->loginUser(null, null)
 2 SYSTEMPATH\CodeIgniter.php(928): App\Controllers\Home->LogIn()
 3 SYSTEMPATH\CodeIgniter.php(482): CodeIgniter\CodeIgniter->runController(Object(App\Controllers\Home))
 4 SYSTEMPATH\CodeIgniter.php(351): CodeIgniter\CodeIgniter->handleRequest(null, Object(Config\Cache), false)
 5 FCPATH\index.php(67): CodeIgniter\CodeIgniter->run()
 6 SYSTEMPATH\Commands\Server\rewrite.php(46): require_once('FCPATH\\index.php')
CRITICAL - 2022-11-30 23:42:56 --> App\Models\UsersModel::loginUser(): Argument #1 ($userName) must be of type string, null given, called in C:\xampp\htdocs\TramucaCode\app\Controllers\Home.php on line 29
in APPPATH\Models\UsersModel.php on line 68.
 1 APPPATH\Controllers\Home.php(29): App\Models\UsersModel->loginUser(null, null)
 2 SYSTEMPATH\CodeIgniter.php(928): App\Controllers\Home->LogIn()
 3 SYSTEMPATH\CodeIgniter.php(482): CodeIgniter\CodeIgniter->runController(Object(App\Controllers\Home))
 4 SYSTEMPATH\CodeIgniter.php(351): CodeIgniter\CodeIgniter->handleRequest(null, Object(Config\Cache), false)
 5 FCPATH\index.php(67): CodeIgniter\CodeIgniter->run()
 6 SYSTEMPATH\Commands\Server\rewrite.php(46): require_once('FCPATH\\index.php')
CRITICAL - 2022-11-30 23:42:59 --> App\Models\UsersModel::loginUser(): Argument #1 ($userName) must be of type string, null given, called in C:\xampp\htdocs\TramucaCode\app\Controllers\Home.php on line 29
in APPPATH\Models\UsersModel.php on line 68.
 1 APPPATH\Controllers\Home.php(29): App\Models\UsersModel->loginUser(null, null)
 2 SYSTEMPATH\CodeIgniter.php(928): App\Controllers\Home->LogIn()
 3 SYSTEMPATH\CodeIgniter.php(482): CodeIgniter\CodeIgniter->runController(Object(App\Controllers\Home))
 4 SYSTEMPATH\CodeIgniter.php(351): CodeIgniter\CodeIgniter->handleRequest(null, Object(Config\Cache), false)
 5 FCPATH\index.php(67): CodeIgniter\CodeIgniter->run()
 6 SYSTEMPATH\Commands\Server\rewrite.php(46): require_once('FCPATH\\index.php')
CRITICAL - 2022-11-30 23:43:02 --> App\Models\UsersModel::loginUser(): Argument #1 ($userName) must be of type string, null given, called in C:\xampp\htdocs\TramucaCode\app\Controllers\Home.php on line 29
in APPPATH\Models\UsersModel.php on line 68.
 1 APPPATH\Controllers\Home.php(29): App\Models\UsersModel->loginUser(null, null)
 2 SYSTEMPATH\CodeIgniter.php(928): App\Controllers\Home->LogIn()
 3 SYSTEMPATH\CodeIgniter.php(482): CodeIgniter\CodeIgniter->runController(Object(App\Controllers\Home))
 4 SYSTEMPATH\CodeIgniter.php(351): CodeIgniter\CodeIgniter->handleRequest(null, Object(Config\Cache), false)
 5 FCPATH\index.php(67): CodeIgniter\CodeIgniter->run()
 6 SYSTEMPATH\Commands\Server\rewrite.php(46): require_once('FCPATH\\index.php')
CRITICAL - 2022-11-30 23:43:03 --> App\Models\UsersModel::loginUser(): Argument #1 ($userName) must be of type string, null given, called in C:\xampp\htdocs\TramucaCode\app\Controllers\Home.php on line 29
in APPPATH\Models\UsersModel.php on line 68.
 1 APPPATH\Controllers\Home.php(29): App\Models\UsersModel->loginUser(null, null)
 2 SYSTEMPATH\CodeIgniter.php(928): App\Controllers\Home->LogIn()
 3 SYSTEMPATH\CodeIgniter.php(482): CodeIgniter\CodeIgniter->runController(Object(App\Controllers\Home))
 4 SYSTEMPATH\CodeIgniter.php(351): CodeIgniter\CodeIgniter->handleRequest(null, Object(Config\Cache), false)
 5 FCPATH\index.php(67): CodeIgniter\CodeIgniter->run()
 6 SYSTEMPATH\Commands\Server\rewrite.php(46): require_once('FCPATH\\index.php')
CRITICAL - 2022-11-30 23:43:03 --> App\Models\UsersModel::loginUser(): Argument #1 ($userName) must be of type string, null given, called in C:\xampp\htdocs\TramucaCode\app\Controllers\Home.php on line 29
in APPPATH\Models\UsersModel.php on line 68.
 1 APPPATH\Controllers\Home.php(29): App\Models\UsersModel->loginUser(null, null)
 2 SYSTEMPATH\CodeIgniter.php(928): App\Controllers\Home->LogIn()
 3 SYSTEMPATH\CodeIgniter.php(482): CodeIgniter\CodeIgniter->runController(Object(App\Controllers\Home))
 4 SYSTEMPATH\CodeIgniter.php(351): CodeIgniter\CodeIgniter->handleRequest(null, Object(Config\Cache), false)
 5 FCPATH\index.php(67): CodeIgniter\CodeIgniter->run()
 6 SYSTEMPATH\Commands\Server\rewrite.php(46): require_once('FCPATH\\index.php')
CRITICAL - 2022-11-30 23:47:44 --> App\Models\UsersModel::loginUser(): Argument #1 ($userName) must be of type string, null given, called in C:\xampp\htdocs\TramucaCode\app\Controllers\Home.php on line 29
in APPPATH\Models\UsersModel.php on line 68.
 1 APPPATH\Controllers\Home.php(29): App\Models\UsersModel->loginUser(null, null)
 2 SYSTEMPATH\CodeIgniter.php(928): App\Controllers\Home->LogIn()
 3 SYSTEMPATH\CodeIgniter.php(482): CodeIgniter\CodeIgniter->runController(Object(App\Controllers\Home))
 4 SYSTEMPATH\CodeIgniter.php(351): CodeIgniter\CodeIgniter->handleRequest(null, Object(Config\Cache), false)
 5 FCPATH\index.php(67): CodeIgniter\CodeIgniter->run()
 6 SYSTEMPATH\Commands\Server\rewrite.php(46): require_once('FCPATH\\index.php')
CRITICAL - 2022-11-30 23:47:45 --> App\Models\UsersModel::loginUser(): Argument #1 ($userName) must be of type string, null given, called in C:\xampp\htdocs\TramucaCode\app\Controllers\Home.php on line 29
in APPPATH\Models\UsersModel.php on line 68.
 1 APPPATH\Controllers\Home.php(29): App\Models\UsersModel->loginUser(null, null)
 2 SYSTEMPATH\CodeIgniter.php(928): App\Controllers\Home->LogIn()
 3 SYSTEMPATH\CodeIgniter.php(482): CodeIgniter\CodeIgniter->runController(Object(App\Controllers\Home))
 4 SYSTEMPATH\CodeIgniter.php(351): CodeIgniter\CodeIgniter->handleRequest(null, Object(Config\Cache), false)
 5 FCPATH\index.php(67): CodeIgniter\CodeIgniter->run()
 6 SYSTEMPATH\Commands\Server\rewrite.php(46): require_once('FCPATH\\index.php')
CRITICAL - 2022-11-30 23:47:49 --> App\Models\UsersModel::loginUser(): Argument #1 ($userName) must be of type string, null given, called in C:\xampp\htdocs\TramucaCode\app\Controllers\Home.php on line 29
in APPPATH\Models\UsersModel.php on line 68.
 1 APPPATH\Controllers\Home.php(29): App\Models\UsersModel->loginUser(null, null)
 2 SYSTEMPATH\CodeIgniter.php(928): App\Controllers\Home->LogIn()
 3 SYSTEMPATH\CodeIgniter.php(482): CodeIgniter\CodeIgniter->runController(Object(App\Controllers\Home))
 4 SYSTEMPATH\CodeIgniter.php(351): CodeIgniter\CodeIgniter->handleRequest(null, Object(Config\Cache), false)
 5 FCPATH\index.php(67): CodeIgniter\CodeIgniter->run()
 6 SYSTEMPATH\Commands\Server\rewrite.php(46): require_once('FCPATH\\index.php')
CRITICAL - 2022-11-30 23:47:50 --> App\Models\UsersModel::loginUser(): Argument #1 ($userName) must be of type string, null given, called in C:\xampp\htdocs\TramucaCode\app\Controllers\Home.php on line 29
in APPPATH\Models\UsersModel.php on line 68.
 1 APPPATH\Controllers\Home.php(29): App\Models\UsersModel->loginUser(null, null)
 2 SYSTEMPATH\CodeIgniter.php(928): App\Controllers\Home->LogIn()
 3 SYSTEMPATH\CodeIgniter.php(482): CodeIgniter\CodeIgniter->runController(Object(App\Controllers\Home))
 4 SYSTEMPATH\CodeIgniter.php(351): CodeIgniter\CodeIgniter->handleRequest(null, Object(Config\Cache), false)
 5 FCPATH\index.php(67): CodeIgniter\CodeIgniter->run()
 6 SYSTEMPATH\Commands\Server\rewrite.php(46): require_once('FCPATH\\index.php')
CRITICAL - 2022-11-30 23:47:51 --> App\Models\UsersModel::loginUser(): Argument #1 ($userName) must be of type string, null given, called in C:\xampp\htdocs\TramucaCode\app\Controllers\Home.php on line 29
in APPPATH\Models\UsersModel.php on line 68.
 1 APPPATH\Controllers\Home.php(29): App\Models\UsersModel->loginUser(null, null)
 2 SYSTEMPATH\CodeIgniter.php(928): App\Controllers\Home->LogIn()
 3 SYSTEMPATH\CodeIgniter.php(482): CodeIgniter\CodeIgniter->runController(Object(App\Controllers\Home))
 4 SYSTEMPATH\CodeIgniter.php(351): CodeIgniter\CodeIgniter->handleRequest(null, Object(Config\Cache), false)
 5 FCPATH\index.php(67): CodeIgniter\CodeIgniter->run()
 6 SYSTEMPATH\Commands\Server\rewrite.php(46): require_once('FCPATH\\index.php')
CRITICAL - 2022-11-30 23:47:51 --> App\Models\UsersModel::loginUser(): Argument #1 ($userName) must be of type string, null given, called in C:\xampp\htdocs\TramucaCode\app\Controllers\Home.php on line 29
in APPPATH\Models\UsersModel.php on line 68.
 1 APPPATH\Controllers\Home.php(29): App\Models\UsersModel->loginUser(null, null)
 2 SYSTEMPATH\CodeIgniter.php(928): App\Controllers\Home->LogIn()
 3 SYSTEMPATH\CodeIgniter.php(482): CodeIgniter\CodeIgniter->runController(Object(App\Controllers\Home))
 4 SYSTEMPATH\CodeIgniter.php(351): CodeIgniter\CodeIgniter->handleRequest(null, Object(Config\Cache), false)
 5 FCPATH\index.php(67): CodeIgniter\CodeIgniter->run()
 6 SYSTEMPATH\Commands\Server\rewrite.php(46): require_once('FCPATH\\index.php')
ERROR - 2022-11-30 23:48:45 --> mysqli_sql_exception: Cannot delete or update a parent row: a foreign key constraint fails (`autopartes_calidad`.`tb_boleta`, CONSTRAINT `tb_boleta_ibfk_1` FOREIGN KEY (`id_cliente`) REFERENCES `tb_cliente` (`id_cliente`)) in C:\xampp\htdocs\TramucaCode\system\Database\MySQLi\Connection.php:292
Stack trace:
#0 C:\xampp\htdocs\TramucaCode\system\Database\MySQLi\Connection.php(292): mysqli->query('DELETE FROM `tb...', 0)
#1 C:\xampp\htdocs\TramucaCode\system\Database\BaseConnection.php(666): CodeIgniter\Database\MySQLi\Connection->execute('DELETE FROM `tb...')
#2 C:\xampp\htdocs\TramucaCode\system\Database\BaseConnection.php(593): CodeIgniter\Database\BaseConnection->simpleQuery('DELETE FROM `tb...')
#3 C:\xampp\htdocs\TramucaCode\system\Database\BaseBuilder.php(2391): CodeIgniter\Database\BaseConnection->query('DELETE FROM `tb...', Array, false)
#4 C:\xampp\htdocs\TramucaCode\system\Model.php(401): CodeIgniter\Database\BaseBuilder->delete()
#5 C:\xampp\htdocs\TramucaCode\system\BaseModel.php(984): CodeIgniter\Model->doDelete(Array, false)
#6 C:\xampp\htdocs\TramucaCode\app\Controllers\ClienteController.php(39): CodeIgniter\BaseModel->delete(Array)
#7 C:\xampp\htdocs\TramucaCode\system\CodeIgniter.php(928): App\Controllers\ClienteController->borrar()
#8 C:\xampp\htdocs\TramucaCode\system\CodeIgniter.php(482): CodeIgniter\CodeIgniter->runController(Object(App\Controllers\ClienteController))
#9 C:\xampp\htdocs\TramucaCode\system\CodeIgniter.php(351): CodeIgniter\CodeIgniter->handleRequest(NULL, Object(Config\Cache), false)
#10 C:\xampp\htdocs\TramucaCode\public\index.php(67): CodeIgniter\CodeIgniter->run()
#11 C:\xampp\htdocs\TramucaCode\system\Commands\Server\rewrite.php(46): require_once('C:\\xampp\\htdocs...')
#12 {main}
CRITICAL - 2022-11-30 23:48:45 --> Cannot delete or update a parent row: a foreign key constraint fails (`autopartes_calidad`.`tb_boleta`, CONSTRAINT `tb_boleta_ibfk_1` FOREIGN KEY (`id_cliente`) REFERENCES `tb_cliente` (`id_cliente`))
in SYSTEMPATH\Database\MySQLi\Connection.php on line 292.
 1 SYSTEMPATH\Database\MySQLi\Connection.php(292): mysqli->query('DELETE FROM `tb_cliente`
WHERE `id_cliente` = \'1\'
AND `id_cliente` IN (\'1\')', 0)
 2 SYSTEMPATH\Database\BaseConnection.php(666): CodeIgniter\Database\MySQLi\Connection->execute('DELETE FROM `tb_cliente`
WHERE `id_cliente` = \'1\'
AND `id_cliente` IN (\'1\')')
 3 SYSTEMPATH\Database\BaseConnection.php(593): CodeIgniter\Database\BaseConnection->simpleQuery('DELETE FROM `tb_cliente`
WHERE `id_cliente` = \'1\'
AND `id_cliente` IN (\'1\')')
 4 SYSTEMPATH\Database\BaseBuilder.php(2391): CodeIgniter\Database\BaseConnection->query('DELETE FROM `tb_cliente`
WHERE `id_cliente` = :id_cliente:
AND `id_cliente` IN :id_cliente.1:', [...], false)
 5 SYSTEMPATH\Model.php(401): CodeIgniter\Database\BaseBuilder->delete()
 6 SYSTEMPATH\BaseModel.php(984): CodeIgniter\Model->doDelete([...], false)
 7 APPPATH\Controllers\ClienteController.php(39): CodeIgniter\BaseModel->delete([...])
 8 SYSTEMPATH\CodeIgniter.php(928): App\Controllers\ClienteController->borrar()
 9 SYSTEMPATH\CodeIgniter.php(482): CodeIgniter\CodeIgniter->runController(Object(App\Controllers\ClienteController))
10 SYSTEMPATH\CodeIgniter.php(351): CodeIgniter\CodeIgniter->handleRequest(null, Object(Config\Cache), false)
11 FCPATH\index.php(67): CodeIgniter\CodeIgniter->run()
12 SYSTEMPATH\Commands\Server\rewrite.php(46): require_once('FCPATH\\index.php')
CRITICAL - 2022-11-30 23:49:55 --> App\Models\UsersModel::loginUser(): Argument #1 ($userName) must be of type string, null given, called in C:\xampp\htdocs\TramucaCode\app\Controllers\Home.php on line 29
in APPPATH\Models\UsersModel.php on line 68.
 1 APPPATH\Controllers\Home.php(29): App\Models\UsersModel->loginUser(null, null)
 2 SYSTEMPATH\CodeIgniter.php(928): App\Controllers\Home->LogIn()
 3 SYSTEMPATH\CodeIgniter.php(482): CodeIgniter\CodeIgniter->runController(Object(App\Controllers\Home))
 4 SYSTEMPATH\CodeIgniter.php(351): CodeIgniter\CodeIgniter->handleRequest(null, Object(Config\Cache), false)
 5 FCPATH\index.php(67): CodeIgniter\CodeIgniter->run()
 6 SYSTEMPATH\Commands\Server\rewrite.php(46): require_once('FCPATH\\index.php')
CRITICAL - 2022-11-30 23:49:56 --> App\Models\UsersModel::loginUser(): Argument #1 ($userName) must be of type string, null given, called in C:\xampp\htdocs\TramucaCode\app\Controllers\Home.php on line 29
in APPPATH\Models\UsersModel.php on line 68.
 1 APPPATH\Controllers\Home.php(29): App\Models\UsersModel->loginUser(null, null)
 2 SYSTEMPATH\CodeIgniter.php(928): App\Controllers\Home->LogIn()
 3 SYSTEMPATH\CodeIgniter.php(482): CodeIgniter\CodeIgniter->runController(Object(App\Controllers\Home))
 4 SYSTEMPATH\CodeIgniter.php(351): CodeIgniter\CodeIgniter->handleRequest(null, Object(Config\Cache), false)
 5 FCPATH\index.php(67): CodeIgniter\CodeIgniter->run()
 6 SYSTEMPATH\Commands\Server\rewrite.php(46): require_once('FCPATH\\index.php')
CRITICAL - 2022-11-30 23:49:56 --> App\Models\UsersModel::loginUser(): Argument #1 ($userName) must be of type string, null given, called in C:\xampp\htdocs\TramucaCode\app\Controllers\Home.php on line 29
in APPPATH\Models\UsersModel.php on line 68.
 1 APPPATH\Controllers\Home.php(29): App\Models\UsersModel->loginUser(null, null)
 2 SYSTEMPATH\CodeIgniter.php(928): App\Controllers\Home->LogIn()
 3 SYSTEMPATH\CodeIgniter.php(482): CodeIgniter\CodeIgniter->runController(Object(App\Controllers\Home))
 4 SYSTEMPATH\CodeIgniter.php(351): CodeIgniter\CodeIgniter->handleRequest(null, Object(Config\Cache), false)
 5 FCPATH\index.php(67): CodeIgniter\CodeIgniter->run()
 6 SYSTEMPATH\Commands\Server\rewrite.php(46): require_once('FCPATH\\index.php')
CRITICAL - 2022-11-30 23:49:57 --> App\Models\UsersModel::loginUser(): Argument #1 ($userName) must be of type string, null given, called in C:\xampp\htdocs\TramucaCode\app\Controllers\Home.php on line 29
in APPPATH\Models\UsersModel.php on line 68.
 1 APPPATH\Controllers\Home.php(29): App\Models\UsersModel->loginUser(null, null)
 2 SYSTEMPATH\CodeIgniter.php(928): App\Controllers\Home->LogIn()
 3 SYSTEMPATH\CodeIgniter.php(482): CodeIgniter\CodeIgniter->runController(Object(App\Controllers\Home))
 4 SYSTEMPATH\CodeIgniter.php(351): CodeIgniter\CodeIgniter->handleRequest(null, Object(Config\Cache), false)
 5 FCPATH\index.php(67): CodeIgniter\CodeIgniter->run()
 6 SYSTEMPATH\Commands\Server\rewrite.php(46): require_once('FCPATH\\index.php')
CRITICAL - 2022-11-30 23:49:57 --> App\Models\UsersModel::loginUser(): Argument #1 ($userName) must be of type string, null given, called in C:\xampp\htdocs\TramucaCode\app\Controllers\Home.php on line 29
in APPPATH\Models\UsersModel.php on line 68.
 1 APPPATH\Controllers\Home.php(29): App\Models\UsersModel->loginUser(null, null)
 2 SYSTEMPATH\CodeIgniter.php(928): App\Controllers\Home->LogIn()
 3 SYSTEMPATH\CodeIgniter.php(482): CodeIgniter\CodeIgniter->runController(Object(App\Controllers\Home))
 4 SYSTEMPATH\CodeIgniter.php(351): CodeIgniter\CodeIgniter->handleRequest(null, Object(Config\Cache), false)
 5 FCPATH\index.php(67): CodeIgniter\CodeIgniter->run()
 6 SYSTEMPATH\Commands\Server\rewrite.php(46): require_once('FCPATH\\index.php')
CRITICAL - 2022-11-30 23:49:57 --> App\Models\UsersModel::loginUser(): Argument #1 ($userName) must be of type string, null given, called in C:\xampp\htdocs\TramucaCode\app\Controllers\Home.php on line 29
in APPPATH\Models\UsersModel.php on line 68.
 1 APPPATH\Controllers\Home.php(29): App\Models\UsersModel->loginUser(null, null)
 2 SYSTEMPATH\CodeIgniter.php(928): App\Controllers\Home->LogIn()
 3 SYSTEMPATH\CodeIgniter.php(482): CodeIgniter\CodeIgniter->runController(Object(App\Controllers\Home))
 4 SYSTEMPATH\CodeIgniter.php(351): CodeIgniter\CodeIgniter->handleRequest(null, Object(Config\Cache), false)
 5 FCPATH\index.php(67): CodeIgniter\CodeIgniter->run()
 6 SYSTEMPATH\Commands\Server\rewrite.php(46): require_once('FCPATH\\index.php')
CRITICAL - 2022-11-30 23:49:58 --> App\Models\UsersModel::loginUser(): Argument #1 ($userName) must be of type string, null given, called in C:\xampp\htdocs\TramucaCode\app\Controllers\Home.php on line 29
in APPPATH\Models\UsersModel.php on line 68.
 1 APPPATH\Controllers\Home.php(29): App\Models\UsersModel->loginUser(null, null)
 2 SYSTEMPATH\CodeIgniter.php(928): App\Controllers\Home->LogIn()
 3 SYSTEMPATH\CodeIgniter.php(482): CodeIgniter\CodeIgniter->runController(Object(App\Controllers\Home))
 4 SYSTEMPATH\CodeIgniter.php(351): CodeIgniter\CodeIgniter->handleRequest(null, Object(Config\Cache), false)
 5 FCPATH\index.php(67): CodeIgniter\CodeIgniter->run()
 6 SYSTEMPATH\Commands\Server\rewrite.php(46): require_once('FCPATH\\index.php')
CRITICAL - 2022-11-30 23:49:58 --> App\Models\UsersModel::loginUser(): Argument #1 ($userName) must be of type string, null given, called in C:\xampp\htdocs\TramucaCode\app\Controllers\Home.php on line 29
in APPPATH\Models\UsersModel.php on line 68.
 1 APPPATH\Controllers\Home.php(29): App\Models\UsersModel->loginUser(null, null)
 2 SYSTEMPATH\CodeIgniter.php(928): App\Controllers\Home->LogIn()
 3 SYSTEMPATH\CodeIgniter.php(482): CodeIgniter\CodeIgniter->runController(Object(App\Controllers\Home))
 4 SYSTEMPATH\CodeIgniter.php(351): CodeIgniter\CodeIgniter->handleRequest(null, Object(Config\Cache), false)
 5 FCPATH\index.php(67): CodeIgniter\CodeIgniter->run()
 6 SYSTEMPATH\Commands\Server\rewrite.php(46): require_once('FCPATH\\index.php')
CRITICAL - 2022-11-30 23:49:59 --> App\Models\UsersModel::loginUser(): Argument #1 ($userName) must be of type string, null given, called in C:\xampp\htdocs\TramucaCode\app\Controllers\Home.php on line 29
in APPPATH\Models\UsersModel.php on line 68.
 1 APPPATH\Controllers\Home.php(29): App\Models\UsersModel->loginUser(null, null)
 2 SYSTEMPATH\CodeIgniter.php(928): App\Controllers\Home->LogIn()
 3 SYSTEMPATH\CodeIgniter.php(482): CodeIgniter\CodeIgniter->runController(Object(App\Controllers\Home))
 4 SYSTEMPATH\CodeIgniter.php(351): CodeIgniter\CodeIgniter->handleRequest(null, Object(Config\Cache), false)
 5 FCPATH\index.php(67): CodeIgniter\CodeIgniter->run()
 6 SYSTEMPATH\Commands\Server\rewrite.php(46): require_once('FCPATH\\index.php')
CRITICAL - 2022-11-30 23:50:00 --> App\Models\UsersModel::loginUser(): Argument #1 ($userName) must be of type string, null given, called in C:\xampp\htdocs\TramucaCode\app\Controllers\Home.php on line 29
in APPPATH\Models\UsersModel.php on line 68.
 1 APPPATH\Controllers\Home.php(29): App\Models\UsersModel->loginUser(null, null)
 2 SYSTEMPATH\CodeIgniter.php(928): App\Controllers\Home->LogIn()
 3 SYSTEMPATH\CodeIgniter.php(482): CodeIgniter\CodeIgniter->runController(Object(App\Controllers\Home))
 4 SYSTEMPATH\CodeIgniter.php(351): CodeIgniter\CodeIgniter->handleRequest(null, Object(Config\Cache), false)
 5 FCPATH\index.php(67): CodeIgniter\CodeIgniter->run()
 6 SYSTEMPATH\Commands\Server\rewrite.php(46): require_once('FCPATH\\index.php')
CRITICAL - 2022-11-30 23:50:00 --> App\Models\UsersModel::loginUser(): Argument #1 ($userName) must be of type string, null given, called in C:\xampp\htdocs\TramucaCode\app\Controllers\Home.php on line 29
in APPPATH\Models\UsersModel.php on line 68.
 1 APPPATH\Controllers\Home.php(29): App\Models\UsersModel->loginUser(null, null)
 2 SYSTEMPATH\CodeIgniter.php(928): App\Controllers\Home->LogIn()
 3 SYSTEMPATH\CodeIgniter.php(482): CodeIgniter\CodeIgniter->runController(Object(App\Controllers\Home))
 4 SYSTEMPATH\CodeIgniter.php(351): CodeIgniter\CodeIgniter->handleRequest(null, Object(Config\Cache), false)
 5 FCPATH\index.php(67): CodeIgniter\CodeIgniter->run()
 6 SYSTEMPATH\Commands\Server\rewrite.php(46): require_once('FCPATH\\index.php')
CRITICAL - 2022-11-30 23:50:04 --> App\Models\UsersModel::loginUser(): Argument #1 ($userName) must be of type string, null given, called in C:\xampp\htdocs\TramucaCode\app\Controllers\Home.php on line 29
in APPPATH\Models\UsersModel.php on line 68.
 1 APPPATH\Controllers\Home.php(29): App\Models\UsersModel->loginUser(null, null)
 2 SYSTEMPATH\CodeIgniter.php(928): App\Controllers\Home->LogIn()
 3 SYSTEMPATH\CodeIgniter.php(482): CodeIgniter\CodeIgniter->runController(Object(App\Controllers\Home))
 4 SYSTEMPATH\CodeIgniter.php(351): CodeIgniter\CodeIgniter->handleRequest(null, Object(Config\Cache), false)
 5 FCPATH\index.php(67): CodeIgniter\CodeIgniter->run()
 6 SYSTEMPATH\Commands\Server\rewrite.php(46): require_once('FCPATH\\index.php')
CRITICAL - 2022-11-30 23:50:05 --> App\Models\UsersModel::loginUser(): Argument #1 ($userName) must be of type string, null given, called in C:\xampp\htdocs\TramucaCode\app\Controllers\Home.php on line 29
in APPPATH\Models\UsersModel.php on line 68.
 1 APPPATH\Controllers\Home.php(29): App\Models\UsersModel->loginUser(null, null)
 2 SYSTEMPATH\CodeIgniter.php(928): App\Controllers\Home->LogIn()
 3 SYSTEMPATH\CodeIgniter.php(482): CodeIgniter\CodeIgniter->runController(Object(App\Controllers\Home))
 4 SYSTEMPATH\CodeIgniter.php(351): CodeIgniter\CodeIgniter->handleRequest(null, Object(Config\Cache), false)
 5 FCPATH\index.php(67): CodeIgniter\CodeIgniter->run()
 6 SYSTEMPATH\Commands\Server\rewrite.php(46): require_once('FCPATH\\index.php')
CRITICAL - 2022-11-30 23:50:05 --> App\Models\UsersModel::loginUser(): Argument #1 ($userName) must be of type string, null given, called in C:\xampp\htdocs\TramucaCode\app\Controllers\Home.php on line 29
in APPPATH\Models\UsersModel.php on line 68.
 1 APPPATH\Controllers\Home.php(29): App\Models\UsersModel->loginUser(null, null)
 2 SYSTEMPATH\CodeIgniter.php(928): App\Controllers\Home->LogIn()
 3 SYSTEMPATH\CodeIgniter.php(482): CodeIgniter\CodeIgniter->runController(Object(App\Controllers\Home))
 4 SYSTEMPATH\CodeIgniter.php(351): CodeIgniter\CodeIgniter->handleRequest(null, Object(Config\Cache), false)
 5 FCPATH\index.php(67): CodeIgniter\CodeIgniter->run()
 6 SYSTEMPATH\Commands\Server\rewrite.php(46): require_once('FCPATH\\index.php')
CRITICAL - 2022-11-30 23:50:05 --> App\Models\UsersModel::loginUser(): Argument #1 ($userName) must be of type string, null given, called in C:\xampp\htdocs\TramucaCode\app\Controllers\Home.php on line 29
in APPPATH\Models\UsersModel.php on line 68.
 1 APPPATH\Controllers\Home.php(29): App\Models\UsersModel->loginUser(null, null)
 2 SYSTEMPATH\CodeIgniter.php(928): App\Controllers\Home->LogIn()
 3 SYSTEMPATH\CodeIgniter.php(482): CodeIgniter\CodeIgniter->runController(Object(App\Controllers\Home))
 4 SYSTEMPATH\CodeIgniter.php(351): CodeIgniter\CodeIgniter->handleRequest(null, Object(Config\Cache), false)
 5 FCPATH\index.php(67): CodeIgniter\CodeIgniter->run()
 6 SYSTEMPATH\Commands\Server\rewrite.php(46): require_once('FCPATH\\index.php')
CRITICAL - 2022-11-30 23:50:06 --> App\Models\UsersModel::loginUser(): Argument #1 ($userName) must be of type string, null given, called in C:\xampp\htdocs\TramucaCode\app\Controllers\Home.php on line 29
in APPPATH\Models\UsersModel.php on line 68.
 1 APPPATH\Controllers\Home.php(29): App\Models\UsersModel->loginUser(null, null)
 2 SYSTEMPATH\CodeIgniter.php(928): App\Controllers\Home->LogIn()
 3 SYSTEMPATH\CodeIgniter.php(482): CodeIgniter\CodeIgniter->runController(Object(App\Controllers\Home))
 4 SYSTEMPATH\CodeIgniter.php(351): CodeIgniter\CodeIgniter->handleRequest(null, Object(Config\Cache), false)
 5 FCPATH\index.php(67): CodeIgniter\CodeIgniter->run()
 6 SYSTEMPATH\Commands\Server\rewrite.php(46): require_once('FCPATH\\index.php')
CRITICAL - 2022-11-30 23:50:13 --> App\Models\UsersModel::loginUser(): Argument #1 ($userName) must be of type string, null given, called in C:\xampp\htdocs\TramucaCode\app\Controllers\Home.php on line 29
in APPPATH\Models\UsersModel.php on line 68.
 1 APPPATH\Controllers\Home.php(29): App\Models\UsersModel->loginUser(null, null)
 2 SYSTEMPATH\CodeIgniter.php(928): App\Controllers\Home->LogIn()
 3 SYSTEMPATH\CodeIgniter.php(482): CodeIgniter\CodeIgniter->runController(Object(App\Controllers\Home))
 4 SYSTEMPATH\CodeIgniter.php(351): CodeIgniter\CodeIgniter->handleRequest(null, Object(Config\Cache), false)
 5 FCPATH\index.php(67): CodeIgniter\CodeIgniter->run()
 6 SYSTEMPATH\Commands\Server\rewrite.php(46): require_once('FCPATH\\index.php')
CRITICAL - 2022-11-30 23:50:14 --> App\Models\UsersModel::loginUser(): Argument #1 ($userName) must be of type string, null given, called in C:\xampp\htdocs\TramucaCode\app\Controllers\Home.php on line 29
in APPPATH\Models\UsersModel.php on line 68.
 1 APPPATH\Controllers\Home.php(29): App\Models\UsersModel->loginUser(null, null)
 2 SYSTEMPATH\CodeIgniter.php(928): App\Controllers\Home->LogIn()
 3 SYSTEMPATH\CodeIgniter.php(482): CodeIgniter\CodeIgniter->runController(Object(App\Controllers\Home))
 4 SYSTEMPATH\CodeIgniter.php(351): CodeIgniter\CodeIgniter->handleRequest(null, Object(Config\Cache), false)
 5 FCPATH\index.php(67): CodeIgniter\CodeIgniter->run()
 6 SYSTEMPATH\Commands\Server\rewrite.php(46): require_once('FCPATH\\index.php')
CRITICAL - 2022-11-30 23:50:14 --> App\Models\UsersModel::loginUser(): Argument #1 ($userName) must be of type string, null given, called in C:\xampp\htdocs\TramucaCode\app\Controllers\Home.php on line 29
in APPPATH\Models\UsersModel.php on line 68.
 1 APPPATH\Controllers\Home.php(29): App\Models\UsersModel->loginUser(null, null)
 2 SYSTEMPATH\CodeIgniter.php(928): App\Controllers\Home->LogIn()
 3 SYSTEMPATH\CodeIgniter.php(482): CodeIgniter\CodeIgniter->runController(Object(App\Controllers\Home))
 4 SYSTEMPATH\CodeIgniter.php(351): CodeIgniter\CodeIgniter->handleRequest(null, Object(Config\Cache), false)
 5 FCPATH\index.php(67): CodeIgniter\CodeIgniter->run()
 6 SYSTEMPATH\Commands\Server\rewrite.php(46): require_once('FCPATH\\index.php')
CRITICAL - 2022-11-30 23:50:14 --> App\Models\UsersModel::loginUser(): Argument #1 ($userName) must be of type string, null given, called in C:\xampp\htdocs\TramucaCode\app\Controllers\Home.php on line 29
in APPPATH\Models\UsersModel.php on line 68.
 1 APPPATH\Controllers\Home.php(29): App\Models\UsersModel->loginUser(null, null)
 2 SYSTEMPATH\CodeIgniter.php(928): App\Controllers\Home->LogIn()
 3 SYSTEMPATH\CodeIgniter.php(482): CodeIgniter\CodeIgniter->runController(Object(App\Controllers\Home))
 4 SYSTEMPATH\CodeIgniter.php(351): CodeIgniter\CodeIgniter->handleRequest(null, Object(Config\Cache), false)
 5 FCPATH\index.php(67): CodeIgniter\CodeIgniter->run()
 6 SYSTEMPATH\Commands\Server\rewrite.php(46): require_once('FCPATH\\index.php')
CRITICAL - 2022-11-30 23:50:14 --> App\Models\UsersModel::loginUser(): Argument #1 ($userName) must be of type string, null given, called in C:\xampp\htdocs\TramucaCode\app\Controllers\Home.php on line 29
in APPPATH\Models\UsersModel.php on line 68.
 1 APPPATH\Controllers\Home.php(29): App\Models\UsersModel->loginUser(null, null)
 2 SYSTEMPATH\CodeIgniter.php(928): App\Controllers\Home->LogIn()
 3 SYSTEMPATH\CodeIgniter.php(482): CodeIgniter\CodeIgniter->runController(Object(App\Controllers\Home))
 4 SYSTEMPATH\CodeIgniter.php(351): CodeIgniter\CodeIgniter->handleRequest(null, Object(Config\Cache), false)
 5 FCPATH\index.php(67): CodeIgniter\CodeIgniter->run()
 6 SYSTEMPATH\Commands\Server\rewrite.php(46): require_once('FCPATH\\index.php')
CRITICAL - 2022-11-30 23:50:15 --> App\Models\UsersModel::loginUser(): Argument #1 ($userName) must be of type string, null given, called in C:\xampp\htdocs\TramucaCode\app\Controllers\Home.php on line 29
in APPPATH\Models\UsersModel.php on line 68.
 1 APPPATH\Controllers\Home.php(29): App\Models\UsersModel->loginUser(null, null)
 2 SYSTEMPATH\CodeIgniter.php(928): App\Controllers\Home->LogIn()
 3 SYSTEMPATH\CodeIgniter.php(482): CodeIgniter\CodeIgniter->runController(Object(App\Controllers\Home))
 4 SYSTEMPATH\CodeIgniter.php(351): CodeIgniter\CodeIgniter->handleRequest(null, Object(Config\Cache), false)
 5 FCPATH\index.php(67): CodeIgniter\CodeIgniter->run()
 6 SYSTEMPATH\Commands\Server\rewrite.php(46): require_once('FCPATH\\index.php')
CRITICAL - 2022-11-30 23:50:18 --> App\Models\UsersModel::loginUser(): Argument #1 ($userName) must be of type string, null given, called in C:\xampp\htdocs\TramucaCode\app\Controllers\Home.php on line 29
in APPPATH\Models\UsersModel.php on line 68.
 1 APPPATH\Controllers\Home.php(29): App\Models\UsersModel->loginUser(null, null)
 2 SYSTEMPATH\CodeIgniter.php(928): App\Controllers\Home->LogIn()
 3 SYSTEMPATH\CodeIgniter.php(482): CodeIgniter\CodeIgniter->runController(Object(App\Controllers\Home))
 4 SYSTEMPATH\CodeIgniter.php(351): CodeIgniter\CodeIgniter->handleRequest(null, Object(Config\Cache), false)
 5 FCPATH\index.php(67): CodeIgniter\CodeIgniter->run()
 6 SYSTEMPATH\Commands\Server\rewrite.php(46): require_once('FCPATH\\index.php')
CRITICAL - 2022-11-30 23:50:19 --> App\Models\UsersModel::loginUser(): Argument #1 ($userName) must be of type string, null given, called in C:\xampp\htdocs\TramucaCode\app\Controllers\Home.php on line 29
in APPPATH\Models\UsersModel.php on line 68.
 1 APPPATH\Controllers\Home.php(29): App\Models\UsersModel->loginUser(null, null)
 2 SYSTEMPATH\CodeIgniter.php(928): App\Controllers\Home->LogIn()
 3 SYSTEMPATH\CodeIgniter.php(482): CodeIgniter\CodeIgniter->runController(Object(App\Controllers\Home))
 4 SYSTEMPATH\CodeIgniter.php(351): CodeIgniter\CodeIgniter->handleRequest(null, Object(Config\Cache), false)
 5 FCPATH\index.php(67): CodeIgniter\CodeIgniter->run()
 6 SYSTEMPATH\Commands\Server\rewrite.php(46): require_once('FCPATH\\index.php')
CRITICAL - 2022-11-30 23:50:20 --> App\Models\UsersModel::loginUser(): Argument #1 ($userName) must be of type string, null given, called in C:\xampp\htdocs\TramucaCode\app\Controllers\Home.php on line 29
in APPPATH\Models\UsersModel.php on line 68.
 1 APPPATH\Controllers\Home.php(29): App\Models\UsersModel->loginUser(null, null)
 2 SYSTEMPATH\CodeIgniter.php(928): App\Controllers\Home->LogIn()
 3 SYSTEMPATH\CodeIgniter.php(482): CodeIgniter\CodeIgniter->runController(Object(App\Controllers\Home))
 4 SYSTEMPATH\CodeIgniter.php(351): CodeIgniter\CodeIgniter->handleRequest(null, Object(Config\Cache), false)
 5 FCPATH\index.php(67): CodeIgniter\CodeIgniter->run()
 6 SYSTEMPATH\Commands\Server\rewrite.php(46): require_once('FCPATH\\index.php')
CRITICAL - 2022-11-30 23:50:20 --> App\Models\UsersModel::loginUser(): Argument #1 ($userName) must be of type string, null given, called in C:\xampp\htdocs\TramucaCode\app\Controllers\Home.php on line 29
in APPPATH\Models\UsersModel.php on line 68.
 1 APPPATH\Controllers\Home.php(29): App\Models\UsersModel->loginUser(null, null)
 2 SYSTEMPATH\CodeIgniter.php(928): App\Controllers\Home->LogIn()
 3 SYSTEMPATH\CodeIgniter.php(482): CodeIgniter\CodeIgniter->runController(Object(App\Controllers\Home))
 4 SYSTEMPATH\CodeIgniter.php(351): CodeIgniter\CodeIgniter->handleRequest(null, Object(Config\Cache), false)
 5 FCPATH\index.php(67): CodeIgniter\CodeIgniter->run()
 6 SYSTEMPATH\Commands\Server\rewrite.php(46): require_once('FCPATH\\index.php')
CRITICAL - 2022-11-30 23:50:21 --> App\Models\UsersModel::loginUser(): Argument #1 ($userName) must be of type string, null given, called in C:\xampp\htdocs\TramucaCode\app\Controllers\Home.php on line 29
in APPPATH\Models\UsersModel.php on line 68.
 1 APPPATH\Controllers\Home.php(29): App\Models\UsersModel->loginUser(null, null)
 2 SYSTEMPATH\CodeIgniter.php(928): App\Controllers\Home->LogIn()
 3 SYSTEMPATH\CodeIgniter.php(482): CodeIgniter\CodeIgniter->runController(Object(App\Controllers\Home))
 4 SYSTEMPATH\CodeIgniter.php(351): CodeIgniter\CodeIgniter->handleRequest(null, Object(Config\Cache), false)
 5 FCPATH\index.php(67): CodeIgniter\CodeIgniter->run()
 6 SYSTEMPATH\Commands\Server\rewrite.php(46): require_once('FCPATH\\index.php')

