CRITICAL - 2022-11-27 17:58:36 --> CodeIgniter\Database\BaseResult::getFirstRow(): Argument #1 ($type) must be of type string, null given, called in C:\xampp\htdocs\MvcTramuca\system\Model.php on line 250
in SYSTEMPATH\Database\BaseResult.php on line 375.
 1 SYSTEMPATH\Model.php(250): CodeIgniter\Database\BaseResult->getFirstRow(null)
 2 SYSTEMPATH\BaseModel.php(623): CodeIgniter\Model->doFirst()
 3 APPPATH\Controllers\Home.php(47): CodeIgniter\BaseModel->first()
 4 SYSTEMPATH\CodeIgniter.php(928): App\Controllers\Home->login2()
 5 SYSTEMPATH\CodeIgniter.php(482): CodeIgniter\CodeIgniter->runController(Object(App\Controllers\Home))
 6 SYSTEMPATH\CodeIgniter.php(351): CodeIgniter\CodeIgniter->handleRequest(null, Object(Config\Cache), false)
 7 FCPATH\index.php(67): CodeIgniter\CodeIgniter->run()
 8 SYSTEMPATH\Commands\Server\rewrite.php(46): require_once('FCPATH\\index.php')
CRITICAL - 2022-11-27 17:58:39 --> CodeIgniter\Database\BaseResult::getFirstRow(): Argument #1 ($type) must be of type string, null given, called in C:\xampp\htdocs\MvcTramuca\system\Model.php on line 250
in SYSTEMPATH\Database\BaseResult.php on line 375.
 1 SYSTEMPATH\Model.php(250): CodeIgniter\Database\BaseResult->getFirstRow(null)
 2 SYSTEMPATH\BaseModel.php(623): CodeIgniter\Model->doFirst()
 3 APPPATH\Controllers\Home.php(47): CodeIgniter\BaseModel->first()
 4 SYSTEMPATH\CodeIgniter.php(928): App\Controllers\Home->login2()
 5 SYSTEMPATH\CodeIgniter.php(482): CodeIgniter\CodeIgniter->runController(Object(App\Controllers\Home))
 6 SYSTEMPATH\CodeIgniter.php(351): CodeIgniter\CodeIgniter->handleRequest(null, Object(Config\Cache), false)
 7 FCPATH\index.php(67): CodeIgniter\CodeIgniter->run()
 8 SYSTEMPATH\Commands\Server\rewrite.php(46): require_once('FCPATH\\index.php')
CRITICAL - 2022-11-27 17:58:44 --> CodeIgniter\Database\BaseResult::getFirstRow(): Argument #1 ($type) must be of type string, null given, called in C:\xampp\htdocs\MvcTramuca\system\Model.php on line 250
in SYSTEMPATH\Database\BaseResult.php on line 375.
 1 SYSTEMPATH\Model.php(250): CodeIgniter\Database\BaseResult->getFirstRow(null)
 2 SYSTEMPATH\BaseModel.php(623): CodeIgniter\Model->doFirst()
 3 APPPATH\Controllers\Home.php(47): CodeIgniter\BaseModel->first()
 4 SYSTEMPATH\CodeIgniter.php(928): App\Controllers\Home->login2()
 5 SYSTEMPATH\CodeIgniter.php(482): CodeIgniter\CodeIgniter->runController(Object(App\Controllers\Home))
 6 SYSTEMPATH\CodeIgniter.php(351): CodeIgniter\CodeIgniter->handleRequest(null, Object(Config\Cache), false)
 7 FCPATH\index.php(67): CodeIgniter\CodeIgniter->run()
 8 SYSTEMPATH\Commands\Server\rewrite.php(46): require_once('FCPATH\\index.php')
CRITICAL - 2022-11-27 17:58:46 --> CodeIgniter\Database\BaseResult::getFirstRow(): Argument #1 ($type) must be of type string, null given, called in C:\xampp\htdocs\MvcTramuca\system\Model.php on line 250
in SYSTEMPATH\Database\BaseResult.php on line 375.
 1 SYSTEMPATH\Model.php(250): CodeIgniter\Database\BaseResult->getFirstRow(null)
 2 SYSTEMPATH\BaseModel.php(623): CodeIgniter\Model->doFirst()
 3 APPPATH\Controllers\Home.php(47): CodeIgniter\BaseModel->first()
 4 SYSTEMPATH\CodeIgniter.php(928): App\Controllers\Home->login2()
 5 SYSTEMPATH\CodeIgniter.php(482): CodeIgniter\CodeIgniter->runController(Object(App\Controllers\Home))
 6 SYSTEMPATH\CodeIgniter.php(351): CodeIgniter\CodeIgniter->handleRequest(null, Object(Config\Cache), false)
 7 FCPATH\index.php(67): CodeIgniter\CodeIgniter->run()
 8 SYSTEMPATH\Commands\Server\rewrite.php(46): require_once('FCPATH\\index.php')
CRITICAL - 2022-11-27 17:58:47 --> CodeIgniter\Database\BaseResult::getFirstRow(): Argument #1 ($type) must be of type string, null given, called in C:\xampp\htdocs\MvcTramuca\system\Model.php on line 250
in SYSTEMPATH\Database\BaseResult.php on line 375.
 1 SYSTEMPATH\Model.php(250): CodeIgniter\Database\BaseResult->getFirstRow(null)
 2 SYSTEMPATH\BaseModel.php(623): CodeIgniter\Model->doFirst()
 3 APPPATH\Controllers\Home.php(47): CodeIgniter\BaseModel->first()
 4 SYSTEMPATH\CodeIgniter.php(928): App\Controllers\Home->login2()
 5 SYSTEMPATH\CodeIgniter.php(482): CodeIgniter\CodeIgniter->runController(Object(App\Controllers\Home))
 6 SYSTEMPATH\CodeIgniter.php(351): CodeIgniter\CodeIgniter->handleRequest(null, Object(Config\Cache), false)
 7 FCPATH\index.php(67): CodeIgniter\CodeIgniter->run()
 8 SYSTEMPATH\Commands\Server\rewrite.php(46): require_once('FCPATH\\index.php')
CRITICAL - 2022-11-27 17:59:04 --> CodeIgniter\Database\BaseResult::getFirstRow(): Argument #1 ($type) must be of type string, null given, called in C:\xampp\htdocs\MvcTramuca\system\Model.php on line 250
in SYSTEMPATH\Database\BaseResult.php on line 375.
 1 SYSTEMPATH\Model.php(250): CodeIgniter\Database\BaseResult->getFirstRow(null)
 2 SYSTEMPATH\BaseModel.php(623): CodeIgniter\Model->doFirst()
 3 APPPATH\Controllers\Home.php(47): CodeIgniter\BaseModel->first()
 4 SYSTEMPATH\CodeIgniter.php(928): App\Controllers\Home->login2()
 5 SYSTEMPATH\CodeIgniter.php(482): CodeIgniter\CodeIgniter->runController(Object(App\Controllers\Home))
 6 SYSTEMPATH\CodeIgniter.php(351): CodeIgniter\CodeIgniter->handleRequest(null, Object(Config\Cache), false)
 7 FCPATH\index.php(67): CodeIgniter\CodeIgniter->run()
 8 SYSTEMPATH\Commands\Server\rewrite.php(46): require_once('FCPATH\\index.php')
CRITICAL - 2022-11-27 18:10:51 --> Trying to access array offset on value of type null
in APPPATH\Controllers\UsuarioController.php on line 19.
 1 APPPATH\Controllers\UsuarioController.php(19): CodeIgniter\Debug\Exceptions->errorHandler(2, 'Trying to access array offset on value of type null', 'APPPATH\\Controllers\\UsuarioController.php', 19)
 2 SYSTEMPATH\CodeIgniter.php(928): App\Controllers\UsuarioController->login2()
 3 SYSTEMPATH\CodeIgniter.php(482): CodeIgniter\CodeIgniter->runController(Object(App\Controllers\UsuarioController))
 4 SYSTEMPATH\CodeIgniter.php(351): CodeIgniter\CodeIgniter->handleRequest(null, Object(Config\Cache), false)
 5 FCPATH\index.php(67): CodeIgniter\CodeIgniter->run()
 6 SYSTEMPATH\Commands\Server\rewrite.php(46): require_once('FCPATH\\index.php')
CRITICAL - 2022-11-27 18:10:54 --> Trying to access array offset on value of type null
in APPPATH\Controllers\UsuarioController.php on line 19.
 1 APPPATH\Controllers\UsuarioController.php(19): CodeIgniter\Debug\Exceptions->errorHandler(2, 'Trying to access array offset on value of type null', 'APPPATH\\Controllers\\UsuarioController.php', 19)
 2 SYSTEMPATH\CodeIgniter.php(928): App\Controllers\UsuarioController->login2()
 3 SYSTEMPATH\CodeIgniter.php(482): CodeIgniter\CodeIgniter->runController(Object(App\Controllers\UsuarioController))
 4 SYSTEMPATH\CodeIgniter.php(351): CodeIgniter\CodeIgniter->handleRequest(null, Object(Config\Cache), false)
 5 FCPATH\index.php(67): CodeIgniter\CodeIgniter->run()
 6 SYSTEMPATH\Commands\Server\rewrite.php(46): require_once('FCPATH\\index.php')
CRITICAL - 2022-11-27 18:10:55 --> Trying to access array offset on value of type null
in APPPATH\Controllers\UsuarioController.php on line 19.
 1 APPPATH\Controllers\UsuarioController.php(19): CodeIgniter\Debug\Exceptions->errorHandler(2, 'Trying to access array offset on value of type null', 'APPPATH\\Controllers\\UsuarioController.php', 19)
 2 SYSTEMPATH\CodeIgniter.php(928): App\Controllers\UsuarioController->login2()
 3 SYSTEMPATH\CodeIgniter.php(482): CodeIgniter\CodeIgniter->runController(Object(App\Controllers\UsuarioController))
 4 SYSTEMPATH\CodeIgniter.php(351): CodeIgniter\CodeIgniter->handleRequest(null, Object(Config\Cache), false)
 5 FCPATH\index.php(67): CodeIgniter\CodeIgniter->run()
 6 SYSTEMPATH\Commands\Server\rewrite.php(46): require_once('FCPATH\\index.php')
CRITICAL - 2022-11-27 18:10:56 --> Trying to access array offset on value of type null
in APPPATH\Controllers\UsuarioController.php on line 19.
 1 APPPATH\Controllers\UsuarioController.php(19): CodeIgniter\Debug\Exceptions->errorHandler(2, 'Trying to access array offset on value of type null', 'APPPATH\\Controllers\\UsuarioController.php', 19)
 2 SYSTEMPATH\CodeIgniter.php(928): App\Controllers\UsuarioController->login2()
 3 SYSTEMPATH\CodeIgniter.php(482): CodeIgniter\CodeIgniter->runController(Object(App\Controllers\UsuarioController))
 4 SYSTEMPATH\CodeIgniter.php(351): CodeIgniter\CodeIgniter->handleRequest(null, Object(Config\Cache), false)
 5 FCPATH\index.php(67): CodeIgniter\CodeIgniter->run()
 6 SYSTEMPATH\Commands\Server\rewrite.php(46): require_once('FCPATH\\index.php')
CRITICAL - 2022-11-27 18:10:56 --> Trying to access array offset on value of type null
in APPPATH\Controllers\UsuarioController.php on line 19.
 1 APPPATH\Controllers\UsuarioController.php(19): CodeIgniter\Debug\Exceptions->errorHandler(2, 'Trying to access array offset on value of type null', 'APPPATH\\Controllers\\UsuarioController.php', 19)
 2 SYSTEMPATH\CodeIgniter.php(928): App\Controllers\UsuarioController->login2()
 3 SYSTEMPATH\CodeIgniter.php(482): CodeIgniter\CodeIgniter->runController(Object(App\Controllers\UsuarioController))
 4 SYSTEMPATH\CodeIgniter.php(351): CodeIgniter\CodeIgniter->handleRequest(null, Object(Config\Cache), false)
 5 FCPATH\index.php(67): CodeIgniter\CodeIgniter->run()
 6 SYSTEMPATH\Commands\Server\rewrite.php(46): require_once('FCPATH\\index.php')
CRITICAL - 2022-11-27 18:10:56 --> Trying to access array offset on value of type null
in APPPATH\Controllers\UsuarioController.php on line 19.
 1 APPPATH\Controllers\UsuarioController.php(19): CodeIgniter\Debug\Exceptions->errorHandler(2, 'Trying to access array offset on value of type null', 'APPPATH\\Controllers\\UsuarioController.php', 19)
 2 SYSTEMPATH\CodeIgniter.php(928): App\Controllers\UsuarioController->login2()
 3 SYSTEMPATH\CodeIgniter.php(482): CodeIgniter\CodeIgniter->runController(Object(App\Controllers\UsuarioController))
 4 SYSTEMPATH\CodeIgniter.php(351): CodeIgniter\CodeIgniter->handleRequest(null, Object(Config\Cache), false)
 5 FCPATH\index.php(67): CodeIgniter\CodeIgniter->run()
 6 SYSTEMPATH\Commands\Server\rewrite.php(46): require_once('FCPATH\\index.php')
CRITICAL - 2022-11-27 18:10:56 --> Trying to access array offset on value of type null
in APPPATH\Controllers\UsuarioController.php on line 19.
 1 APPPATH\Controllers\UsuarioController.php(19): CodeIgniter\Debug\Exceptions->errorHandler(2, 'Trying to access array offset on value of type null', 'APPPATH\\Controllers\\UsuarioController.php', 19)
 2 SYSTEMPATH\CodeIgniter.php(928): App\Controllers\UsuarioController->login2()
 3 SYSTEMPATH\CodeIgniter.php(482): CodeIgniter\CodeIgniter->runController(Object(App\Controllers\UsuarioController))
 4 SYSTEMPATH\CodeIgniter.php(351): CodeIgniter\CodeIgniter->handleRequest(null, Object(Config\Cache), false)
 5 FCPATH\index.php(67): CodeIgniter\CodeIgniter->run()
 6 SYSTEMPATH\Commands\Server\rewrite.php(46): require_once('FCPATH\\index.php')
CRITICAL - 2022-11-27 18:10:56 --> Trying to access array offset on value of type null
in APPPATH\Controllers\UsuarioController.php on line 19.
 1 APPPATH\Controllers\UsuarioController.php(19): CodeIgniter\Debug\Exceptions->errorHandler(2, 'Trying to access array offset on value of type null', 'APPPATH\\Controllers\\UsuarioController.php', 19)
 2 SYSTEMPATH\CodeIgniter.php(928): App\Controllers\UsuarioController->login2()
 3 SYSTEMPATH\CodeIgniter.php(482): CodeIgniter\CodeIgniter->runController(Object(App\Controllers\UsuarioController))
 4 SYSTEMPATH\CodeIgniter.php(351): CodeIgniter\CodeIgniter->handleRequest(null, Object(Config\Cache), false)
 5 FCPATH\index.php(67): CodeIgniter\CodeIgniter->run()
 6 SYSTEMPATH\Commands\Server\rewrite.php(46): require_once('FCPATH\\index.php')
CRITICAL - 2022-11-27 18:10:57 --> Trying to access array offset on value of type null
in APPPATH\Controllers\UsuarioController.php on line 19.
 1 APPPATH\Controllers\UsuarioController.php(19): CodeIgniter\Debug\Exceptions->errorHandler(2, 'Trying to access array offset on value of type null', 'APPPATH\\Controllers\\UsuarioController.php', 19)
 2 SYSTEMPATH\CodeIgniter.php(928): App\Controllers\UsuarioController->login2()
 3 SYSTEMPATH\CodeIgniter.php(482): CodeIgniter\CodeIgniter->runController(Object(App\Controllers\UsuarioController))
 4 SYSTEMPATH\CodeIgniter.php(351): CodeIgniter\CodeIgniter->handleRequest(null, Object(Config\Cache), false)
 5 FCPATH\index.php(67): CodeIgniter\CodeIgniter->run()
 6 SYSTEMPATH\Commands\Server\rewrite.php(46): require_once('FCPATH\\index.php')
CRITICAL - 2022-11-27 18:10:59 --> Trying to access array offset on value of type null
in APPPATH\Controllers\UsuarioController.php on line 19.
 1 APPPATH\Controllers\UsuarioController.php(19): CodeIgniter\Debug\Exceptions->errorHandler(2, 'Trying to access array offset on value of type null', 'APPPATH\\Controllers\\UsuarioController.php', 19)
 2 SYSTEMPATH\CodeIgniter.php(928): App\Controllers\UsuarioController->login2()
 3 SYSTEMPATH\CodeIgniter.php(482): CodeIgniter\CodeIgniter->runController(Object(App\Controllers\UsuarioController))
 4 SYSTEMPATH\CodeIgniter.php(351): CodeIgniter\CodeIgniter->handleRequest(null, Object(Config\Cache), false)
 5 FCPATH\index.php(67): CodeIgniter\CodeIgniter->run()
 6 SYSTEMPATH\Commands\Server\rewrite.php(46): require_once('FCPATH\\index.php')
CRITICAL - 2022-11-27 18:10:59 --> Trying to access array offset on value of type null
in APPPATH\Controllers\UsuarioController.php on line 19.
 1 APPPATH\Controllers\UsuarioController.php(19): CodeIgniter\Debug\Exceptions->errorHandler(2, 'Trying to access array offset on value of type null', 'APPPATH\\Controllers\\UsuarioController.php', 19)
 2 SYSTEMPATH\CodeIgniter.php(928): App\Controllers\UsuarioController->login2()
 3 SYSTEMPATH\CodeIgniter.php(482): CodeIgniter\CodeIgniter->runController(Object(App\Controllers\UsuarioController))
 4 SYSTEMPATH\CodeIgniter.php(351): CodeIgniter\CodeIgniter->handleRequest(null, Object(Config\Cache), false)
 5 FCPATH\index.php(67): CodeIgniter\CodeIgniter->run()
 6 SYSTEMPATH\Commands\Server\rewrite.php(46): require_once('FCPATH\\index.php')
CRITICAL - 2022-11-27 18:11:07 --> Trying to access array offset on value of type null
in APPPATH\Controllers\UsuarioController.php on line 19.
 1 APPPATH\Controllers\UsuarioController.php(19): CodeIgniter\Debug\Exceptions->errorHandler(2, 'Trying to access array offset on value of type null', 'APPPATH\\Controllers\\UsuarioController.php', 19)
 2 SYSTEMPATH\CodeIgniter.php(928): App\Controllers\UsuarioController->login2()
 3 SYSTEMPATH\CodeIgniter.php(482): CodeIgniter\CodeIgniter->runController(Object(App\Controllers\UsuarioController))
 4 SYSTEMPATH\CodeIgniter.php(351): CodeIgniter\CodeIgniter->handleRequest(null, Object(Config\Cache), false)
 5 FCPATH\index.php(67): CodeIgniter\CodeIgniter->run()
 6 SYSTEMPATH\Commands\Server\rewrite.php(46): require_once('FCPATH\\index.php')
CRITICAL - 2022-11-27 18:11:09 --> Trying to access array offset on value of type null
in APPPATH\Controllers\UsuarioController.php on line 19.
 1 APPPATH\Controllers\UsuarioController.php(19): CodeIgniter\Debug\Exceptions->errorHandler(2, 'Trying to access array offset on value of type null', 'APPPATH\\Controllers\\UsuarioController.php', 19)
 2 SYSTEMPATH\CodeIgniter.php(928): App\Controllers\UsuarioController->login2()
 3 SYSTEMPATH\CodeIgniter.php(482): CodeIgniter\CodeIgniter->runController(Object(App\Controllers\UsuarioController))
 4 SYSTEMPATH\CodeIgniter.php(351): CodeIgniter\CodeIgniter->handleRequest(null, Object(Config\Cache), false)
 5 FCPATH\index.php(67): CodeIgniter\CodeIgniter->run()
 6 SYSTEMPATH\Commands\Server\rewrite.php(46): require_once('FCPATH\\index.php')
CRITICAL - 2022-11-27 18:11:11 --> Trying to access array offset on value of type null
in APPPATH\Controllers\UsuarioController.php on line 19.
 1 APPPATH\Controllers\UsuarioController.php(19): CodeIgniter\Debug\Exceptions->errorHandler(2, 'Trying to access array offset on value of type null', 'APPPATH\\Controllers\\UsuarioController.php', 19)
 2 SYSTEMPATH\CodeIgniter.php(928): App\Controllers\UsuarioController->login2()
 3 SYSTEMPATH\CodeIgniter.php(482): CodeIgniter\CodeIgniter->runController(Object(App\Controllers\UsuarioController))
 4 SYSTEMPATH\CodeIgniter.php(351): CodeIgniter\CodeIgniter->handleRequest(null, Object(Config\Cache), false)
 5 FCPATH\index.php(67): CodeIgniter\CodeIgniter->run()
 6 SYSTEMPATH\Commands\Server\rewrite.php(46): require_once('FCPATH\\index.php')
CRITICAL - 2022-11-27 18:11:12 --> Trying to access array offset on value of type null
in APPPATH\Controllers\UsuarioController.php on line 19.
 1 APPPATH\Controllers\UsuarioController.php(19): CodeIgniter\Debug\Exceptions->errorHandler(2, 'Trying to access array offset on value of type null', 'APPPATH\\Controllers\\UsuarioController.php', 19)
 2 SYSTEMPATH\CodeIgniter.php(928): App\Controllers\UsuarioController->login2()
 3 SYSTEMPATH\CodeIgniter.php(482): CodeIgniter\CodeIgniter->runController(Object(App\Controllers\UsuarioController))
 4 SYSTEMPATH\CodeIgniter.php(351): CodeIgniter\CodeIgniter->handleRequest(null, Object(Config\Cache), false)
 5 FCPATH\index.php(67): CodeIgniter\CodeIgniter->run()
 6 SYSTEMPATH\Commands\Server\rewrite.php(46): require_once('FCPATH\\index.php')
CRITICAL - 2022-11-27 18:11:13 --> Trying to access array offset on value of type null
in APPPATH\Controllers\UsuarioController.php on line 19.
 1 APPPATH\Controllers\UsuarioController.php(19): CodeIgniter\Debug\Exceptions->errorHandler(2, 'Trying to access array offset on value of type null', 'APPPATH\\Controllers\\UsuarioController.php', 19)
 2 SYSTEMPATH\CodeIgniter.php(928): App\Controllers\UsuarioController->login2()
 3 SYSTEMPATH\CodeIgniter.php(482): CodeIgniter\CodeIgniter->runController(Object(App\Controllers\UsuarioController))
 4 SYSTEMPATH\CodeIgniter.php(351): CodeIgniter\CodeIgniter->handleRequest(null, Object(Config\Cache), false)
 5 FCPATH\index.php(67): CodeIgniter\CodeIgniter->run()
 6 SYSTEMPATH\Commands\Server\rewrite.php(46): require_once('FCPATH\\index.php')
CRITICAL - 2022-11-27 18:11:14 --> Trying to access array offset on value of type null
in APPPATH\Controllers\UsuarioController.php on line 19.
 1 APPPATH\Controllers\UsuarioController.php(19): CodeIgniter\Debug\Exceptions->errorHandler(2, 'Trying to access array offset on value of type null', 'APPPATH\\Controllers\\UsuarioController.php', 19)
 2 SYSTEMPATH\CodeIgniter.php(928): App\Controllers\UsuarioController->login2()
 3 SYSTEMPATH\CodeIgniter.php(482): CodeIgniter\CodeIgniter->runController(Object(App\Controllers\UsuarioController))
 4 SYSTEMPATH\CodeIgniter.php(351): CodeIgniter\CodeIgniter->handleRequest(null, Object(Config\Cache), false)
 5 FCPATH\index.php(67): CodeIgniter\CodeIgniter->run()
 6 SYSTEMPATH\Commands\Server\rewrite.php(46): require_once('FCPATH\\index.php')
CRITICAL - 2022-11-27 18:21:22 --> Class "App\Models\ModelAlma" not found
in APPPATH\Controllers\AlmacenController.php on line 11.
 1 SYSTEMPATH\CodeIgniter.php(928): App\Controllers\AlmacenController->index()
 2 SYSTEMPATH\CodeIgniter.php(482): CodeIgniter\CodeIgniter->runController(Object(App\Controllers\AlmacenController))
 3 SYSTEMPATH\CodeIgniter.php(351): CodeIgniter\CodeIgniter->handleRequest(null, Object(Config\Cache), false)
 4 FCPATH\index.php(67): CodeIgniter\CodeIgniter->run()
 5 SYSTEMPATH\Commands\Server\rewrite.php(46): require_once('FCPATH\\index.php')
ERROR - 2022-11-27 18:21:49 --> mysqli_sql_exception: Unknown column 'id_cliente' in 'order clause' in C:\xampp\htdocs\MvcTramuca\system\Database\MySQLi\Connection.php:292
Stack trace:
#0 C:\xampp\htdocs\MvcTramuca\system\Database\MySQLi\Connection.php(292): mysqli->query('SELECT *\nFROM `...', 0)
#1 C:\xampp\htdocs\MvcTramuca\system\Database\BaseConnection.php(666): CodeIgniter\Database\MySQLi\Connection->execute('SELECT *\nFROM `...')
#2 C:\xampp\htdocs\MvcTramuca\system\Database\BaseConnection.php(593): CodeIgniter\Database\BaseConnection->simpleQuery('SELECT *\nFROM `...')
#3 C:\xampp\htdocs\MvcTramuca\system\Database\BaseBuilder.php(1585): CodeIgniter\Database\BaseConnection->query('SELECT *\nFROM `...', Array, false)
#4 C:\xampp\htdocs\MvcTramuca\system\Model.php(223): CodeIgniter\Database\BaseBuilder->get()
#5 C:\xampp\htdocs\MvcTramuca\system\BaseModel.php(585): CodeIgniter\Model->doFindAll(0, 0)
#6 C:\xampp\htdocs\MvcTramuca\app\Controllers\AlmacenController.php(12): CodeIgniter\BaseModel->findAll()
#7 C:\xampp\htdocs\MvcTramuca\system\CodeIgniter.php(928): App\Controllers\AlmacenController->index()
#8 C:\xampp\htdocs\MvcTramuca\system\CodeIgniter.php(482): CodeIgniter\CodeIgniter->runController(Object(App\Controllers\AlmacenController))
#9 C:\xampp\htdocs\MvcTramuca\system\CodeIgniter.php(351): CodeIgniter\CodeIgniter->handleRequest(NULL, Object(Config\Cache), false)
#10 C:\xampp\htdocs\MvcTramuca\public\index.php(67): CodeIgniter\CodeIgniter->run()
#11 C:\xampp\htdocs\MvcTramuca\system\Commands\Server\rewrite.php(46): require_once('C:\\xampp\\htdocs...')
#12 {main}
CRITICAL - 2022-11-27 18:21:49 --> Unknown column 'id_cliente' in 'order clause'
in SYSTEMPATH\Database\MySQLi\Connection.php on line 292.
 1 SYSTEMPATH\Database\MySQLi\Connection.php(292): mysqli->query('SELECT *
FROM `tb_almacen`
ORDER BY `id_cliente` ASC', 0)
 2 SYSTEMPATH\Database\BaseConnection.php(666): CodeIgniter\Database\MySQLi\Connection->execute('SELECT *
FROM `tb_almacen`
ORDER BY `id_cliente` ASC')
 3 SYSTEMPATH\Database\BaseConnection.php(593): CodeIgniter\Database\BaseConnection->simpleQuery('SELECT *
FROM `tb_almacen`
ORDER BY `id_cliente` ASC')
 4 SYSTEMPATH\Database\BaseBuilder.php(1585): CodeIgniter\Database\BaseConnection->query('SELECT *
FROM `tb_almacen`
ORDER BY `id_cliente` ASC', [], false)
 5 SYSTEMPATH\Model.php(223): CodeIgniter\Database\BaseBuilder->get()
 6 SYSTEMPATH\BaseModel.php(585): CodeIgniter\Model->doFindAll(0, 0)
 7 APPPATH\Controllers\AlmacenController.php(12): CodeIgniter\BaseModel->findAll()
 8 SYSTEMPATH\CodeIgniter.php(928): App\Controllers\AlmacenController->index()
 9 SYSTEMPATH\CodeIgniter.php(482): CodeIgniter\CodeIgniter->runController(Object(App\Controllers\AlmacenController))
10 SYSTEMPATH\CodeIgniter.php(351): CodeIgniter\CodeIgniter->handleRequest(null, Object(Config\Cache), false)
11 FCPATH\index.php(67): CodeIgniter\CodeIgniter->run()
12 SYSTEMPATH\Commands\Server\rewrite.php(46): require_once('FCPATH\\index.php')
ERROR - 2022-11-27 18:26:28 --> mysqli_sql_exception: Unknown column 'id_cliente' in 'order clause' in C:\xampp\htdocs\MvcTramuca\system\Database\MySQLi\Connection.php:292
Stack trace:
#0 C:\xampp\htdocs\MvcTramuca\system\Database\MySQLi\Connection.php(292): mysqli->query('SELECT *\nFROM `...', 0)
#1 C:\xampp\htdocs\MvcTramuca\system\Database\BaseConnection.php(666): CodeIgniter\Database\MySQLi\Connection->execute('SELECT *\nFROM `...')
#2 C:\xampp\htdocs\MvcTramuca\system\Database\BaseConnection.php(593): CodeIgniter\Database\BaseConnection->simpleQuery('SELECT *\nFROM `...')
#3 C:\xampp\htdocs\MvcTramuca\system\Database\BaseBuilder.php(1585): CodeIgniter\Database\BaseConnection->query('SELECT *\nFROM `...', Array, false)
#4 C:\xampp\htdocs\MvcTramuca\system\Model.php(223): CodeIgniter\Database\BaseBuilder->get()
#5 C:\xampp\htdocs\MvcTramuca\system\BaseModel.php(585): CodeIgniter\Model->doFindAll(0, 0)
#6 C:\xampp\htdocs\MvcTramuca\app\Controllers\AlmacenController.php(12): CodeIgniter\BaseModel->findAll()
#7 C:\xampp\htdocs\MvcTramuca\system\CodeIgniter.php(928): App\Controllers\AlmacenController->index()
#8 C:\xampp\htdocs\MvcTramuca\system\CodeIgniter.php(482): CodeIgniter\CodeIgniter->runController(Object(App\Controllers\AlmacenController))
#9 C:\xampp\htdocs\MvcTramuca\system\CodeIgniter.php(351): CodeIgniter\CodeIgniter->handleRequest(NULL, Object(Config\Cache), false)
#10 C:\xampp\htdocs\MvcTramuca\public\index.php(67): CodeIgniter\CodeIgniter->run()
#11 C:\xampp\htdocs\MvcTramuca\system\Commands\Server\rewrite.php(46): require_once('C:\\xampp\\htdocs...')
#12 {main}
CRITICAL - 2022-11-27 18:26:28 --> Unknown column 'id_cliente' in 'order clause'
in SYSTEMPATH\Database\MySQLi\Connection.php on line 292.
 1 SYSTEMPATH\Database\MySQLi\Connection.php(292): mysqli->query('SELECT *
FROM `tb_almacen`
ORDER BY `id_cliente` ASC', 0)
 2 SYSTEMPATH\Database\BaseConnection.php(666): CodeIgniter\Database\MySQLi\Connection->execute('SELECT *
FROM `tb_almacen`
ORDER BY `id_cliente` ASC')
 3 SYSTEMPATH\Database\BaseConnection.php(593): CodeIgniter\Database\BaseConnection->simpleQuery('SELECT *
FROM `tb_almacen`
ORDER BY `id_cliente` ASC')
 4 SYSTEMPATH\Database\BaseBuilder.php(1585): CodeIgniter\Database\BaseConnection->query('SELECT *
FROM `tb_almacen`
ORDER BY `id_cliente` ASC', [], false)
 5 SYSTEMPATH\Model.php(223): CodeIgniter\Database\BaseBuilder->get()
 6 SYSTEMPATH\BaseModel.php(585): CodeIgniter\Model->doFindAll(0, 0)
 7 APPPATH\Controllers\AlmacenController.php(12): CodeIgniter\BaseModel->findAll()
 8 SYSTEMPATH\CodeIgniter.php(928): App\Controllers\AlmacenController->index()
 9 SYSTEMPATH\CodeIgniter.php(482): CodeIgniter\CodeIgniter->runController(Object(App\Controllers\AlmacenController))
10 SYSTEMPATH\CodeIgniter.php(351): CodeIgniter\CodeIgniter->handleRequest(null, Object(Config\Cache), false)
11 FCPATH\index.php(67): CodeIgniter\CodeIgniter->run()
12 SYSTEMPATH\Commands\Server\rewrite.php(46): require_once('FCPATH\\index.php')
CRITICAL - 2022-11-27 18:31:36 --> Undefined variable $s
in APPPATH\Views\almacen\almacen.php on line 40.
 1 APPPATH\Views\almacen\almacen.php(40): CodeIgniter\Debug\Exceptions->errorHandler(2, 'Undefined variable $s', 'APPPATH\\Views\\almacen\\almacen.php', 40)
 2 SYSTEMPATH\View\View.php(213): include('APPPATH\\Views\\almacen\\almacen.php')
 3 SYSTEMPATH\View\View.php(216): CodeIgniter\View\View->CodeIgniter\View\{closure}()
 4 SYSTEMPATH\Common.php(1134): CodeIgniter\View\View->render('almacen/almacen', [], true)
 5 APPPATH\Controllers\AlmacenController.php(20): view('almacen/almacen')
 6 SYSTEMPATH\CodeIgniter.php(928): App\Controllers\AlmacenController->index()
 7 SYSTEMPATH\CodeIgniter.php(482): CodeIgniter\CodeIgniter->runController(Object(App\Controllers\AlmacenController))
 8 SYSTEMPATH\CodeIgniter.php(351): CodeIgniter\CodeIgniter->handleRequest(null, Object(Config\Cache), false)
 9 FCPATH\index.php(67): CodeIgniter\CodeIgniter->run()
10 SYSTEMPATH\Commands\Server\rewrite.php(46): require_once('FCPATH\\index.php')
CRITICAL - 2022-11-27 18:33:02 --> Undefined variable $z
in APPPATH\Views\almacen\almacen.php on line 40.
 1 APPPATH\Views\almacen\almacen.php(40): CodeIgniter\Debug\Exceptions->errorHandler(2, 'Undefined variable $z', 'APPPATH\\Views\\almacen\\almacen.php', 40)
 2 SYSTEMPATH\View\View.php(213): include('APPPATH\\Views\\almacen\\almacen.php')
 3 SYSTEMPATH\View\View.php(216): CodeIgniter\View\View->CodeIgniter\View\{closure}()
 4 SYSTEMPATH\Common.php(1134): CodeIgniter\View\View->render('almacen/almacen', [], true)
 5 APPPATH\Controllers\AlmacenController.php(20): view('almacen/almacen')
 6 SYSTEMPATH\CodeIgniter.php(928): App\Controllers\AlmacenController->index()
 7 SYSTEMPATH\CodeIgniter.php(482): CodeIgniter\CodeIgniter->runController(Object(App\Controllers\AlmacenController))
 8 SYSTEMPATH\CodeIgniter.php(351): CodeIgniter\CodeIgniter->handleRequest(null, Object(Config\Cache), false)
 9 FCPATH\index.php(67): CodeIgniter\CodeIgniter->run()
10 SYSTEMPATH\Commands\Server\rewrite.php(46): require_once('FCPATH\\index.php')
CRITICAL - 2022-11-27 18:33:30 --> Undefined array key "Categoria"
in APPPATH\Views\almacen\almacen.php on line 47.
 1 APPPATH\Views\almacen\almacen.php(47): CodeIgniter\Debug\Exceptions->errorHandler(2, 'Undefined array key "Categoria"', 'APPPATH\\Views\\almacen\\almacen.php', 47)
 2 SYSTEMPATH\View\View.php(213): include('APPPATH\\Views\\almacen\\almacen.php')
 3 SYSTEMPATH\View\View.php(216): CodeIgniter\View\View->CodeIgniter\View\{closure}()
 4 SYSTEMPATH\Common.php(1134): CodeIgniter\View\View->render('almacen/almacen', [], true)
 5 APPPATH\Controllers\AlmacenController.php(20): view('almacen/almacen', [...])
 6 SYSTEMPATH\CodeIgniter.php(928): App\Controllers\AlmacenController->index()
 7 SYSTEMPATH\CodeIgniter.php(482): CodeIgniter\CodeIgniter->runController(Object(App\Controllers\AlmacenController))
 8 SYSTEMPATH\CodeIgniter.php(351): CodeIgniter\CodeIgniter->handleRequest(null, Object(Config\Cache), false)
 9 FCPATH\index.php(67): CodeIgniter\CodeIgniter->run()
10 SYSTEMPATH\Commands\Server\rewrite.php(46): require_once('FCPATH\\index.php')
